start of job
eliminating results slurm older than 10 days
2025-04-28 14:14:03
/mnt/beegfs/lcesarini/2025_p_irio/src
no change     /apps/miniconda3/condabin/conda
no change     /apps/miniconda3/bin/conda
no change     /apps/miniconda3/bin/conda-env
no change     /apps/miniconda3/bin/activate
no change     /apps/miniconda3/bin/deactivate
no change     /apps/miniconda3/etc/profile.d/conda.sh
no change     /apps/miniconda3/etc/fish/conf.d/conda.fish
no change     /apps/miniconda3/shell/condabin/Conda.psm1
no change     /apps/miniconda3/shell/condabin/conda-hook.ps1
no change     /apps/miniconda3/lib/python3.9/site-packages/xontrib/conda.xsh
no change     /apps/miniconda3/etc/profile.d/conda.csh
no change     /home/luigi.cesarini/.bashrc
No action taken.

----------------------------------------------
Calling
srun --ntasks=1 --nodes=1 --cpus-per-task=64 python ./clip/clip_ext_wd.py -id 40655 -yr 2002
----------------------------------------------
Namespace(year=2020, id='40903', region='Piemonte', type_flood=None)
Flooded firms in Piemonte for event 40903 in 2020 are 4747 out of 356504

The job was done in 236 seconds

Mon Apr 28 14:17:59 CEST 2025
end of job
