start of job
eliminating results slurm older than 10 days
2025-03-25 16:34:18
/mnt/beegfs/lcesarini/2025_p_irio/src
no change     /apps/miniconda3/condabin/conda
no change     /apps/miniconda3/bin/conda
no change     /apps/miniconda3/bin/conda-env
no change     /apps/miniconda3/bin/activate
no change     /apps/miniconda3/bin/deactivate
no change     /apps/miniconda3/etc/profile.d/conda.sh
no change     /apps/miniconda3/etc/fish/conf.d/conda.fish
no change     /apps/miniconda3/shell/condabin/Conda.psm1
no change     /apps/miniconda3/shell/condabin/conda-hook.ps1
no change     /apps/miniconda3/lib/python3.9/site-packages/xontrib/conda.xsh
no change     /apps/miniconda3/etc/profile.d/conda.csh
no change     /home/luigi.cesarini/.bashrc
No action taken.

----------------------------------------------
Calling
srun --ntasks=1 --nodes=1 --cpus-per-task=32 python ./clip/clip_ext_wd.py
----------------------------------------------
Processing CSV
srun --ntasks=1 --nodes=1 --cpus-per-task=32 python ./clip_ext_wd.py -id 40001 -yr 1950
srun --ntasks=1 --nodes=1 --cpus-per-task=32 python ./clip_ext_wd.py -id 40008 -yr 1950
srun --ntasks=1 --nodes=1 --cpus-per-task=32 python ./clip_ext_wd.py -id 40010 -yr 1950
srun --ntasks=1 --nodes=1 --cpus-per-task=32 python ./clip_ext_wd.py -id 40006 -yr 1950
srun --ntasks=1 --nodes=1 --cpus-per-task=32 python ./clip_ext_wd.py -id 40003 -yr 1950
srun --ntasks=1 --nodes=1 --cpus-per-task=32 python ./clip_ext_wd.py -id 40002 -yr 1950
srun --ntasks=1 --nodes=1 --cpus-per-task=32 python ./clip_ext_wd.py -id 40007 -yr 1950
srun --ntasks=1 --nodes=1 --cpus-per-task=32 python ./clip_ext_wd.py -id 40013 -yr 1951
srun --ntasks=1 --nodes=1 --cpus-per-task=32 python ./clip_ext_wd.py -id 40014 -yr 1951
srun --ntasks=1 --nodes=1 --cpus-per-task=32 python ./clip_ext_wd.py -id 40015 -yr 1951
srun --ntasks=1 --nodes=1 --cpus-per-task=32 python ./clip_ext_wd.py -id 40020 -yr 1951
srun --ntasks=1 --nodes=1 --cpus-per-task=32 python ./clip_ext_wd.py -id 40021 -yr 1951
srun --ntasks=1 --nodes=1 --cpus-per-task=32 python ./clip_ext_wd.py -id 40018 -yr 1951
srun --ntasks=1 --nodes=1 --cpus-per-task=32 python ./clip_ext_wd.py -id 40025 -yr 1951
srun --ntasks=1 --nodes=1 --cpus-per-task=32 python ./clip_ext_wd.py -id 40027 -yr 1951
srun --ntasks=1 --nodes=1 --cpus-per-task=32 python ./clip_ext_wd.py -id 40017 -yr 1951
srun --ntasks=1 --nodes=1 --cpus-per-task=32 python ./clip_ext_wd.py -id 40026 -yr 1951
srun --ntasks=1 --nodes=1 --cpus-per-task=32 python ./clip_ext_wd.py -id 40012 -yr 1951
srun --ntasks=1 --nodes=1 --cpus-per-task=32 python ./clip_ext_wd.py -id 40011 -yr 1951
srun --ntasks=1 --nodes=1 --cpus-per-task=32 python ./clip_ext_wd.py -id 40031 -yr 1952
srun --ntasks=1 --nodes=1 --cpus-per-task=32 python ./clip_ext_wd.py -id 40030 -yr 1952
srun --ntasks=1 --nodes=1 --cpus-per-task=32 python ./clip_ext_wd.py -id 40037 -yr 1952
srun --ntasks=1 --nodes=1 --cpus-per-task=32 python ./clip_ext_wd.py -id 40034 -yr 1952
srun --ntasks=1 --nodes=1 --cpus-per-task=32 python ./clip_ext_wd.py -id 40029 -yr 1952
srun --ntasks=1 --nodes=1 --cpus-per-task=32 python ./clip_ext_wd.py -id 40038 -yr 1952
srun --ntasks=1 --nodes=1 --cpus-per-task=32 python ./clip_ext_wd.py -id 40033 -yr 1952
srun --ntasks=1 --nodes=1 --cpus-per-task=32 python ./clip_ext_wd.py -id 40035 -yr 1952
srun --ntasks=1 --nodes=1 --cpus-per-task=32 python ./clip_ext_wd.py -id 40036 -yr 1952
srun --ntasks=1 --nodes=1 --cpus-per-task=32 python ./clip_ext_wd.py -id 40055 -yr 1953
srun --ntasks=1 --nodes=1 --cpus-per-task=32 python ./clip_ext_wd.py -id 40052 -yr 1953
srun --ntasks=1 --nodes=1 --cpus-per-task=32 python ./clip_ext_wd.py -id 40050 -yr 1953
srun --ntasks=1 --nodes=1 --cpus-per-task=32 python ./clip_ext_wd.py -id 40048 -yr 1953
srun --ntasks=1 --nodes=1 --cpus-per-task=32 python ./clip_ext_wd.py -id 40046 -yr 1953
srun --ntasks=1 --nodes=1 --cpus-per-task=32 python ./clip_ext_wd.py -id 40040 -yr 1953
srun --ntasks=1 --nodes=1 --cpus-per-task=32 python ./clip_ext_wd.py -id 40053 -yr 1953
srun --ntasks=1 --nodes=1 --cpus-per-task=32 python ./clip_ext_wd.py -id 40047 -yr 1953
srun --ntasks=1 --nodes=1 --cpus-per-task=32 python ./clip_ext_wd.py -id 40045 -yr 1953
srun --ntasks=1 --nodes=1 --cpus-per-task=32 python ./clip_ext_wd.py -id 40041 -yr 1953
srun --ntasks=1 --nodes=1 --cpus-per-task=32 python ./clip_ext_wd.py -id 40054 -yr 1953
srun --ntasks=1 --nodes=1 --cpus-per-task=32 python ./clip_ext_wd.py -id 40042 -yr 1953
srun --ntasks=1 --nodes=1 --cpus-per-task=32 python ./clip_ext_wd.py -id 40060 -yr 1954
srun --ntasks=1 --nodes=1 --cpus-per-task=32 python ./clip_ext_wd.py -id 40065 -yr 1954
srun --ntasks=1 --nodes=1 --cpus-per-task=32 python ./clip_ext_wd.py -id 40067 -yr 1954
srun --ntasks=1 --nodes=1 --cpus-per-task=32 python ./clip_ext_wd.py -id 40059 -yr 1954
srun --ntasks=1 --nodes=1 --cpus-per-task=32 python ./clip_ext_wd.py -id 40058 -yr 1954
srun --ntasks=1 --nodes=1 --cpus-per-task=32 python ./clip_ext_wd.py -id 40066 -yr 1954
srun --ntasks=1 --nodes=1 --cpus-per-task=32 python ./clip_ext_wd.py -id 40056 -yr 1954
srun --ntasks=1 --nodes=1 --cpus-per-task=32 python ./clip_ext_wd.py -id 40062 -yr 1954
srun --ntasks=1 --nodes=1 --cpus-per-task=32 python ./clip_ext_wd.py -id 40063 -yr 1954
srun --ntasks=1 --nodes=1 --cpus-per-task=32 python ./clip_ext_wd.py -id 40064 -yr 1954
srun --ntasks=1 --nodes=1 --cpus-per-task=32 python ./clip_ext_wd.py -id 40057 -yr 1954
srun --ntasks=1 --nodes=1 --cpus-per-task=32 python ./clip_ext_wd.py -id 40068 -yr 1955
srun --ntasks=1 --nodes=1 --cpus-per-task=32 python ./clip_ext_wd.py -id 40080 -yr 1955
srun --ntasks=1 --nodes=1 --cpus-per-task=32 python ./clip_ext_wd.py -id 40073 -yr 1955
srun --ntasks=1 --nodes=1 --cpus-per-task=32 python ./clip_ext_wd.py -id 40069 -yr 1955
srun --ntasks=1 --nodes=1 --cpus-per-task=32 python ./clip_ext_wd.py -id 40079 -yr 1955
srun --ntasks=1 --nodes=1 --cpus-per-task=32 python ./clip_ext_wd.py -id 40077 -yr 1955
srun --ntasks=1 --nodes=1 --cpus-per-task=32 python ./clip_ext_wd.py -id 40072 -yr 1955
srun --ntasks=1 --nodes=1 --cpus-per-task=32 python ./clip_ext_wd.py -id 40076 -yr 1955
srun --ntasks=1 --nodes=1 --cpus-per-task=32 python ./clip_ext_wd.py -id 40078 -yr 1955
srun --ntasks=1 --nodes=1 --cpus-per-task=32 python ./clip_ext_wd.py -id 40086 -yr 1956
srun --ntasks=1 --nodes=1 --cpus-per-task=32 python ./clip_ext_wd.py -id 40093 -yr 1956
srun --ntasks=1 --nodes=1 --cpus-per-task=32 python ./clip_ext_wd.py -id 40089 -yr 1956
srun --ntasks=1 --nodes=1 --cpus-per-task=32 python ./clip_ext_wd.py -id 40084 -yr 1956
srun --ntasks=1 --nodes=1 --cpus-per-task=32 python ./clip_ext_wd.py -id 40085 -yr 1956
srun --ntasks=1 --nodes=1 --cpus-per-task=32 python ./clip_ext_wd.py -id 40088 -yr 1956
srun --ntasks=1 --nodes=1 --cpus-per-task=32 python ./clip_ext_wd.py -id 40092 -yr 1956
srun --ntasks=1 --nodes=1 --cpus-per-task=32 python ./clip_ext_wd.py -id 40083 -yr 1956
srun --ntasks=1 --nodes=1 --cpus-per-task=32 python ./clip_ext_wd.py -id 40090 -yr 1956
srun --ntasks=1 --nodes=1 --cpus-per-task=32 python ./clip_ext_wd.py -id 40101 -yr 1957
srun --ntasks=1 --nodes=1 --cpus-per-task=32 python ./clip_ext_wd.py -id 40105 -yr 1957
srun --ntasks=1 --nodes=1 --cpus-per-task=32 python ./clip_ext_wd.py -id 40097 -yr 1957
srun --ntasks=1 --nodes=1 --cpus-per-task=32 python ./clip_ext_wd.py -id 40103 -yr 1957
srun --ntasks=1 --nodes=1 --cpus-per-task=32 python ./clip_ext_wd.py -id 40106 -yr 1957
srun --ntasks=1 --nodes=1 --cpus-per-task=32 python ./clip_ext_wd.py -id 40107 -yr 1957
srun --ntasks=1 --nodes=1 --cpus-per-task=32 python ./clip_ext_wd.py -id 40100 -yr 1957
srun --ntasks=1 --nodes=1 --cpus-per-task=32 python ./clip_ext_wd.py -id 40104 -yr 1957
srun --ntasks=1 --nodes=1 --cpus-per-task=32 python ./clip_ext_wd.py -id 40102 -yr 1957
srun --ntasks=1 --nodes=1 --cpus-per-task=32 python ./clip_ext_wd.py -id 40094 -yr 1957
srun --ntasks=1 --nodes=1 --cpus-per-task=32 python ./clip_ext_wd.py -id 40119 -yr 1958
srun --ntasks=1 --nodes=1 --cpus-per-task=32 python ./clip_ext_wd.py -id 40116 -yr 1958
srun --ntasks=1 --nodes=1 --cpus-per-task=32 python ./clip_ext_wd.py -id 40118 -yr 1958
srun --ntasks=1 --nodes=1 --cpus-per-task=32 python ./clip_ext_wd.py -id 40108 -yr 1958
srun --ntasks=1 --nodes=1 --cpus-per-task=32 python ./clip_ext_wd.py -id 40109 -yr 1958
srun --ntasks=1 --nodes=1 --cpus-per-task=32 python ./clip_ext_wd.py -id 40115 -yr 1958
srun --ntasks=1 --nodes=1 --cpus-per-task=32 python ./clip_ext_wd.py -id 40122 -yr 1959
srun --ntasks=1 --nodes=1 --cpus-per-task=32 python ./clip_ext_wd.py -id 40123 -yr 1959
srun --ntasks=1 --nodes=1 --cpus-per-task=32 python ./clip_ext_wd.py -id 40134 -yr 1959
srun --ntasks=1 --nodes=1 --cpus-per-task=32 python ./clip_ext_wd.py -id 40126 -yr 1959
srun --ntasks=1 --nodes=1 --cpus-per-task=32 python ./clip_ext_wd.py -id 40135 -yr 1959
srun --ntasks=1 --nodes=1 --cpus-per-task=32 python ./clip_ext_wd.py -id 40137 -yr 1959
srun --ntasks=1 --nodes=1 --cpus-per-task=32 python ./clip_ext_wd.py -id 40124 -yr 1959
srun --ntasks=1 --nodes=1 --cpus-per-task=32 python ./clip_ext_wd.py -id 40128 -yr 1959
srun --ntasks=1 --nodes=1 --cpus-per-task=32 python ./clip_ext_wd.py -id 40120 -yr 1959
srun --ntasks=1 --nodes=1 --cpus-per-task=32 python ./clip_ext_wd.py -id 40125 -yr 1959
srun --ntasks=1 --nodes=1 --cpus-per-task=32 python ./clip_ext_wd.py -id 40132 -yr 1959
srun --ntasks=1 --nodes=1 --cpus-per-task=32 python ./clip_ext_wd.py -id 40147 -yr 1960
srun --ntasks=1 --nodes=1 --cpus-per-task=32 python ./clip_ext_wd.py -id 40140 -yr 1960
srun --ntasks=1 --nodes=1 --cpus-per-task=32 python ./clip_ext_wd.py -id 40150 -yr 1960
srun --ntasks=1 --nodes=1 --cpus-per-task=32 python ./clip_ext_wd.py -id 40141 -yr 1960
srun --ntasks=1 --nodes=1 --cpus-per-task=32 python ./clip_ext_wd.py -id 40143 -yr 1960
srun --ntasks=1 --nodes=1 --cpus-per-task=32 python ./clip_ext_wd.py -id 40139 -yr 1960
srun --ntasks=1 --nodes=1 --cpus-per-task=32 python ./clip_ext_wd.py -id 40142 -yr 1960
srun --ntasks=1 --nodes=1 --cpus-per-task=32 python ./clip_ext_wd.py -id 40160 -yr 1961
srun --ntasks=1 --nodes=1 --cpus-per-task=32 python ./clip_ext_wd.py -id 40153 -yr 1961
srun --ntasks=1 --nodes=1 --cpus-per-task=32 python ./clip_ext_wd.py -id 40157 -yr 1961
srun --ntasks=1 --nodes=1 --cpus-per-task=32 python ./clip_ext_wd.py -id 40151 -yr 1961
srun --ntasks=1 --nodes=1 --cpus-per-task=32 python ./clip_ext_wd.py -id 40162 -yr 1961
srun --ntasks=1 --nodes=1 --cpus-per-task=32 python ./clip_ext_wd.py -id 40158 -yr 1961
srun --ntasks=1 --nodes=1 --cpus-per-task=32 python ./clip_ext_wd.py -id 40159 -yr 1961
srun --ntasks=1 --nodes=1 --cpus-per-task=32 python ./clip_ext_wd.py -id 40165 -yr 1962
srun --ntasks=1 --nodes=1 --cpus-per-task=32 python ./clip_ext_wd.py -id 40167 -yr 1962
srun --ntasks=1 --nodes=1 --cpus-per-task=32 python ./clip_ext_wd.py -id 40164 -yr 1962
srun --ntasks=1 --nodes=1 --cpus-per-task=32 python ./clip_ext_wd.py -id 40166 -yr 1962
srun --ntasks=1 --nodes=1 --cpus-per-task=32 python ./clip_ext_wd.py -id 40163 -yr 1962
srun --ntasks=1 --nodes=1 --cpus-per-task=32 python ./clip_ext_wd.py -id 40178 -yr 1963
srun --ntasks=1 --nodes=1 --cpus-per-task=32 python ./clip_ext_wd.py -id 40173 -yr 1963
srun --ntasks=1 --nodes=1 --cpus-per-task=32 python ./clip_ext_wd.py -id 40174 -yr 1963
srun --ntasks=1 --nodes=1 --cpus-per-task=32 python ./clip_ext_wd.py -id 40170 -yr 1963
srun --ntasks=1 --nodes=1 --cpus-per-task=32 python ./clip_ext_wd.py -id 40177 -yr 1963
srun --ntasks=1 --nodes=1 --cpus-per-task=32 python ./clip_ext_wd.py -id 40169 -yr 1963
srun --ntasks=1 --nodes=1 --cpus-per-task=32 python ./clip_ext_wd.py -id 40171 -yr 1963
srun --ntasks=1 --nodes=1 --cpus-per-task=32 python ./clip_ext_wd.py -id 40175 -yr 1963
srun --ntasks=1 --nodes=1 --cpus-per-task=32 python ./clip_ext_wd.py -id 40179 -yr 1963
srun --ntasks=1 --nodes=1 --cpus-per-task=32 python ./clip_ext_wd.py -id 40176 -yr 1963
srun --ntasks=1 --nodes=1 --cpus-per-task=32 python ./clip_ext_wd.py -id 40182 -yr 1964
srun --ntasks=1 --nodes=1 --cpus-per-task=32 python ./clip_ext_wd.py -id 40184 -yr 1964
srun --ntasks=1 --nodes=1 --cpus-per-task=32 python ./clip_ext_wd.py -id 40186 -yr 1964
srun --ntasks=1 --nodes=1 --cpus-per-task=32 python ./clip_ext_wd.py -id 40188 -yr 1964
srun --ntasks=1 --nodes=1 --cpus-per-task=32 python ./clip_ext_wd.py -id 40191 -yr 1964
srun --ntasks=1 --nodes=1 --cpus-per-task=32 python ./clip_ext_wd.py -id 40193 -yr 1964
srun --ntasks=1 --nodes=1 --cpus-per-task=32 python ./clip_ext_wd.py -id 40190 -yr 1964
srun --ntasks=1 --nodes=1 --cpus-per-task=32 python ./clip_ext_wd.py -id 40185 -yr 1964
srun --ntasks=1 --nodes=1 --cpus-per-task=32 python ./clip_ext_wd.py -id 40181 -yr 1964
srun --ntasks=1 --nodes=1 --cpus-per-task=32 python ./clip_ext_wd.py -id 40187 -yr 1964
srun --ntasks=1 --nodes=1 --cpus-per-task=32 python ./clip_ext_wd.py -id 40183 -yr 1964
srun --ntasks=1 --nodes=1 --cpus-per-task=32 python ./clip_ext_wd.py -id 40180 -yr 1964
srun --ntasks=1 --nodes=1 --cpus-per-task=32 python ./clip_ext_wd.py -id 40195 -yr 1965
srun --ntasks=1 --nodes=1 --cpus-per-task=32 python ./clip_ext_wd.py -id 40201 -yr 1965
srun --ntasks=1 --nodes=1 --cpus-per-task=32 python ./clip_ext_wd.py -id 40203 -yr 1965
srun --ntasks=1 --nodes=1 --cpus-per-task=32 python ./clip_ext_wd.py -id 40199 -yr 1965
srun --ntasks=1 --nodes=1 --cpus-per-task=32 python ./clip_ext_wd.py -id 40204 -yr 1965
srun --ntasks=1 --nodes=1 --cpus-per-task=32 python ./clip_ext_wd.py -id 40202 -yr 1965
srun --ntasks=1 --nodes=1 --cpus-per-task=32 python ./clip_ext_wd.py -id 40196 -yr 1965
srun --ntasks=1 --nodes=1 --cpus-per-task=32 python ./clip_ext_wd.py -id 40194 -yr 1965
srun --ntasks=1 --nodes=1 --cpus-per-task=32 python ./clip_ext_wd.py -id 40205 -yr 1965
srun --ntasks=1 --nodes=1 --cpus-per-task=32 python ./clip_ext_wd.py -id 40200 -yr 1965
srun --ntasks=1 --nodes=1 --cpus-per-task=32 python ./clip_ext_wd.py -id 40208 -yr 1965
srun --ntasks=1 --nodes=1 --cpus-per-task=32 python ./clip_ext_wd.py -id 40207 -yr 1965
srun --ntasks=1 --nodes=1 --cpus-per-task=32 python ./clip_ext_wd.py -id 40210 -yr 1966
srun --ntasks=1 --nodes=1 --cpus-per-task=32 python ./clip_ext_wd.py -id 40219 -yr 1966
srun --ntasks=1 --nodes=1 --cpus-per-task=32 python ./clip_ext_wd.py -id 40218 -yr 1966
srun --ntasks=1 --nodes=1 --cpus-per-task=32 python ./clip_ext_wd.py -id 40215 -yr 1966
srun --ntasks=1 --nodes=1 --cpus-per-task=32 python ./clip_ext_wd.py -id 40221 -yr 1966
srun --ntasks=1 --nodes=1 --cpus-per-task=32 python ./clip_ext_wd.py -id 40213 -yr 1966
srun --ntasks=1 --nodes=1 --cpus-per-task=32 python ./clip_ext_wd.py -id 40209 -yr 1966
srun --ntasks=1 --nodes=1 --cpus-per-task=32 python ./clip_ext_wd.py -id 40217 -yr 1966
srun --ntasks=1 --nodes=1 --cpus-per-task=32 python ./clip_ext_wd.py -id 40222 -yr 1966
srun --ntasks=1 --nodes=1 --cpus-per-task=32 python ./clip_ext_wd.py -id 40216 -yr 1966
srun --ntasks=1 --nodes=1 --cpus-per-task=32 python ./clip_ext_wd.py -id 40225 -yr 1967
srun --ntasks=1 --nodes=1 --cpus-per-task=32 python ./clip_ext_wd.py -id 40224 -yr 1967
srun --ntasks=1 --nodes=1 --cpus-per-task=32 python ./clip_ext_wd.py -id 40236 -yr 1967
srun --ntasks=1 --nodes=1 --cpus-per-task=32 python ./clip_ext_wd.py -id 40231 -yr 1967
srun --ntasks=1 --nodes=1 --cpus-per-task=32 python ./clip_ext_wd.py -id 40233 -yr 1967
srun --ntasks=1 --nodes=1 --cpus-per-task=32 python ./clip_ext_wd.py -id 40223 -yr 1967
srun --ntasks=1 --nodes=1 --cpus-per-task=32 python ./clip_ext_wd.py -id 40226 -yr 1967
srun --ntasks=1 --nodes=1 --cpus-per-task=32 python ./clip_ext_wd.py -id 40234 -yr 1967
srun --ntasks=1 --nodes=1 --cpus-per-task=32 python ./clip_ext_wd.py -id 40235 -yr 1967
srun --ntasks=1 --nodes=1 --cpus-per-task=32 python ./clip_ext_wd.py -id 40229 -yr 1967
srun --ntasks=1 --nodes=1 --cpus-per-task=32 python ./clip_ext_wd.py -id 40230 -yr 1967
srun --ntasks=1 --nodes=1 --cpus-per-task=32 python ./clip_ext_wd.py -id 40250 -yr 1968
srun --ntasks=1 --nodes=1 --cpus-per-task=32 python ./clip_ext_wd.py -id 40244 -yr 1968
srun --ntasks=1 --nodes=1 --cpus-per-task=32 python ./clip_ext_wd.py -id 40241 -yr 1968
srun --ntasks=1 --nodes=1 --cpus-per-task=32 python ./clip_ext_wd.py -id 40239 -yr 1968
srun --ntasks=1 --nodes=1 --cpus-per-task=32 python ./clip_ext_wd.py -id 40242 -yr 1968
srun --ntasks=1 --nodes=1 --cpus-per-task=32 python ./clip_ext_wd.py -id 40238 -yr 1968
srun --ntasks=1 --nodes=1 --cpus-per-task=32 python ./clip_ext_wd.py -id 40248 -yr 1968
srun --ntasks=1 --nodes=1 --cpus-per-task=32 python ./clip_ext_wd.py -id 40251 -yr 1968
srun --ntasks=1 --nodes=1 --cpus-per-task=32 python ./clip_ext_wd.py -id 40245 -yr 1968
srun --ntasks=1 --nodes=1 --cpus-per-task=32 python ./clip_ext_wd.py -id 40247 -yr 1968
srun --ntasks=1 --nodes=1 --cpus-per-task=32 python ./clip_ext_wd.py -id 40252 -yr 1968
srun --ntasks=1 --nodes=1 --cpus-per-task=32 python ./clip_ext_wd.py -id 40243 -yr 1968
srun --ntasks=1 --nodes=1 --cpus-per-task=32 python ./clip_ext_wd.py -id 40261 -yr 1969
srun --ntasks=1 --nodes=1 --cpus-per-task=32 python ./clip_ext_wd.py -id 40265 -yr 1969
srun --ntasks=1 --nodes=1 --cpus-per-task=32 python ./clip_ext_wd.py -id 40254 -yr 1969
srun --ntasks=1 --nodes=1 --cpus-per-task=32 python ./clip_ext_wd.py -id 40263 -yr 1969
srun --ntasks=1 --nodes=1 --cpus-per-task=32 python ./clip_ext_wd.py -id 40264 -yr 1969
srun --ntasks=1 --nodes=1 --cpus-per-task=32 python ./clip_ext_wd.py -id 40255 -yr 1969
srun --ntasks=1 --nodes=1 --cpus-per-task=32 python ./clip_ext_wd.py -id 40256 -yr 1969
srun --ntasks=1 --nodes=1 --cpus-per-task=32 python ./clip_ext_wd.py -id 40257 -yr 1969
srun --ntasks=1 --nodes=1 --cpus-per-task=32 python ./clip_ext_wd.py -id 40253 -yr 1969
srun --ntasks=1 --nodes=1 --cpus-per-task=32 python ./clip_ext_wd.py -id 40259 -yr 1969
srun --ntasks=1 --nodes=1 --cpus-per-task=32 python ./clip_ext_wd.py -id 40275 -yr 1970
srun --ntasks=1 --nodes=1 --cpus-per-task=32 python ./clip_ext_wd.py -id 40277 -yr 1970
srun --ntasks=1 --nodes=1 --cpus-per-task=32 python ./clip_ext_wd.py -id 40271 -yr 1970
srun --ntasks=1 --nodes=1 --cpus-per-task=32 python ./clip_ext_wd.py -id 40273 -yr 1970
srun --ntasks=1 --nodes=1 --cpus-per-task=32 python ./clip_ext_wd.py -id 40269 -yr 1970
srun --ntasks=1 --nodes=1 --cpus-per-task=32 python ./clip_ext_wd.py -id 40274 -yr 1970
srun --ntasks=1 --nodes=1 --cpus-per-task=32 python ./clip_ext_wd.py -id 40272 -yr 1970
srun --ntasks=1 --nodes=1 --cpus-per-task=32 python ./clip_ext_wd.py -id 40267 -yr 1970
srun --ntasks=1 --nodes=1 --cpus-per-task=32 python ./clip_ext_wd.py -id 40276 -yr 1970
srun --ntasks=1 --nodes=1 --cpus-per-task=32 python ./clip_ext_wd.py -id 40268 -yr 1970
srun --ntasks=1 --nodes=1 --cpus-per-task=32 python ./clip_ext_wd.py -id 40287 -yr 1971
srun --ntasks=1 --nodes=1 --cpus-per-task=32 python ./clip_ext_wd.py -id 40284 -yr 1971
srun --ntasks=1 --nodes=1 --cpus-per-task=32 python ./clip_ext_wd.py -id 40288 -yr 1971
srun --ntasks=1 --nodes=1 --cpus-per-task=32 python ./clip_ext_wd.py -id 40286 -yr 1971
srun --ntasks=1 --nodes=1 --cpus-per-task=32 python ./clip_ext_wd.py -id 40281 -yr 1971
srun --ntasks=1 --nodes=1 --cpus-per-task=32 python ./clip_ext_wd.py -id 40279 -yr 1971
srun --ntasks=1 --nodes=1 --cpus-per-task=32 python ./clip_ext_wd.py -id 40278 -yr 1971
srun --ntasks=1 --nodes=1 --cpus-per-task=32 python ./clip_ext_wd.py -id 40280 -yr 1971
srun --ntasks=1 --nodes=1 --cpus-per-task=32 python ./clip_ext_wd.py -id 40289 -yr 1971
srun --ntasks=1 --nodes=1 --cpus-per-task=32 python ./clip_ext_wd.py -id 40293 -yr 1972
srun --ntasks=1 --nodes=1 --cpus-per-task=32 python ./clip_ext_wd.py -id 40290 -yr 1972
srun --ntasks=1 --nodes=1 --cpus-per-task=32 python ./clip_ext_wd.py -id 40292 -yr 1972
srun --ntasks=1 --nodes=1 --cpus-per-task=32 python ./clip_ext_wd.py -id 40301 -yr 1972
srun --ntasks=1 --nodes=1 --cpus-per-task=32 python ./clip_ext_wd.py -id 40302 -yr 1972
srun --ntasks=1 --nodes=1 --cpus-per-task=32 python ./clip_ext_wd.py -id 40296 -yr 1972
srun --ntasks=1 --nodes=1 --cpus-per-task=32 python ./clip_ext_wd.py -id 40294 -yr 1972
srun --ntasks=1 --nodes=1 --cpus-per-task=32 python ./clip_ext_wd.py -id 40291 -yr 1972
srun --ntasks=1 --nodes=1 --cpus-per-task=32 python ./clip_ext_wd.py -id 40298 -yr 1972
srun --ntasks=1 --nodes=1 --cpus-per-task=32 python ./clip_ext_wd.py -id 40309 -yr 1973
srun --ntasks=1 --nodes=1 --cpus-per-task=32 python ./clip_ext_wd.py -id 40308 -yr 1973
srun --ntasks=1 --nodes=1 --cpus-per-task=32 python ./clip_ext_wd.py -id 40310 -yr 1973
srun --ntasks=1 --nodes=1 --cpus-per-task=32 python ./clip_ext_wd.py -id 40307 -yr 1973
srun --ntasks=1 --nodes=1 --cpus-per-task=32 python ./clip_ext_wd.py -id 40305 -yr 1973
srun --ntasks=1 --nodes=1 --cpus-per-task=32 python ./clip_ext_wd.py -id 40311 -yr 1973
srun --ntasks=1 --nodes=1 --cpus-per-task=32 python ./clip_ext_wd.py -id 40304 -yr 1973
srun --ntasks=1 --nodes=1 --cpus-per-task=32 python ./clip_ext_wd.py -id 40314 -yr 1973
srun --ntasks=1 --nodes=1 --cpus-per-task=32 python ./clip_ext_wd.py -id 40312 -yr 1973
srun --ntasks=1 --nodes=1 --cpus-per-task=32 python ./clip_ext_wd.py -id 40319 -yr 1974
srun --ntasks=1 --nodes=1 --cpus-per-task=32 python ./clip_ext_wd.py -id 40325 -yr 1974
srun --ntasks=1 --nodes=1 --cpus-per-task=32 python ./clip_ext_wd.py -id 40317 -yr 1974
srun --ntasks=1 --nodes=1 --cpus-per-task=32 python ./clip_ext_wd.py -id 40321 -yr 1974
srun --ntasks=1 --nodes=1 --cpus-per-task=32 python ./clip_ext_wd.py -id 40315 -yr 1974
srun --ntasks=1 --nodes=1 --cpus-per-task=32 python ./clip_ext_wd.py -id 40316 -yr 1974
srun --ntasks=1 --nodes=1 --cpus-per-task=32 python ./clip_ext_wd.py -id 40324 -yr 1974
srun --ntasks=1 --nodes=1 --cpus-per-task=32 python ./clip_ext_wd.py -id 40322 -yr 1974
srun --ntasks=1 --nodes=1 --cpus-per-task=32 python ./clip_ext_wd.py -id 40327 -yr 1975
srun --ntasks=1 --nodes=1 --cpus-per-task=32 python ./clip_ext_wd.py -id 40328 -yr 1975
srun --ntasks=1 --nodes=1 --cpus-per-task=32 python ./clip_ext_wd.py -id 40332 -yr 1975
srun --ntasks=1 --nodes=1 --cpus-per-task=32 python ./clip_ext_wd.py -id 40335 -yr 1975
srun --ntasks=1 --nodes=1 --cpus-per-task=32 python ./clip_ext_wd.py -id 40330 -yr 1975
srun --ntasks=1 --nodes=1 --cpus-per-task=32 python ./clip_ext_wd.py -id 40336 -yr 1975
srun --ntasks=1 --nodes=1 --cpus-per-task=32 python ./clip_ext_wd.py -id 40329 -yr 1975
srun --ntasks=1 --nodes=1 --cpus-per-task=32 python ./clip_ext_wd.py -id 40333 -yr 1975
srun --ntasks=1 --nodes=1 --cpus-per-task=32 python ./clip_ext_wd.py -id 40326 -yr 1975
srun --ntasks=1 --nodes=1 --cpus-per-task=32 python ./clip_ext_wd.py -id 40343 -yr 1976
srun --ntasks=1 --nodes=1 --cpus-per-task=32 python ./clip_ext_wd.py -id 40348 -yr 1976
srun --ntasks=1 --nodes=1 --cpus-per-task=32 python ./clip_ext_wd.py -id 40341 -yr 1976
srun --ntasks=1 --nodes=1 --cpus-per-task=32 python ./clip_ext_wd.py -id 40352 -yr 1976
srun --ntasks=1 --nodes=1 --cpus-per-task=32 python ./clip_ext_wd.py -id 40354 -yr 1976
srun --ntasks=1 --nodes=1 --cpus-per-task=32 python ./clip_ext_wd.py -id 40345 -yr 1976
srun --ntasks=1 --nodes=1 --cpus-per-task=32 python ./clip_ext_wd.py -id 40339 -yr 1976
srun --ntasks=1 --nodes=1 --cpus-per-task=32 python ./clip_ext_wd.py -id 40350 -yr 1976
srun --ntasks=1 --nodes=1 --cpus-per-task=32 python ./clip_ext_wd.py -id 40355 -yr 1976
srun --ntasks=1 --nodes=1 --cpus-per-task=32 python ./clip_ext_wd.py -id 40353 -yr 1976
srun --ntasks=1 --nodes=1 --cpus-per-task=32 python ./clip_ext_wd.py -id 40364 -yr 1977
srun --ntasks=1 --nodes=1 --cpus-per-task=32 python ./clip_ext_wd.py -id 40356 -yr 1977
srun --ntasks=1 --nodes=1 --cpus-per-task=32 python ./clip_ext_wd.py -id 40362 -yr 1977
srun --ntasks=1 --nodes=1 --cpus-per-task=32 python ./clip_ext_wd.py -id 40359 -yr 1977
srun --ntasks=1 --nodes=1 --cpus-per-task=32 python ./clip_ext_wd.py -id 40365 -yr 1977
srun --ntasks=1 --nodes=1 --cpus-per-task=32 python ./clip_ext_wd.py -id 40366 -yr 1977
srun --ntasks=1 --nodes=1 --cpus-per-task=32 python ./clip_ext_wd.py -id 40367 -yr 1977
srun --ntasks=1 --nodes=1 --cpus-per-task=32 python ./clip_ext_wd.py -id 40368 -yr 1977
srun --ntasks=1 --nodes=1 --cpus-per-task=32 python ./clip_ext_wd.py -id 40360 -yr 1977
srun --ntasks=1 --nodes=1 --cpus-per-task=32 python ./clip_ext_wd.py -id 40357 -yr 1977
srun --ntasks=1 --nodes=1 --cpus-per-task=32 python ./clip_ext_wd.py -id 40363 -yr 1977
srun --ntasks=1 --nodes=1 --cpus-per-task=32 python ./clip_ext_wd.py -id 40375 -yr 1978
srun --ntasks=1 --nodes=1 --cpus-per-task=32 python ./clip_ext_wd.py -id 40369 -yr 1978
srun --ntasks=1 --nodes=1 --cpus-per-task=32 python ./clip_ext_wd.py -id 40370 -yr 1978
srun --ntasks=1 --nodes=1 --cpus-per-task=32 python ./clip_ext_wd.py -id 40374 -yr 1978
srun --ntasks=1 --nodes=1 --cpus-per-task=32 python ./clip_ext_wd.py -id 40376 -yr 1978
srun --ntasks=1 --nodes=1 --cpus-per-task=32 python ./clip_ext_wd.py -id 40380 -yr 1978
srun --ntasks=1 --nodes=1 --cpus-per-task=32 python ./clip_ext_wd.py -id 40371 -yr 1978
srun --ntasks=1 --nodes=1 --cpus-per-task=32 python ./clip_ext_wd.py -id 40378 -yr 1978
srun --ntasks=1 --nodes=1 --cpus-per-task=32 python ./clip_ext_wd.py -id 40377 -yr 1978
srun --ntasks=1 --nodes=1 --cpus-per-task=32 python ./clip_ext_wd.py -id 40373 -yr 1978
srun --ntasks=1 --nodes=1 --cpus-per-task=32 python ./clip_ext_wd.py -id 40385 -yr 1979
srun --ntasks=1 --nodes=1 --cpus-per-task=32 python ./clip_ext_wd.py -id 40382 -yr 1979
srun --ntasks=1 --nodes=1 --cpus-per-task=32 python ./clip_ext_wd.py -id 40389 -yr 1979
srun --ntasks=1 --nodes=1 --cpus-per-task=32 python ./clip_ext_wd.py -id 40393 -yr 1979
srun --ntasks=1 --nodes=1 --cpus-per-task=32 python ./clip_ext_wd.py -id 40392 -yr 1979
srun --ntasks=1 --nodes=1 --cpus-per-task=32 python ./clip_ext_wd.py -id 40388 -yr 1979
srun --ntasks=1 --nodes=1 --cpus-per-task=32 python ./clip_ext_wd.py -id 40391 -yr 1979
srun --ntasks=1 --nodes=1 --cpus-per-task=32 python ./clip_ext_wd.py -id 40383 -yr 1979
srun --ntasks=1 --nodes=1 --cpus-per-task=32 python ./clip_ext_wd.py -id 40386 -yr 1979
srun --ntasks=1 --nodes=1 --cpus-per-task=32 python ./clip_ext_wd.py -id 40384 -yr 1979
srun --ntasks=1 --nodes=1 --cpus-per-task=32 python ./clip_ext_wd.py -id 40397 -yr 1980
srun --ntasks=1 --nodes=1 --cpus-per-task=32 python ./clip_ext_wd.py -id 40395 -yr 1980
srun --ntasks=1 --nodes=1 --cpus-per-task=32 python ./clip_ext_wd.py -id 40400 -yr 1980
srun --ntasks=1 --nodes=1 --cpus-per-task=32 python ./clip_ext_wd.py -id 40404 -yr 1980
srun --ntasks=1 --nodes=1 --cpus-per-task=32 python ./clip_ext_wd.py -id 40402 -yr 1980
srun --ntasks=1 --nodes=1 --cpus-per-task=32 python ./clip_ext_wd.py -id 40403 -yr 1980
srun --ntasks=1 --nodes=1 --cpus-per-task=32 python ./clip_ext_wd.py -id 40401 -yr 1980
srun --ntasks=1 --nodes=1 --cpus-per-task=32 python ./clip_ext_wd.py -id 40399 -yr 1980
srun --ntasks=1 --nodes=1 --cpus-per-task=32 python ./clip_ext_wd.py -id 40416 -yr 1981
srun --ntasks=1 --nodes=1 --cpus-per-task=32 python ./clip_ext_wd.py -id 40414 -yr 1981
srun --ntasks=1 --nodes=1 --cpus-per-task=32 python ./clip_ext_wd.py -id 40411 -yr 1981
srun --ntasks=1 --nodes=1 --cpus-per-task=32 python ./clip_ext_wd.py -id 40408 -yr 1981
srun --ntasks=1 --nodes=1 --cpus-per-task=32 python ./clip_ext_wd.py -id 40405 -yr 1981
srun --ntasks=1 --nodes=1 --cpus-per-task=32 python ./clip_ext_wd.py -id 40418 -yr 1981
srun --ntasks=1 --nodes=1 --cpus-per-task=32 python ./clip_ext_wd.py -id 40407 -yr 1981
srun --ntasks=1 --nodes=1 --cpus-per-task=32 python ./clip_ext_wd.py -id 40410 -yr 1981
srun --ntasks=1 --nodes=1 --cpus-per-task=32 python ./clip_ext_wd.py -id 40415 -yr 1981
srun --ntasks=1 --nodes=1 --cpus-per-task=32 python ./clip_ext_wd.py -id 40429 -yr 1982
srun --ntasks=1 --nodes=1 --cpus-per-task=32 python ./clip_ext_wd.py -id 40427 -yr 1982
srun --ntasks=1 --nodes=1 --cpus-per-task=32 python ./clip_ext_wd.py -id 40420 -yr 1982
srun --ntasks=1 --nodes=1 --cpus-per-task=32 python ./clip_ext_wd.py -id 40426 -yr 1982
srun --ntasks=1 --nodes=1 --cpus-per-task=32 python ./clip_ext_wd.py -id 40423 -yr 1982
srun --ntasks=1 --nodes=1 --cpus-per-task=32 python ./clip_ext_wd.py -id 40421 -yr 1982
srun --ntasks=1 --nodes=1 --cpus-per-task=32 python ./clip_ext_wd.py -id 40428 -yr 1982
srun --ntasks=1 --nodes=1 --cpus-per-task=32 python ./clip_ext_wd.py -id 40424 -yr 1982
srun --ntasks=1 --nodes=1 --cpus-per-task=32 python ./clip_ext_wd.py -id 40422 -yr 1982
srun --ntasks=1 --nodes=1 --cpus-per-task=32 python ./clip_ext_wd.py -id 40432 -yr 1983
srun --ntasks=1 --nodes=1 --cpus-per-task=32 python ./clip_ext_wd.py -id 40437 -yr 1983
srun --ntasks=1 --nodes=1 --cpus-per-task=32 python ./clip_ext_wd.py -id 40433 -yr 1983
srun --ntasks=1 --nodes=1 --cpus-per-task=32 python ./clip_ext_wd.py -id 40435 -yr 1983
srun --ntasks=1 --nodes=1 --cpus-per-task=32 python ./clip_ext_wd.py -id 40430 -yr 1983
srun --ntasks=1 --nodes=1 --cpus-per-task=32 python ./clip_ext_wd.py -id 40442 -yr 1983
srun --ntasks=1 --nodes=1 --cpus-per-task=32 python ./clip_ext_wd.py -id 40441 -yr 1983
srun --ntasks=1 --nodes=1 --cpus-per-task=32 python ./clip_ext_wd.py -id 40431 -yr 1983
srun --ntasks=1 --nodes=1 --cpus-per-task=32 python ./clip_ext_wd.py -id 40455 -yr 1984
srun --ntasks=1 --nodes=1 --cpus-per-task=32 python ./clip_ext_wd.py -id 40456 -yr 1984
srun --ntasks=1 --nodes=1 --cpus-per-task=32 python ./clip_ext_wd.py -id 40445 -yr 1984
srun --ntasks=1 --nodes=1 --cpus-per-task=32 python ./clip_ext_wd.py -id 40450 -yr 1984
srun --ntasks=1 --nodes=1 --cpus-per-task=32 python ./clip_ext_wd.py -id 40453 -yr 1984
srun --ntasks=1 --nodes=1 --cpus-per-task=32 python ./clip_ext_wd.py -id 40443 -yr 1984
srun --ntasks=1 --nodes=1 --cpus-per-task=32 python ./clip_ext_wd.py -id 40446 -yr 1984
srun --ntasks=1 --nodes=1 --cpus-per-task=32 python ./clip_ext_wd.py -id 40448 -yr 1984
srun --ntasks=1 --nodes=1 --cpus-per-task=32 python ./clip_ext_wd.py -id 40452 -yr 1984
srun --ntasks=1 --nodes=1 --cpus-per-task=32 python ./clip_ext_wd.py -id 40447 -yr 1984
srun --ntasks=1 --nodes=1 --cpus-per-task=32 python ./clip_ext_wd.py -id 40462 -yr 1985
srun --ntasks=1 --nodes=1 --cpus-per-task=32 python ./clip_ext_wd.py -id 40459 -yr 1985
srun --ntasks=1 --nodes=1 --cpus-per-task=32 python ./clip_ext_wd.py -id 40461 -yr 1985
srun --ntasks=1 --nodes=1 --cpus-per-task=32 python ./clip_ext_wd.py -id 40465 -yr 1985
srun --ntasks=1 --nodes=1 --cpus-per-task=32 python ./clip_ext_wd.py -id 40463 -yr 1985
srun --ntasks=1 --nodes=1 --cpus-per-task=32 python ./clip_ext_wd.py -id 40460 -yr 1985
srun --ntasks=1 --nodes=1 --cpus-per-task=32 python ./clip_ext_wd.py -id 40467 -yr 1986
srun --ntasks=1 --nodes=1 --cpus-per-task=32 python ./clip_ext_wd.py -id 40468 -yr 1986
srun --ntasks=1 --nodes=1 --cpus-per-task=32 python ./clip_ext_wd.py -id 40473 -yr 1986
srun --ntasks=1 --nodes=1 --cpus-per-task=32 python ./clip_ext_wd.py -id 40469 -yr 1986
srun --ntasks=1 --nodes=1 --cpus-per-task=32 python ./clip_ext_wd.py -id 40466 -yr 1986
srun --ntasks=1 --nodes=1 --cpus-per-task=32 python ./clip_ext_wd.py -id 40470 -yr 1986
srun --ntasks=1 --nodes=1 --cpus-per-task=32 python ./clip_ext_wd.py -id 40475 -yr 1987
srun --ntasks=1 --nodes=1 --cpus-per-task=32 python ./clip_ext_wd.py -id 40478 -yr 1987
srun --ntasks=1 --nodes=1 --cpus-per-task=32 python ./clip_ext_wd.py -id 40489 -yr 1987
srun --ntasks=1 --nodes=1 --cpus-per-task=32 python ./clip_ext_wd.py -id 40485 -yr 1987
srun --ntasks=1 --nodes=1 --cpus-per-task=32 python ./clip_ext_wd.py -id 40480 -yr 1987
srun --ntasks=1 --nodes=1 --cpus-per-task=32 python ./clip_ext_wd.py -id 40487 -yr 1987
srun --ntasks=1 --nodes=1 --cpus-per-task=32 python ./clip_ext_wd.py -id 40476 -yr 1987
srun --ntasks=1 --nodes=1 --cpus-per-task=32 python ./clip_ext_wd.py -id 40477 -yr 1987
srun --ntasks=1 --nodes=1 --cpus-per-task=32 python ./clip_ext_wd.py -id 40479 -yr 1987
srun --ntasks=1 --nodes=1 --cpus-per-task=32 python ./clip_ext_wd.py -id 40484 -yr 1987
srun --ntasks=1 --nodes=1 --cpus-per-task=32 python ./clip_ext_wd.py -id 40486 -yr 1987
srun --ntasks=1 --nodes=1 --cpus-per-task=32 python ./clip_ext_wd.py -id 40488 -yr 1987
srun --ntasks=1 --nodes=1 --cpus-per-task=32 python ./clip_ext_wd.py -id 40494 -yr 1988
srun --ntasks=1 --nodes=1 --cpus-per-task=32 python ./clip_ext_wd.py -id 40503 -yr 1988
srun --ntasks=1 --nodes=1 --cpus-per-task=32 python ./clip_ext_wd.py -id 40500 -yr 1988
srun --ntasks=1 --nodes=1 --cpus-per-task=32 python ./clip_ext_wd.py -id 40495 -yr 1988
srun --ntasks=1 --nodes=1 --cpus-per-task=32 python ./clip_ext_wd.py -id 40499 -yr 1988
srun --ntasks=1 --nodes=1 --cpus-per-task=32 python ./clip_ext_wd.py -id 40501 -yr 1988
srun --ntasks=1 --nodes=1 --cpus-per-task=32 python ./clip_ext_wd.py -id 40492 -yr 1988
srun --ntasks=1 --nodes=1 --cpus-per-task=32 python ./clip_ext_wd.py -id 40496 -yr 1988
srun --ntasks=1 --nodes=1 --cpus-per-task=32 python ./clip_ext_wd.py -id 40498 -yr 1988
srun --ntasks=1 --nodes=1 --cpus-per-task=32 python ./clip_ext_wd.py -id 40511 -yr 1989
srun --ntasks=1 --nodes=1 --cpus-per-task=32 python ./clip_ext_wd.py -id 40510 -yr 1989
srun --ntasks=1 --nodes=1 --cpus-per-task=32 python ./clip_ext_wd.py -id 40512 -yr 1989
srun --ntasks=1 --nodes=1 --cpus-per-task=32 python ./clip_ext_wd.py -id 40515 -yr 1989
srun --ntasks=1 --nodes=1 --cpus-per-task=32 python ./clip_ext_wd.py -id 40504 -yr 1989
srun --ntasks=1 --nodes=1 --cpus-per-task=32 python ./clip_ext_wd.py -id 40508 -yr 1989
srun --ntasks=1 --nodes=1 --cpus-per-task=32 python ./clip_ext_wd.py -id 40505 -yr 1989
srun --ntasks=1 --nodes=1 --cpus-per-task=32 python ./clip_ext_wd.py -id 40507 -yr 1989
srun --ntasks=1 --nodes=1 --cpus-per-task=32 python ./clip_ext_wd.py -id 40513 -yr 1989
srun --ntasks=1 --nodes=1 --cpus-per-task=32 python ./clip_ext_wd.py -id 40516 -yr 1990
srun --ntasks=1 --nodes=1 --cpus-per-task=32 python ./clip_ext_wd.py -id 40521 -yr 1990
srun --ntasks=1 --nodes=1 --cpus-per-task=32 python ./clip_ext_wd.py -id 40520 -yr 1990
srun --ntasks=1 --nodes=1 --cpus-per-task=32 python ./clip_ext_wd.py -id 40518 -yr 1990
srun --ntasks=1 --nodes=1 --cpus-per-task=32 python ./clip_ext_wd.py -id 40522 -yr 1990
srun --ntasks=1 --nodes=1 --cpus-per-task=32 python ./clip_ext_wd.py -id 40530 -yr 1991
srun --ntasks=1 --nodes=1 --cpus-per-task=32 python ./clip_ext_wd.py -id 40532 -yr 1991
srun --ntasks=1 --nodes=1 --cpus-per-task=32 python ./clip_ext_wd.py -id 40529 -yr 1991
srun --ntasks=1 --nodes=1 --cpus-per-task=32 python ./clip_ext_wd.py -id 40528 -yr 1991
srun --ntasks=1 --nodes=1 --cpus-per-task=32 python ./clip_ext_wd.py -id 40523 -yr 1991
srun --ntasks=1 --nodes=1 --cpus-per-task=32 python ./clip_ext_wd.py -id 40527 -yr 1991
srun --ntasks=1 --nodes=1 --cpus-per-task=32 python ./clip_ext_wd.py -id 40526 -yr 1991
srun --ntasks=1 --nodes=1 --cpus-per-task=32 python ./clip_ext_wd.py -id 40525 -yr 1991
srun --ntasks=1 --nodes=1 --cpus-per-task=32 python ./clip_ext_wd.py -id 40531 -yr 1991
srun --ntasks=1 --nodes=1 --cpus-per-task=32 python ./clip_ext_wd.py -id 40538 -yr 1992
srun --ntasks=1 --nodes=1 --cpus-per-task=32 python ./clip_ext_wd.py -id 40536 -yr 1992
srun --ntasks=1 --nodes=1 --cpus-per-task=32 python ./clip_ext_wd.py -id 40545 -yr 1992
srun --ntasks=1 --nodes=1 --cpus-per-task=32 python ./clip_ext_wd.py -id 40540 -yr 1992
srun --ntasks=1 --nodes=1 --cpus-per-task=32 python ./clip_ext_wd.py -id 40543 -yr 1992
srun --ntasks=1 --nodes=1 --cpus-per-task=32 python ./clip_ext_wd.py -id 40533 -yr 1992
srun --ntasks=1 --nodes=1 --cpus-per-task=32 python ./clip_ext_wd.py -id 40546 -yr 1992
srun --ntasks=1 --nodes=1 --cpus-per-task=32 python ./clip_ext_wd.py -id 40534 -yr 1992
srun --ntasks=1 --nodes=1 --cpus-per-task=32 python ./clip_ext_wd.py -id 40535 -yr 1992
srun --ntasks=1 --nodes=1 --cpus-per-task=32 python ./clip_ext_wd.py -id 40542 -yr 1992
srun --ntasks=1 --nodes=1 --cpus-per-task=32 python ./clip_ext_wd.py -id 40549 -yr 1993
srun --ntasks=1 --nodes=1 --cpus-per-task=32 python ./clip_ext_wd.py -id 40557 -yr 1993
srun --ntasks=1 --nodes=1 --cpus-per-task=32 python ./clip_ext_wd.py -id 40558 -yr 1993
srun --ntasks=1 --nodes=1 --cpus-per-task=32 python ./clip_ext_wd.py -id 40547 -yr 1993
srun --ntasks=1 --nodes=1 --cpus-per-task=32 python ./clip_ext_wd.py -id 40552 -yr 1993
srun --ntasks=1 --nodes=1 --cpus-per-task=32 python ./clip_ext_wd.py -id 40559 -yr 1993
srun --ntasks=1 --nodes=1 --cpus-per-task=32 python ./clip_ext_wd.py -id 40548 -yr 1993
srun --ntasks=1 --nodes=1 --cpus-per-task=32 python ./clip_ext_wd.py -id 40556 -yr 1993
srun --ntasks=1 --nodes=1 --cpus-per-task=32 python ./clip_ext_wd.py -id 40555 -yr 1993
srun --ntasks=1 --nodes=1 --cpus-per-task=32 python ./clip_ext_wd.py -id 40567 -yr 1994
srun --ntasks=1 --nodes=1 --cpus-per-task=32 python ./clip_ext_wd.py -id 40561 -yr 1994
srun --ntasks=1 --nodes=1 --cpus-per-task=32 python ./clip_ext_wd.py -id 40563 -yr 1994
srun --ntasks=1 --nodes=1 --cpus-per-task=32 python ./clip_ext_wd.py -id 40566 -yr 1994
srun --ntasks=1 --nodes=1 --cpus-per-task=32 python ./clip_ext_wd.py -id 40560 -yr 1994
srun --ntasks=1 --nodes=1 --cpus-per-task=32 python ./clip_ext_wd.py -id 40562 -yr 1994
srun --ntasks=1 --nodes=1 --cpus-per-task=32 python ./clip_ext_wd.py -id 40564 -yr 1994
srun --ntasks=1 --nodes=1 --cpus-per-task=32 python ./clip_ext_wd.py -id 40575 -yr 1995
srun --ntasks=1 --nodes=1 --cpus-per-task=32 python ./clip_ext_wd.py -id 40574 -yr 1995
srun --ntasks=1 --nodes=1 --cpus-per-task=32 python ./clip_ext_wd.py -id 40573 -yr 1995
srun --ntasks=1 --nodes=1 --cpus-per-task=32 python ./clip_ext_wd.py -id 40569 -yr 1995
srun --ntasks=1 --nodes=1 --cpus-per-task=32 python ./clip_ext_wd.py -id 40578 -yr 1995
srun --ntasks=1 --nodes=1 --cpus-per-task=32 python ./clip_ext_wd.py -id 40571 -yr 1995
srun --ntasks=1 --nodes=1 --cpus-per-task=32 python ./clip_ext_wd.py -id 40581 -yr 1995
srun --ntasks=1 --nodes=1 --cpus-per-task=32 python ./clip_ext_wd.py -id 40582 -yr 1996
srun --ntasks=1 --nodes=1 --cpus-per-task=32 python ./clip_ext_wd.py -id 40585 -yr 1996
srun --ntasks=1 --nodes=1 --cpus-per-task=32 python ./clip_ext_wd.py -id 40590 -yr 1996
srun --ntasks=1 --nodes=1 --cpus-per-task=32 python ./clip_ext_wd.py -id 40586 -yr 1996
srun --ntasks=1 --nodes=1 --cpus-per-task=32 python ./clip_ext_wd.py -id 40589 -yr 1996
srun --ntasks=1 --nodes=1 --cpus-per-task=32 python ./clip_ext_wd.py -id 40584 -yr 1996
srun --ntasks=1 --nodes=1 --cpus-per-task=32 python ./clip_ext_wd.py -id 40583 -yr 1996
srun --ntasks=1 --nodes=1 --cpus-per-task=32 python ./clip_ext_wd.py -id 40591 -yr 1996
srun --ntasks=1 --nodes=1 --cpus-per-task=32 python ./clip_ext_wd.py -id 40592 -yr 1996
srun --ntasks=1 --nodes=1 --cpus-per-task=32 python ./clip_ext_wd.py -id 40600 -yr 1997
srun --ntasks=1 --nodes=1 --cpus-per-task=32 python ./clip_ext_wd.py -id 40597 -yr 1997
srun --ntasks=1 --nodes=1 --cpus-per-task=32 python ./clip_ext_wd.py -id 40594 -yr 1997
srun --ntasks=1 --nodes=1 --cpus-per-task=32 python ./clip_ext_wd.py -id 40593 -yr 1997
srun --ntasks=1 --nodes=1 --cpus-per-task=32 python ./clip_ext_wd.py -id 40595 -yr 1997
srun --ntasks=1 --nodes=1 --cpus-per-task=32 python ./clip_ext_wd.py -id 40599 -yr 1997
srun --ntasks=1 --nodes=1 --cpus-per-task=32 python ./clip_ext_wd.py -id 40607 -yr 1998
srun --ntasks=1 --nodes=1 --cpus-per-task=32 python ./clip_ext_wd.py -id 40604 -yr 1998
srun --ntasks=1 --nodes=1 --cpus-per-task=32 python ./clip_ext_wd.py -id 40609 -yr 1998
srun --ntasks=1 --nodes=1 --cpus-per-task=32 python ./clip_ext_wd.py -id 40610 -yr 1998
srun --ntasks=1 --nodes=1 --cpus-per-task=32 python ./clip_ext_wd.py -id 40611 -yr 1998
srun --ntasks=1 --nodes=1 --cpus-per-task=32 python ./clip_ext_wd.py -id 40613 -yr 1998
srun --ntasks=1 --nodes=1 --cpus-per-task=32 python ./clip_ext_wd.py -id 40601 -yr 1998
srun --ntasks=1 --nodes=1 --cpus-per-task=32 python ./clip_ext_wd.py -id 40603 -yr 1998
srun --ntasks=1 --nodes=1 --cpus-per-task=32 python ./clip_ext_wd.py -id 40605 -yr 1998
srun --ntasks=1 --nodes=1 --cpus-per-task=32 python ./clip_ext_wd.py -id 40602 -yr 1998
srun --ntasks=1 --nodes=1 --cpus-per-task=32 python ./clip_ext_wd.py -id 40626 -yr 1999
srun --ntasks=1 --nodes=1 --cpus-per-task=32 python ./clip_ext_wd.py -id 40621 -yr 1999
srun --ntasks=1 --nodes=1 --cpus-per-task=32 python ./clip_ext_wd.py -id 40623 -yr 1999
srun --ntasks=1 --nodes=1 --cpus-per-task=32 python ./clip_ext_wd.py -id 40620 -yr 1999
srun --ntasks=1 --nodes=1 --cpus-per-task=32 python ./clip_ext_wd.py -id 40627 -yr 1999
srun --ntasks=1 --nodes=1 --cpus-per-task=32 python ./clip_ext_wd.py -id 40619 -yr 1999
srun --ntasks=1 --nodes=1 --cpus-per-task=32 python ./clip_ext_wd.py -id 40628 -yr 1999
srun --ntasks=1 --nodes=1 --cpus-per-task=32 python ./clip_ext_wd.py -id 40615 -yr 1999
srun --ntasks=1 --nodes=1 --cpus-per-task=32 python ./clip_ext_wd.py -id 40625 -yr 1999
srun --ntasks=1 --nodes=1 --cpus-per-task=32 python ./clip_ext_wd.py -id 40618 -yr 1999
srun --ntasks=1 --nodes=1 --cpus-per-task=32 python ./clip_ext_wd.py -id 40638 -yr 2000
srun --ntasks=1 --nodes=1 --cpus-per-task=32 python ./clip_ext_wd.py -id 40630 -yr 2000
srun --ntasks=1 --nodes=1 --cpus-per-task=32 python ./clip_ext_wd.py -id 40634 -yr 2000
srun --ntasks=1 --nodes=1 --cpus-per-task=32 python ./clip_ext_wd.py -id 40633 -yr 2000
srun --ntasks=1 --nodes=1 --cpus-per-task=32 python ./clip_ext_wd.py -id 40632 -yr 2000
srun --ntasks=1 --nodes=1 --cpus-per-task=32 python ./clip_ext_wd.py -id 40641 -yr 2000
srun --ntasks=1 --nodes=1 --cpus-per-task=32 python ./clip_ext_wd.py -id 40636 -yr 2000
srun --ntasks=1 --nodes=1 --cpus-per-task=32 python ./clip_ext_wd.py -id 40639 -yr 2000
srun --ntasks=1 --nodes=1 --cpus-per-task=32 python ./clip_ext_wd.py -id 40640 -yr 2000
srun --ntasks=1 --nodes=1 --cpus-per-task=32 python ./clip_ext_wd.py -id 40629 -yr 2000
srun --ntasks=1 --nodes=1 --cpus-per-task=32 python ./clip_ext_wd.py -id 40648 -yr 2001
srun --ntasks=1 --nodes=1 --cpus-per-task=32 python ./clip_ext_wd.py -id 40643 -yr 2001
srun --ntasks=1 --nodes=1 --cpus-per-task=32 python ./clip_ext_wd.py -id 40649 -yr 2001
srun --ntasks=1 --nodes=1 --cpus-per-task=32 python ./clip_ext_wd.py -id 40644 -yr 2001
srun --ntasks=1 --nodes=1 --cpus-per-task=32 python ./clip_ext_wd.py -id 40645 -yr 2001
srun --ntasks=1 --nodes=1 --cpus-per-task=32 python ./clip_ext_wd.py -id 40642 -yr 2001
srun --ntasks=1 --nodes=1 --cpus-per-task=32 python ./clip_ext_wd.py -id 40659 -yr 2002
srun --ntasks=1 --nodes=1 --cpus-per-task=32 python ./clip_ext_wd.py -id 40657 -yr 2002
srun --ntasks=1 --nodes=1 --cpus-per-task=32 python ./clip_ext_wd.py -id 40658 -yr 2002
srun --ntasks=1 --nodes=1 --cpus-per-task=32 python ./clip_ext_wd.py -id 40656 -yr 2002
srun --ntasks=1 --nodes=1 --cpus-per-task=32 python ./clip_ext_wd.py -id 40664 -yr 2002
srun --ntasks=1 --nodes=1 --cpus-per-task=32 python ./clip_ext_wd.py -id 40661 -yr 2002
srun --ntasks=1 --nodes=1 --cpus-per-task=32 python ./clip_ext_wd.py -id 40660 -yr 2002
srun --ntasks=1 --nodes=1 --cpus-per-task=32 python ./clip_ext_wd.py -id 40666 -yr 2002
srun --ntasks=1 --nodes=1 --cpus-per-task=32 python ./clip_ext_wd.py -id 40665 -yr 2002
srun --ntasks=1 --nodes=1 --cpus-per-task=32 python ./clip_ext_wd.py -id 40662 -yr 2002
srun --ntasks=1 --nodes=1 --cpus-per-task=32 python ./clip_ext_wd.py -id 40655 -yr 2002
srun --ntasks=1 --nodes=1 --cpus-per-task=32 python ./clip_ext_wd.py -id 40663 -yr 2002
srun --ntasks=1 --nodes=1 --cpus-per-task=32 python ./clip_ext_wd.py -id 40668 -yr 2003
srun --ntasks=1 --nodes=1 --cpus-per-task=32 python ./clip_ext_wd.py -id 40675 -yr 2003
srun --ntasks=1 --nodes=1 --cpus-per-task=32 python ./clip_ext_wd.py -id 40678 -yr 2003
srun --ntasks=1 --nodes=1 --cpus-per-task=32 python ./clip_ext_wd.py -id 40673 -yr 2003
srun --ntasks=1 --nodes=1 --cpus-per-task=32 python ./clip_ext_wd.py -id 40670 -yr 2003
srun --ntasks=1 --nodes=1 --cpus-per-task=32 python ./clip_ext_wd.py -id 40677 -yr 2003
srun --ntasks=1 --nodes=1 --cpus-per-task=32 python ./clip_ext_wd.py -id 40674 -yr 2003
srun --ntasks=1 --nodes=1 --cpus-per-task=32 python ./clip_ext_wd.py -id 40683 -yr 2004
srun --ntasks=1 --nodes=1 --cpus-per-task=32 python ./clip_ext_wd.py -id 40688 -yr 2004
srun --ntasks=1 --nodes=1 --cpus-per-task=32 python ./clip_ext_wd.py -id 40689 -yr 2004
srun --ntasks=1 --nodes=1 --cpus-per-task=32 python ./clip_ext_wd.py -id 40680 -yr 2004
srun --ntasks=1 --nodes=1 --cpus-per-task=32 python ./clip_ext_wd.py -id 40687 -yr 2004
srun --ntasks=1 --nodes=1 --cpus-per-task=32 python ./clip_ext_wd.py -id 40684 -yr 2004
srun --ntasks=1 --nodes=1 --cpus-per-task=32 python ./clip_ext_wd.py -id 40681 -yr 2004
srun --ntasks=1 --nodes=1 --cpus-per-task=32 python ./clip_ext_wd.py -id 40686 -yr 2004
srun --ntasks=1 --nodes=1 --cpus-per-task=32 python ./clip_ext_wd.py -id 40682 -yr 2004
srun --ntasks=1 --nodes=1 --cpus-per-task=32 python ./clip_ext_wd.py -id 40699 -yr 2005
srun --ntasks=1 --nodes=1 --cpus-per-task=32 python ./clip_ext_wd.py -id 40692 -yr 2005
srun --ntasks=1 --nodes=1 --cpus-per-task=32 python ./clip_ext_wd.py -id 40704 -yr 2005
srun --ntasks=1 --nodes=1 --cpus-per-task=32 python ./clip_ext_wd.py -id 40701 -yr 2005
srun --ntasks=1 --nodes=1 --cpus-per-task=32 python ./clip_ext_wd.py -id 40694 -yr 2005
srun --ntasks=1 --nodes=1 --cpus-per-task=32 python ./clip_ext_wd.py -id 40693 -yr 2005
srun --ntasks=1 --nodes=1 --cpus-per-task=32 python ./clip_ext_wd.py -id 40706 -yr 2005
srun --ntasks=1 --nodes=1 --cpus-per-task=32 python ./clip_ext_wd.py -id 40695 -yr 2005
srun --ntasks=1 --nodes=1 --cpus-per-task=32 python ./clip_ext_wd.py -id 40705 -yr 2005
srun --ntasks=1 --nodes=1 --cpus-per-task=32 python ./clip_ext_wd.py -id 40710 -yr 2006
srun --ntasks=1 --nodes=1 --cpus-per-task=32 python ./clip_ext_wd.py -id 40716 -yr 2006
srun --ntasks=1 --nodes=1 --cpus-per-task=32 python ./clip_ext_wd.py -id 40717 -yr 2006
srun --ntasks=1 --nodes=1 --cpus-per-task=32 python ./clip_ext_wd.py -id 40712 -yr 2006
srun --ntasks=1 --nodes=1 --cpus-per-task=32 python ./clip_ext_wd.py -id 40708 -yr 2006
srun --ntasks=1 --nodes=1 --cpus-per-task=32 python ./clip_ext_wd.py -id 40714 -yr 2006
srun --ntasks=1 --nodes=1 --cpus-per-task=32 python ./clip_ext_wd.py -id 40718 -yr 2006
srun --ntasks=1 --nodes=1 --cpus-per-task=32 python ./clip_ext_wd.py -id 40715 -yr 2006
srun --ntasks=1 --nodes=1 --cpus-per-task=32 python ./clip_ext_wd.py -id 40707 -yr 2006
srun --ntasks=1 --nodes=1 --cpus-per-task=32 python ./clip_ext_wd.py -id 40709 -yr 2006
srun --ntasks=1 --nodes=1 --cpus-per-task=32 python ./clip_ext_wd.py -id 40725 -yr 2007
srun --ntasks=1 --nodes=1 --cpus-per-task=32 python ./clip_ext_wd.py -id 40728 -yr 2007
srun --ntasks=1 --nodes=1 --cpus-per-task=32 python ./clip_ext_wd.py -id 40730 -yr 2007
srun --ntasks=1 --nodes=1 --cpus-per-task=32 python ./clip_ext_wd.py -id 40727 -yr 2007
srun --ntasks=1 --nodes=1 --cpus-per-task=32 python ./clip_ext_wd.py -id 40719 -yr 2007
srun --ntasks=1 --nodes=1 --cpus-per-task=32 python ./clip_ext_wd.py -id 40723 -yr 2007
srun --ntasks=1 --nodes=1 --cpus-per-task=32 python ./clip_ext_wd.py -id 40721 -yr 2007
srun --ntasks=1 --nodes=1 --cpus-per-task=32 python ./clip_ext_wd.py -id 40724 -yr 2007
srun --ntasks=1 --nodes=1 --cpus-per-task=32 python ./clip_ext_wd.py -id 40729 -yr 2007
srun --ntasks=1 --nodes=1 --cpus-per-task=32 python ./clip_ext_wd.py -id 40740 -yr 2008
srun --ntasks=1 --nodes=1 --cpus-per-task=32 python ./clip_ext_wd.py -id 40736 -yr 2008
srun --ntasks=1 --nodes=1 --cpus-per-task=32 python ./clip_ext_wd.py -id 40742 -yr 2008
srun --ntasks=1 --nodes=1 --cpus-per-task=32 python ./clip_ext_wd.py -id 40743 -yr 2008
srun --ntasks=1 --nodes=1 --cpus-per-task=32 python ./clip_ext_wd.py -id 40733 -yr 2008
srun --ntasks=1 --nodes=1 --cpus-per-task=32 python ./clip_ext_wd.py -id 40738 -yr 2008
srun --ntasks=1 --nodes=1 --cpus-per-task=32 python ./clip_ext_wd.py -id 40737 -yr 2008
srun --ntasks=1 --nodes=1 --cpus-per-task=32 python ./clip_ext_wd.py -id 40751 -yr 2009
srun --ntasks=1 --nodes=1 --cpus-per-task=32 python ./clip_ext_wd.py -id 40756 -yr 2009
srun --ntasks=1 --nodes=1 --cpus-per-task=32 python ./clip_ext_wd.py -id 40747 -yr 2009
srun --ntasks=1 --nodes=1 --cpus-per-task=32 python ./clip_ext_wd.py -id 40755 -yr 2009
srun --ntasks=1 --nodes=1 --cpus-per-task=32 python ./clip_ext_wd.py -id 40744 -yr 2009
srun --ntasks=1 --nodes=1 --cpus-per-task=32 python ./clip_ext_wd.py -id 40754 -yr 2009
srun --ntasks=1 --nodes=1 --cpus-per-task=32 python ./clip_ext_wd.py -id 40746 -yr 2009
srun --ntasks=1 --nodes=1 --cpus-per-task=32 python ./clip_ext_wd.py -id 40752 -yr 2009
srun --ntasks=1 --nodes=1 --cpus-per-task=32 python ./clip_ext_wd.py -id 40748 -yr 2009
srun --ntasks=1 --nodes=1 --cpus-per-task=32 python ./clip_ext_wd.py -id 40767 -yr 2010
srun --ntasks=1 --nodes=1 --cpus-per-task=32 python ./clip_ext_wd.py -id 40765 -yr 2010
srun --ntasks=1 --nodes=1 --cpus-per-task=32 python ./clip_ext_wd.py -id 40766 -yr 2010
srun --ntasks=1 --nodes=1 --cpus-per-task=32 python ./clip_ext_wd.py -id 40769 -yr 2010
srun --ntasks=1 --nodes=1 --cpus-per-task=32 python ./clip_ext_wd.py -id 40768 -yr 2010
srun --ntasks=1 --nodes=1 --cpus-per-task=32 python ./clip_ext_wd.py -id 40759 -yr 2010
srun --ntasks=1 --nodes=1 --cpus-per-task=32 python ./clip_ext_wd.py -id 40760 -yr 2010
srun --ntasks=1 --nodes=1 --cpus-per-task=32 python ./clip_ext_wd.py -id 40757 -yr 2010
srun --ntasks=1 --nodes=1 --cpus-per-task=32 python ./clip_ext_wd.py -id 40763 -yr 2010
srun --ntasks=1 --nodes=1 --cpus-per-task=32 python ./clip_ext_wd.py -id 40773 -yr 2011
srun --ntasks=1 --nodes=1 --cpus-per-task=32 python ./clip_ext_wd.py -id 40772 -yr 2011
srun --ntasks=1 --nodes=1 --cpus-per-task=32 python ./clip_ext_wd.py -id 40776 -yr 2011
srun --ntasks=1 --nodes=1 --cpus-per-task=32 python ./clip_ext_wd.py -id 40775 -yr 2011
srun --ntasks=1 --nodes=1 --cpus-per-task=32 python ./clip_ext_wd.py -id 40771 -yr 2011
srun --ntasks=1 --nodes=1 --cpus-per-task=32 python ./clip_ext_wd.py -id 40783 -yr 2011
srun --ntasks=1 --nodes=1 --cpus-per-task=32 python ./clip_ext_wd.py -id 40779 -yr 2011
srun --ntasks=1 --nodes=1 --cpus-per-task=32 python ./clip_ext_wd.py -id 40778 -yr 2011
srun --ntasks=1 --nodes=1 --cpus-per-task=32 python ./clip_ext_wd.py -id 40777 -yr 2011
srun --ntasks=1 --nodes=1 --cpus-per-task=32 python ./clip_ext_wd.py -id 40785 -yr 2012
srun --ntasks=1 --nodes=1 --cpus-per-task=32 python ./clip_ext_wd.py -id 40794 -yr 2012
srun --ntasks=1 --nodes=1 --cpus-per-task=32 python ./clip_ext_wd.py -id 40792 -yr 2012
srun --ntasks=1 --nodes=1 --cpus-per-task=32 python ./clip_ext_wd.py -id 40797 -yr 2012
srun --ntasks=1 --nodes=1 --cpus-per-task=32 python ./clip_ext_wd.py -id 40790 -yr 2012
srun --ntasks=1 --nodes=1 --cpus-per-task=32 python ./clip_ext_wd.py -id 40791 -yr 2012
srun --ntasks=1 --nodes=1 --cpus-per-task=32 python ./clip_ext_wd.py -id 40795 -yr 2012
srun --ntasks=1 --nodes=1 --cpus-per-task=32 python ./clip_ext_wd.py -id 40796 -yr 2012
srun --ntasks=1 --nodes=1 --cpus-per-task=32 python ./clip_ext_wd.py -id 40793 -yr 2012
srun --ntasks=1 --nodes=1 --cpus-per-task=32 python ./clip_ext_wd.py -id 40787 -yr 2012
srun --ntasks=1 --nodes=1 --cpus-per-task=32 python ./clip_ext_wd.py -id 40798 -yr 2012
srun --ntasks=1 --nodes=1 --cpus-per-task=32 python ./clip_ext_wd.py -id 40806 -yr 2013
srun --ntasks=1 --nodes=1 --cpus-per-task=32 python ./clip_ext_wd.py -id 40804 -yr 2013
srun --ntasks=1 --nodes=1 --cpus-per-task=32 python ./clip_ext_wd.py -id 40810 -yr 2013
srun --ntasks=1 --nodes=1 --cpus-per-task=32 python ./clip_ext_wd.py -id 40813 -yr 2013
srun --ntasks=1 --nodes=1 --cpus-per-task=32 python ./clip_ext_wd.py -id 40799 -yr 2013
srun --ntasks=1 --nodes=1 --cpus-per-task=32 python ./clip_ext_wd.py -id 40802 -yr 2013
srun --ntasks=1 --nodes=1 --cpus-per-task=32 python ./clip_ext_wd.py -id 40801 -yr 2013
srun --ntasks=1 --nodes=1 --cpus-per-task=32 python ./clip_ext_wd.py -id 40800 -yr 2013
srun --ntasks=1 --nodes=1 --cpus-per-task=32 python ./clip_ext_wd.py -id 40812 -yr 2013
srun --ntasks=1 --nodes=1 --cpus-per-task=32 python ./clip_ext_wd.py -id 40814 -yr 2013
srun --ntasks=1 --nodes=1 --cpus-per-task=32 python ./clip_ext_wd.py -id 40815 -yr 2013
srun --ntasks=1 --nodes=1 --cpus-per-task=32 python ./clip_ext_wd.py -id 40803 -yr 2013
srun --ntasks=1 --nodes=1 --cpus-per-task=32 python ./clip_ext_wd.py -id 40823 -yr 2014
srun --ntasks=1 --nodes=1 --cpus-per-task=32 python ./clip_ext_wd.py -id 40829 -yr 2014
srun --ntasks=1 --nodes=1 --cpus-per-task=32 python ./clip_ext_wd.py -id 40816 -yr 2014
srun --ntasks=1 --nodes=1 --cpus-per-task=32 python ./clip_ext_wd.py -id 40820 -yr 2014
srun --ntasks=1 --nodes=1 --cpus-per-task=32 python ./clip_ext_wd.py -id 40828 -yr 2014
srun --ntasks=1 --nodes=1 --cpus-per-task=32 python ./clip_ext_wd.py -id 40822 -yr 2014
srun --ntasks=1 --nodes=1 --cpus-per-task=32 python ./clip_ext_wd.py -id 40817 -yr 2014
srun --ntasks=1 --nodes=1 --cpus-per-task=32 python ./clip_ext_wd.py -id 40825 -yr 2014
srun --ntasks=1 --nodes=1 --cpus-per-task=32 python ./clip_ext_wd.py -id 40818 -yr 2014
srun --ntasks=1 --nodes=1 --cpus-per-task=32 python ./clip_ext_wd.py -id 40832 -yr 2015
srun --ntasks=1 --nodes=1 --cpus-per-task=32 python ./clip_ext_wd.py -id 40831 -yr 2015
srun --ntasks=1 --nodes=1 --cpus-per-task=32 python ./clip_ext_wd.py -id 40836 -yr 2015
srun --ntasks=1 --nodes=1 --cpus-per-task=32 python ./clip_ext_wd.py -id 40842 -yr 2015
srun --ntasks=1 --nodes=1 --cpus-per-task=32 python ./clip_ext_wd.py -id 40833 -yr 2015
srun --ntasks=1 --nodes=1 --cpus-per-task=32 python ./clip_ext_wd.py -id 40838 -yr 2015
srun --ntasks=1 --nodes=1 --cpus-per-task=32 python ./clip_ext_wd.py -id 40840 -yr 2015
srun --ntasks=1 --nodes=1 --cpus-per-task=32 python ./clip_ext_wd.py -id 40834 -yr 2015
srun --ntasks=1 --nodes=1 --cpus-per-task=32 python ./clip_ext_wd.py -id 40835 -yr 2015
srun --ntasks=1 --nodes=1 --cpus-per-task=32 python ./clip_ext_wd.py -id 40855 -yr 2016
srun --ntasks=1 --nodes=1 --cpus-per-task=32 python ./clip_ext_wd.py -id 40845 -yr 2016
srun --ntasks=1 --nodes=1 --cpus-per-task=32 python ./clip_ext_wd.py -id 40850 -yr 2016
srun --ntasks=1 --nodes=1 --cpus-per-task=32 python ./clip_ext_wd.py -id 40843 -yr 2016
srun --ntasks=1 --nodes=1 --cpus-per-task=32 python ./clip_ext_wd.py -id 40852 -yr 2016
srun --ntasks=1 --nodes=1 --cpus-per-task=32 python ./clip_ext_wd.py -id 40844 -yr 2016
srun --ntasks=1 --nodes=1 --cpus-per-task=32 python ./clip_ext_wd.py -id 40847 -yr 2016
srun --ntasks=1 --nodes=1 --cpus-per-task=32 python ./clip_ext_wd.py -id 40849 -yr 2016
srun --ntasks=1 --nodes=1 --cpus-per-task=32 python ./clip_ext_wd.py -id 40848 -yr 2016
srun --ntasks=1 --nodes=1 --cpus-per-task=32 python ./clip_ext_wd.py -id 40854 -yr 2016
srun --ntasks=1 --nodes=1 --cpus-per-task=32 python ./clip_ext_wd.py -id 40856 -yr 2016
srun --ntasks=1 --nodes=1 --cpus-per-task=32 python ./clip_ext_wd.py -id 40857 -yr 2017
srun --ntasks=1 --nodes=1 --cpus-per-task=32 python ./clip_ext_wd.py -id 40860 -yr 2017
srun --ntasks=1 --nodes=1 --cpus-per-task=32 python ./clip_ext_wd.py -id 40859 -yr 2017
srun --ntasks=1 --nodes=1 --cpus-per-task=32 python ./clip_ext_wd.py -id 40861 -yr 2017
srun --ntasks=1 --nodes=1 --cpus-per-task=32 python ./clip_ext_wd.py -id 40858 -yr 2017
srun --ntasks=1 --nodes=1 --cpus-per-task=32 python ./clip_ext_wd.py -id 40868 -yr 2017
srun --ntasks=1 --nodes=1 --cpus-per-task=32 python ./clip_ext_wd.py -id 40865 -yr 2017
srun --ntasks=1 --nodes=1 --cpus-per-task=32 python ./clip_ext_wd.py -id 40867 -yr 2017
srun --ntasks=1 --nodes=1 --cpus-per-task=32 python ./clip_ext_wd.py -id 40863 -yr 2017
srun --ntasks=1 --nodes=1 --cpus-per-task=32 python ./clip_ext_wd.py -id 40862 -yr 2017
srun --ntasks=1 --nodes=1 --cpus-per-task=32 python ./clip_ext_wd.py -id 40881 -yr 2018
srun --ntasks=1 --nodes=1 --cpus-per-task=32 python ./clip_ext_wd.py -id 40871 -yr 2018
srun --ntasks=1 --nodes=1 --cpus-per-task=32 python ./clip_ext_wd.py -id 40870 -yr 2018
srun --ntasks=1 --nodes=1 --cpus-per-task=32 python ./clip_ext_wd.py -id 40872 -yr 2018
srun --ntasks=1 --nodes=1 --cpus-per-task=32 python ./clip_ext_wd.py -id 40877 -yr 2018
srun --ntasks=1 --nodes=1 --cpus-per-task=32 python ./clip_ext_wd.py -id 40869 -yr 2018
srun --ntasks=1 --nodes=1 --cpus-per-task=32 python ./clip_ext_wd.py -id 40880 -yr 2018
srun --ntasks=1 --nodes=1 --cpus-per-task=32 python ./clip_ext_wd.py -id 40875 -yr 2018
srun --ntasks=1 --nodes=1 --cpus-per-task=32 python ./clip_ext_wd.py -id 40883 -yr 2019
srun --ntasks=1 --nodes=1 --cpus-per-task=32 python ./clip_ext_wd.py -id 40887 -yr 2019
srun --ntasks=1 --nodes=1 --cpus-per-task=32 python ./clip_ext_wd.py -id 40890 -yr 2019
srun --ntasks=1 --nodes=1 --cpus-per-task=32 python ./clip_ext_wd.py -id 40895 -yr 2019
srun --ntasks=1 --nodes=1 --cpus-per-task=32 python ./clip_ext_wd.py -id 40882 -yr 2019
srun --ntasks=1 --nodes=1 --cpus-per-task=32 python ./clip_ext_wd.py -id 40889 -yr 2019
srun --ntasks=1 --nodes=1 --cpus-per-task=32 python ./clip_ext_wd.py -id 40886 -yr 2019
srun --ntasks=1 --nodes=1 --cpus-per-task=32 python ./clip_ext_wd.py -id 40893 -yr 2019
srun --ntasks=1 --nodes=1 --cpus-per-task=32 python ./clip_ext_wd.py -id 40906 -yr 2020
srun --ntasks=1 --nodes=1 --cpus-per-task=32 python ./clip_ext_wd.py -id 40905 -yr 2020
srun --ntasks=1 --nodes=1 --cpus-per-task=32 python ./clip_ext_wd.py -id 40903 -yr 2020
srun --ntasks=1 --nodes=1 --cpus-per-task=32 python ./clip_ext_wd.py -id 40901 -yr 2020
srun --ntasks=1 --nodes=1 --cpus-per-task=32 python ./clip_ext_wd.py -id 40904 -yr 2020
srun --ntasks=1 --nodes=1 --cpus-per-task=32 python ./clip_ext_wd.py -id 40899 -yr 2020
srun --ntasks=1 --nodes=1 --cpus-per-task=32 python ./clip_ext_wd.py -id 40898 -yr 2020
srun --ntasks=1 --nodes=1 --cpus-per-task=32 python ./clip_ext_wd.py -id 40900 -yr 2020
srun --ntasks=1 --nodes=1 --cpus-per-task=32 python ./clip_ext_wd.py -id 40902 -yr 2020
srun --ntasks=1 --nodes=1 --cpus-per-task=32 python ./clip_ext_wd.py -id 40896 -yr 2020
srun --ntasks=1 --nodes=1 --cpus-per-task=32 python ./clip_ext_wd.py -id 40897 -yr 2020

The job was done in 3 seconds

Tue Mar 25 16:34:21 CET 2025
end of job
