start of job
eliminating results slurm older than 10 days
2025-04-28 12:26:08
/mnt/beegfs/lcesarini/2025_p_irio/src
no change     /apps/miniconda3/condabin/conda
no change     /apps/miniconda3/bin/conda
no change     /apps/miniconda3/bin/conda-env
no change     /apps/miniconda3/bin/activate
no change     /apps/miniconda3/bin/deactivate
no change     /apps/miniconda3/etc/profile.d/conda.sh
no change     /apps/miniconda3/etc/fish/conf.d/conda.fish
no change     /apps/miniconda3/shell/condabin/Conda.psm1
no change     /apps/miniconda3/shell/condabin/conda-hook.ps1
no change     /apps/miniconda3/lib/python3.9/site-packages/xontrib/conda.xsh
no change     /apps/miniconda3/etc/profile.d/conda.csh
no change     /home/luigi.cesarini/.bashrc
No action taken.

----------------------------------------------
Calling
srun --ntasks=1 --nodes=1 --cpus-per-task=64 python ./clip/clip_ext_wd.py -id 40655 -yr 2002
----------------------------------------------
Flooded firms in Calabria for event 40840 in 2015 are 355 out of 117441

The job was done in 91 seconds

Mon Apr 28 12:27:39 CEST 2025
end of job
