start of job
eliminating results slurm older than 10 days
2025-03-25 18:41:30
/mnt/beegfs/lcesarini/2025_p_irio/src
no change     /apps/miniconda3/condabin/conda
no change     /apps/miniconda3/bin/conda
no change     /apps/miniconda3/bin/conda-env
no change     /apps/miniconda3/bin/activate
no change     /apps/miniconda3/bin/deactivate
no change     /apps/miniconda3/etc/profile.d/conda.sh
no change     /apps/miniconda3/etc/fish/conf.d/conda.fish
no change     /apps/miniconda3/shell/condabin/Conda.psm1
no change     /apps/miniconda3/shell/condabin/conda-hook.ps1
no change     /apps/miniconda3/lib/python3.9/site-packages/xontrib/conda.xsh
no change     /apps/miniconda3/etc/profile.d/conda.csh
no change     /home/luigi.cesarini/.bashrc
No action taken.

----------------------------------------------
Calling
conda activate r_symi
Rscript shocks/create_input.R 1983 40437

conda activate my_xclim_env
./shocks/create_input.py -id 40437 -yr 1983

rm ../test/tot_addetti_by_sector_intermediate_40291_1972_Toscana.csv ../test/tot_addetti_by_sector_intermediate_40355_1976_Emilia-Romagna.csv ../test/tot_addetti_by_sector_intermediate_40382_1979_Toscana.csv ../test/tot_addetti_by_sector_intermediate_40415_1981_Friuli-Venezia Giulia.csv ../test/tot_addetti_by_sector_intermediate_40415_1981_Lazio.csv ../test/tot_addetti_by_sector_intermediate_40415_1981_Liguria.csv ../test/tot_addetti_by_sector_intermediate_40423_1982_Friuli-Venezia Giulia.csv ../test/tot_addetti_by_sector_intermediate_40426_1982_Emilia-Romagna.csv ../test/tot_addetti_by_sector_intermediate_40427_1982_Friuli-Venezia Giulia.csv
----------------------------------------------

The job was done in 108 seconds

Tue Mar 25 18:43:17 CET 2025
end of job
