start of job
eliminating results slurm older than 10 days
2025-03-25 18:37:47
/mnt/beegfs/lcesarini/2025_p_irio/src
no change     /apps/miniconda3/condabin/conda
no change     /apps/miniconda3/bin/conda
no change     /apps/miniconda3/bin/conda-env
no change     /apps/miniconda3/bin/activate
no change     /apps/miniconda3/bin/deactivate
no change     /apps/miniconda3/etc/profile.d/conda.sh
no change     /apps/miniconda3/etc/fish/conf.d/conda.fish
no change     /apps/miniconda3/shell/condabin/Conda.psm1
no change     /apps/miniconda3/shell/condabin/conda-hook.ps1
no change     /apps/miniconda3/lib/python3.9/site-packages/xontrib/conda.xsh
no change     /apps/miniconda3/etc/profile.d/conda.csh
no change     /home/luigi.cesarini/.bashrc
No action taken.

----------------------------------------------
Calling
conda activate r_symi
Rscript shocks/create_input.R 1971 40279

conda activate my_xclim_env
./shocks/create_input.py -id 40279 -yr 1971

rm ../test/tot_addetti_by_sector_intermediate_40137_1959_Liguria.csv ../test/tot_addetti_by_sector_intermediate_40141_1960_Marche.csv ../test/tot_addetti_by_sector_intermediate_40229_1967_Valle d'Aosta.csv ../test/tot_addetti_by_sector_intermediate_40235_1967_Molise.csv ../test/tot_addetti_by_sector_intermediate_40235_1967_Puglia.csv ../test/tot_addetti_by_sector_intermediate_40252_1968_Basilicata.csv ../test/tot_addetti_by_sector_intermediate_40253_1969_Calabria.csv ../test/tot_addetti_by_sector_intermediate_40256_1969_Emilia-Romagna.csv ../test/tot_addetti_by_sector_intermediate_40256_1969_Lazio.csv ../test/tot_addetti_by_sector_intermediate_40259_1969_Abruzzo.csv ../test/tot_addetti_by_sector_intermediate_40269_1970_Lazio.csv ../test/tot_addetti_by_sector_intermediate_40273_1970_Basilicata.csv
----------------------------------------------

The job was done in 30 seconds

Tue Mar 25 18:38:17 CET 2025
end of job
