start of job
eliminating results slurm older than 10 days
2025-03-25 18:38:44
/mnt/beegfs/lcesarini/2025_p_irio/src
no change     /apps/miniconda3/condabin/conda
no change     /apps/miniconda3/bin/conda
no change     /apps/miniconda3/bin/conda-env
no change     /apps/miniconda3/bin/activate
no change     /apps/miniconda3/bin/deactivate
no change     /apps/miniconda3/etc/profile.d/conda.sh
no change     /apps/miniconda3/etc/fish/conf.d/conda.fish
no change     /apps/miniconda3/shell/condabin/Conda.psm1
no change     /apps/miniconda3/shell/condabin/conda-hook.ps1
no change     /apps/miniconda3/lib/python3.9/site-packages/xontrib/conda.xsh
no change     /apps/miniconda3/etc/profile.d/conda.csh
no change     /home/luigi.cesarini/.bashrc
No action taken.

----------------------------------------------
Calling
conda activate r_symi
Rscript shocks/create_input.R 1975 40335

conda activate my_xclim_env
./shocks/create_input.py -id 40335 -yr 1975

rm ../test/tot_addetti_by_sector_intermediate_40170_1963_Umbria.csv ../test/tot_addetti_by_sector_intermediate_40210_1966_Piemonte.csv ../test/tot_addetti_by_sector_intermediate_40210_1966_Sardegna.csv ../test/tot_addetti_by_sector_intermediate_40265_1969_Friuli-Venezia Giulia.csv ../test/tot_addetti_by_sector_intermediate_40268_1970_Puglia.csv ../test/tot_addetti_by_sector_intermediate_40275_1970_Sicilia.csv ../test/tot_addetti_by_sector_intermediate_40298_1972_Basilicata.csv ../test/tot_addetti_by_sector_intermediate_40309_1973_Lombardia.csv
----------------------------------------------

The job was done in 77 seconds

Tue Mar 25 18:40:01 CET 2025
end of job
