start of job
eliminating results slurm older than 10 days
2025-03-25 18:37:51
/mnt/beegfs/lcesarini/2025_p_irio/src
no change     /apps/miniconda3/condabin/conda
no change     /apps/miniconda3/bin/conda
no change     /apps/miniconda3/bin/conda-env
no change     /apps/miniconda3/bin/activate
no change     /apps/miniconda3/bin/deactivate
no change     /apps/miniconda3/etc/profile.d/conda.sh
no change     /apps/miniconda3/etc/fish/conf.d/conda.fish
no change     /apps/miniconda3/shell/condabin/Conda.psm1
no change     /apps/miniconda3/shell/condabin/conda-hook.ps1
no change     /apps/miniconda3/lib/python3.9/site-packages/xontrib/conda.xsh
no change     /apps/miniconda3/etc/profile.d/conda.csh
no change     /home/luigi.cesarini/.bashrc
No action taken.

----------------------------------------------
Calling
conda activate r_symi
Rscript shocks/create_input.R 1971 40280

conda activate my_xclim_env
./shocks/create_input.py -id 40280 -yr 1971

rm ../test/tot_addetti_by_sector_intermediate_40235_1967_Sardegna.csv ../test/tot_addetti_by_sector_intermediate_40241_1968_Trentino-Alto Adige.csv ../test/tot_addetti_by_sector_intermediate_40242_1968_Marche.csv ../test/tot_addetti_by_sector_intermediate_40250_1968_Liguria.csv ../test/tot_addetti_by_sector_intermediate_40252_1968_Calabria.csv ../test/tot_addetti_by_sector_intermediate_40254_1969_Umbria.csv ../test/tot_addetti_by_sector_intermediate_40256_1969_Liguria.csv ../test/tot_addetti_by_sector_intermediate_40269_1970_Piemonte.csv ../test/tot_addetti_by_sector_intermediate_40275_1970_Lombardia.csv
----------------------------------------------

The job was done in 158 seconds

Tue Mar 25 18:40:29 CET 2025
end of job
