start of job
eliminating results slurm older than 10 days
2025-03-25 18:37:01
/mnt/beegfs/lcesarini/2025_p_irio/src
no change     /apps/miniconda3/condabin/conda
no change     /apps/miniconda3/bin/conda
no change     /apps/miniconda3/bin/conda-env
no change     /apps/miniconda3/bin/activate
no change     /apps/miniconda3/bin/deactivate
no change     /apps/miniconda3/etc/profile.d/conda.sh
no change     /apps/miniconda3/etc/fish/conf.d/conda.fish
no change     /apps/miniconda3/shell/condabin/Conda.psm1
no change     /apps/miniconda3/shell/condabin/conda-hook.ps1
no change     /apps/miniconda3/lib/python3.9/site-packages/xontrib/conda.xsh
no change     /apps/miniconda3/etc/profile.d/conda.csh
no change     /home/luigi.cesarini/.bashrc
No action taken.

----------------------------------------------
Calling
conda activate r_symi
Rscript shocks/create_input.R 1968 40238

conda activate my_xclim_env
./shocks/create_input.py -id 40238 -yr 1968

rm ../test/tot_addetti_by_sector_intermediate_40104_1957_Puglia.csv ../test/tot_addetti_by_sector_intermediate_40104_1957_Sardegna.csv ../test/tot_addetti_by_sector_intermediate_40135_1959_Lombardia.csv ../test/tot_addetti_by_sector_intermediate_40135_1959_Sardegna.csv ../test/tot_addetti_by_sector_intermediate_40140_1960_Puglia.csv ../test/tot_addetti_by_sector_intermediate_40140_1960_Sardegna.csv ../test/tot_addetti_by_sector_intermediate_40142_1960_Piemonte.csv ../test/tot_addetti_by_sector_intermediate_40163_1962_Sardegna.csv ../test/tot_addetti_by_sector_intermediate_40196_1965_Campania.csv ../test/tot_addetti_by_sector_intermediate_40209_1966_Calabria.csv ../test/tot_addetti_by_sector_intermediate_40216_1966_Piemonte.csv ../test/tot_addetti_by_sector_intermediate_40221_1966_Emilia-Romagna.csv ../test/tot_addetti_by_sector_intermediate_40224_1967_Sardegna.csv ../test/tot_addetti_by_sector_intermediate_40225_1967_Lazio.csv ../test/tot_addetti_by_sector_intermediate_40225_1967_Lombardia.csv ../test/tot_addetti_by_sector_intermediate_40233_1967_Emilia-Romagna.csv
----------------------------------------------

The job was done in 27 seconds

Tue Mar 25 18:37:28 CET 2025
end of job
