start of job
eliminating results slurm older than 10 days
2025-03-25 18:37:30
/mnt/beegfs/lcesarini/2025_p_irio/src
no change     /apps/miniconda3/condabin/conda
no change     /apps/miniconda3/bin/conda
no change     /apps/miniconda3/bin/conda-env
no change     /apps/miniconda3/bin/activate
no change     /apps/miniconda3/bin/deactivate
no change     /apps/miniconda3/etc/profile.d/conda.sh
no change     /apps/miniconda3/etc/fish/conf.d/conda.fish
no change     /apps/miniconda3/shell/condabin/Conda.psm1
no change     /apps/miniconda3/shell/condabin/conda-hook.ps1
no change     /apps/miniconda3/lib/python3.9/site-packages/xontrib/conda.xsh
no change     /apps/miniconda3/etc/profile.d/conda.csh
no change     /home/luigi.cesarini/.bashrc
No action taken.

----------------------------------------------
Calling
conda activate r_symi
Rscript shocks/create_input.R 1970 40274

conda activate my_xclim_env
./shocks/create_input.py -id 40274 -yr 1970

rm ../test/tot_addetti_by_sector_intermediate_40137_1959_Lazio.csv ../test/tot_addetti_by_sector_intermediate_40141_1960_Liguria.csv ../test/tot_addetti_by_sector_intermediate_40150_1960_Puglia.csv ../test/tot_addetti_by_sector_intermediate_40162_1961_Toscana.csv ../test/tot_addetti_by_sector_intermediate_40162_1961_Umbria.csv ../test/tot_addetti_by_sector_intermediate_40209_1966_Campania.csv ../test/tot_addetti_by_sector_intermediate_40209_1966_Lazio.csv ../test/tot_addetti_by_sector_intermediate_40239_1968_Emilia-Romagna.csv ../test/tot_addetti_by_sector_intermediate_40242_1968_Lazio.csv ../test/tot_addetti_by_sector_intermediate_40247_1968_Abruzzo.csv ../test/tot_addetti_by_sector_intermediate_40247_1968_Emilia-Romagna.csv ../test/tot_addetti_by_sector_intermediate_40247_1968_Friuli-Venezia Giulia.csv ../test/tot_addetti_by_sector_intermediate_40251_1968_Abruzzo.csv ../test/tot_addetti_by_sector_intermediate_40254_1969_Abruzzo.csv ../test/tot_addetti_by_sector_intermediate_40261_1969_Campania.csv ../test/tot_addetti_by_sector_intermediate_40263_1969_Calabria.csv
----------------------------------------------

The job was done in 21 seconds

Tue Mar 25 18:37:51 CET 2025
end of job
