start of job
eliminating results slurm older than 10 days
2025-03-25 18:48:29
/mnt/beegfs/lcesarini/2025_p_irio/src
no change     /apps/miniconda3/condabin/conda
no change     /apps/miniconda3/bin/conda
no change     /apps/miniconda3/bin/conda-env
no change     /apps/miniconda3/bin/activate
no change     /apps/miniconda3/bin/deactivate
no change     /apps/miniconda3/etc/profile.d/conda.sh
no change     /apps/miniconda3/etc/fish/conf.d/conda.fish
no change     /apps/miniconda3/shell/condabin/Conda.psm1
no change     /apps/miniconda3/shell/condabin/conda-hook.ps1
no change     /apps/miniconda3/lib/python3.9/site-packages/xontrib/conda.xsh
no change     /apps/miniconda3/etc/profile.d/conda.csh
no change     /home/luigi.cesarini/.bashrc
No action taken.

----------------------------------------------
Calling
conda activate r_symi
Rscript shocks/create_input.R 2001 40644

conda activate my_xclim_env
./shocks/create_input.py -id 40644 -yr 2001

rm ../test/tot_addetti_by_sector_intermediate_40353_1976_Toscana.csv ../test/tot_addetti_by_sector_intermediate_40563_1994_Marche.csv ../test/tot_addetti_by_sector_intermediate_40563_1994_Piemonte.csv ../test/tot_addetti_by_sector_intermediate_40563_1994_Puglia.csv ../test/tot_addetti_by_sector_intermediate_40600_1997_Friuli-Venezia Giulia.csv ../test/tot_addetti_by_sector_intermediate_40609_1998_Campania.csv ../test/tot_addetti_by_sector_intermediate_40615_1999_Marche.csv ../test/tot_addetti_by_sector_intermediate_40625_1999_Friuli-Venezia Giulia.csv
----------------------------------------------

The job was done in 116 seconds

Tue Mar 25 18:50:25 CET 2025
end of job
