start of job
eliminating results slurm older than 10 days
2025-03-25 18:44:12
/mnt/beegfs/lcesarini/2025_p_irio/src
no change     /apps/miniconda3/condabin/conda
no change     /apps/miniconda3/bin/conda
no change     /apps/miniconda3/bin/conda-env
no change     /apps/miniconda3/bin/activate
no change     /apps/miniconda3/bin/deactivate
no change     /apps/miniconda3/etc/profile.d/conda.sh
no change     /apps/miniconda3/etc/fish/conf.d/conda.fish
no change     /apps/miniconda3/shell/condabin/Conda.psm1
no change     /apps/miniconda3/shell/condabin/conda-hook.ps1
no change     /apps/miniconda3/lib/python3.9/site-packages/xontrib/conda.xsh
no change     /apps/miniconda3/etc/profile.d/conda.csh
no change     /home/luigi.cesarini/.bashrc
No action taken.

----------------------------------------------
Calling
conda activate r_symi
Rscript shocks/create_input.R 1989 40507

conda activate my_xclim_env
./shocks/create_input.py -id 40507 -yr 1989

rm ../test/tot_addetti_by_sector_intermediate_40445_1984_Toscana.csv ../test/tot_addetti_by_sector_intermediate_40465_1985_Lazio.csv ../test/tot_addetti_by_sector_intermediate_40465_1985_Molise.csv ../test/tot_addetti_by_sector_intermediate_40466_1986_Umbria.csv ../test/tot_addetti_by_sector_intermediate_40467_1986_Marche.csv ../test/tot_addetti_by_sector_intermediate_40467_1986_Molise.csv ../test/tot_addetti_by_sector_intermediate_40469_1986_Emilia-Romagna.csv ../test/tot_addetti_by_sector_intermediate_40500_1988_Calabria.csv
----------------------------------------------

The job was done in 357 seconds

Tue Mar 25 18:50:09 CET 2025
end of job
