start of job
eliminating results slurm older than 10 days
2025-03-25 18:36:31
/mnt/beegfs/lcesarini/2025_p_irio/src
no change     /apps/miniconda3/condabin/conda
no change     /apps/miniconda3/bin/conda
no change     /apps/miniconda3/bin/conda-env
no change     /apps/miniconda3/bin/activate
no change     /apps/miniconda3/bin/deactivate
no change     /apps/miniconda3/etc/profile.d/conda.sh
no change     /apps/miniconda3/etc/fish/conf.d/conda.fish
no change     /apps/miniconda3/shell/condabin/Conda.psm1
no change     /apps/miniconda3/shell/condabin/conda-hook.ps1
no change     /apps/miniconda3/lib/python3.9/site-packages/xontrib/conda.xsh
no change     /apps/miniconda3/etc/profile.d/conda.csh
no change     /home/luigi.cesarini/.bashrc
No action taken.

----------------------------------------------
Calling
conda activate r_symi
Rscript shocks/create_input.R 1965 40207

conda activate my_xclim_env
./shocks/create_input.py -id 40207 -yr 1965

rm ../test/tot_addetti_by_sector_intermediate_40118_1958_Emilia-Romagna.csv ../test/tot_addetti_by_sector_intermediate_40119_1958_Abruzzo.csv ../test/tot_addetti_by_sector_intermediate_40119_1958_Campania.csv ../test/tot_addetti_by_sector_intermediate_40125_1959_Piemonte.csv ../test/tot_addetti_by_sector_intermediate_40167_1962_Friuli-Venezia Giulia.csv ../test/tot_addetti_by_sector_intermediate_40184_1964_Emilia-Romagna.csv
----------------------------------------------

The job was done in 884 seconds

Tue Mar 25 18:51:15 CET 2025
end of job
