start of job
eliminating results slurm older than 10 days
2025-03-25 18:56:24
/mnt/beegfs/lcesarini/2025_p_irio/src
no change     /apps/miniconda3/condabin/conda
no change     /apps/miniconda3/bin/conda
no change     /apps/miniconda3/bin/conda-env
no change     /apps/miniconda3/bin/activate
no change     /apps/miniconda3/bin/deactivate
no change     /apps/miniconda3/etc/profile.d/conda.sh
no change     /apps/miniconda3/etc/fish/conf.d/conda.fish
no change     /apps/miniconda3/shell/condabin/Conda.psm1
no change     /apps/miniconda3/shell/condabin/conda-hook.ps1
no change     /apps/miniconda3/lib/python3.9/site-packages/xontrib/conda.xsh
no change     /apps/miniconda3/etc/profile.d/conda.csh
no change     /home/luigi.cesarini/.bashrc
No action taken.

----------------------------------------------
Calling
conda activate r_symi
Rscript shocks/create_input.R 2017 40858

conda activate my_xclim_env
./shocks/create_input.py -id 40858 -yr 2017

rm ../test/tot_addetti_by_sector_intermediate_40797_2012_Sicilia.csv ../test/tot_addetti_by_sector_intermediate_40798_2012_Liguria.csv ../test/tot_addetti_by_sector_intermediate_40801_2013_Toscana.csv ../test/tot_addetti_by_sector_intermediate_40816_2014_Toscana.csv ../test/tot_addetti_by_sector_intermediate_40834_2015_Calabria.csv ../test/tot_addetti_by_sector_intermediate_40840_2015_Calabria.csv
----------------------------------------------

The job was done in 169 seconds

Tue Mar 25 18:59:13 CET 2025
end of job
