start of job
eliminating results slurm older than 10 days
2025-03-25 18:52:05
/mnt/beegfs/lcesarini/2025_p_irio/src
no change     /apps/miniconda3/condabin/conda
no change     /apps/miniconda3/bin/conda
no change     /apps/miniconda3/bin/conda-env
no change     /apps/miniconda3/bin/activate
no change     /apps/miniconda3/bin/deactivate
no change     /apps/miniconda3/etc/profile.d/conda.sh
no change     /apps/miniconda3/etc/fish/conf.d/conda.fish
no change     /apps/miniconda3/shell/condabin/Conda.psm1
no change     /apps/miniconda3/shell/condabin/conda-hook.ps1
no change     /apps/miniconda3/lib/python3.9/site-packages/xontrib/conda.xsh
no change     /apps/miniconda3/etc/profile.d/conda.csh
no change     /home/luigi.cesarini/.bashrc
No action taken.

----------------------------------------------
Calling
conda activate r_symi
Rscript shocks/create_input.R 2010 40767

conda activate my_xclim_env
./shocks/create_input.py -id 40767 -yr 2010

rm ../test/tot_addetti_by_sector_intermediate_40567_1994_Piemonte.csv ../test/tot_addetti_by_sector_intermediate_40638_2000_Puglia.csv ../test/tot_addetti_by_sector_intermediate_40638_2000_Trentino-Alto Adige.csv ../test/tot_addetti_by_sector_intermediate_40673_2003_Lombardia.csv ../test/tot_addetti_by_sector_intermediate_40684_2004_Valle d'Aosta.csv ../test/tot_addetti_by_sector_intermediate_40705_2005_Marche.csv ../test/tot_addetti_by_sector_intermediate_40705_2005_Molise.csv ../test/tot_addetti_by_sector_intermediate_40706_2005_Marche.csv ../test/tot_addetti_by_sector_intermediate_40706_2005_Molise.csv ../test/tot_addetti_by_sector_intermediate_40717_2006_Toscana.csv ../test/tot_addetti_by_sector_intermediate_40756_2009_Calabria.csv
----------------------------------------------

The job was done in 38 seconds

Tue Mar 25 18:52:43 CET 2025
end of job
