start of job
eliminating results slurm older than 10 days
2025-03-25 18:46:00
/mnt/beegfs/lcesarini/2025_p_irio/src
no change     /apps/miniconda3/condabin/conda
no change     /apps/miniconda3/bin/conda
no change     /apps/miniconda3/bin/conda-env
no change     /apps/miniconda3/bin/activate
no change     /apps/miniconda3/bin/deactivate
no change     /apps/miniconda3/etc/profile.d/conda.sh
no change     /apps/miniconda3/etc/fish/conf.d/conda.fish
no change     /apps/miniconda3/shell/condabin/Conda.psm1
no change     /apps/miniconda3/shell/condabin/conda-hook.ps1
no change     /apps/miniconda3/lib/python3.9/site-packages/xontrib/conda.xsh
no change     /apps/miniconda3/etc/profile.d/conda.csh
no change     /home/luigi.cesarini/.bashrc
No action taken.

----------------------------------------------
Calling
conda activate r_symi
Rscript shocks/create_input.R 1994 40567

conda activate my_xclim_env
./shocks/create_input.py -id 40567 -yr 1994

rm ../test/tot_addetti_by_sector_intermediate_40150_1960_Umbria.csv ../test/tot_addetti_by_sector_intermediate_40222_1966_Lombardia.csv ../test/tot_addetti_by_sector_intermediate_40365_1977_Piemonte.csv ../test/tot_addetti_by_sector_intermediate_40365_1977_Sardegna.csv ../test/tot_addetti_by_sector_intermediate_40507_1989_Lombardia.csv ../test/tot_addetti_by_sector_intermediate_40522_1990_Liguria.csv ../test/tot_addetti_by_sector_intermediate_40540_1992_Lombardia.csv ../test/tot_addetti_by_sector_intermediate_40540_1992_Veneto.csv ../test/tot_addetti_by_sector_intermediate_40543_1992_Campania.csv ../test/tot_addetti_by_sector_intermediate_40547_1993_Basilicata.csv ../test/tot_addetti_by_sector_intermediate_40557_1993_Basilicata.csv ../test/tot_addetti_by_sector_intermediate_40557_1993_Calabria.csv ../test/tot_addetti_by_sector_intermediate_40557_1993_Campania.csv
----------------------------------------------

The job was done in 446 seconds

Tue Mar 25 18:53:25 CET 2025
end of job
