start of job
eliminating results slurm older than 10 days
2025-03-25 18:40:53
/mnt/beegfs/lcesarini/2025_p_irio/src
no change     /apps/miniconda3/condabin/conda
no change     /apps/miniconda3/bin/conda
no change     /apps/miniconda3/bin/conda-env
no change     /apps/miniconda3/bin/activate
no change     /apps/miniconda3/bin/deactivate
no change     /apps/miniconda3/etc/profile.d/conda.sh
no change     /apps/miniconda3/etc/fish/conf.d/conda.fish
no change     /apps/miniconda3/shell/condabin/Conda.psm1
no change     /apps/miniconda3/shell/condabin/conda-hook.ps1
no change     /apps/miniconda3/lib/python3.9/site-packages/xontrib/conda.xsh
no change     /apps/miniconda3/etc/profile.d/conda.csh
no change     /home/luigi.cesarini/.bashrc
No action taken.

----------------------------------------------
Calling
conda activate r_symi
Rscript shocks/create_input.R 1981 40407

conda activate my_xclim_env
./shocks/create_input.py -id 40407 -yr 1981

rm ../test/tot_addetti_by_sector_intermediate_40253_1969_Sardegna.csv ../test/tot_addetti_by_sector_intermediate_40288_1971_Veneto.csv ../test/tot_addetti_by_sector_intermediate_40370_1978_Veneto.csv ../test/tot_addetti_by_sector_intermediate_40371_1978_Sardegna.csv ../test/tot_addetti_by_sector_intermediate_40371_1978_Toscana.csv ../test/tot_addetti_by_sector_intermediate_40399_1980_Campania.csv ../test/tot_addetti_by_sector_intermediate_40403_1980_Abruzzo.csv
----------------------------------------------

The job was done in 24 seconds

Tue Mar 25 18:41:17 CET 2025
end of job
