start of job
eliminating results slurm older than 10 days
2025-03-25 18:55:29
/mnt/beegfs/lcesarini/2025_p_irio/src
no change     /apps/miniconda3/condabin/conda
no change     /apps/miniconda3/bin/conda
no change     /apps/miniconda3/bin/conda-env
no change     /apps/miniconda3/bin/activate
no change     /apps/miniconda3/bin/deactivate
no change     /apps/miniconda3/etc/profile.d/conda.sh
no change     /apps/miniconda3/etc/fish/conf.d/conda.fish
no change     /apps/miniconda3/shell/condabin/Conda.psm1
no change     /apps/miniconda3/shell/condabin/conda-hook.ps1
no change     /apps/miniconda3/lib/python3.9/site-packages/xontrib/conda.xsh
no change     /apps/miniconda3/etc/profile.d/conda.csh
no change     /home/luigi.cesarini/.bashrc
No action taken.

----------------------------------------------
Calling
conda activate r_symi
Rscript shocks/create_input.R 2015 40840

conda activate my_xclim_env
./shocks/create_input.py -id 40840 -yr 2015

rm ../test/tot_addetti_by_sector_intermediate_40701_2005_Trentino-Alto Adige.csv ../test/tot_addetti_by_sector_intermediate_40756_2009_Sardegna.csv ../test/tot_addetti_by_sector_intermediate_40757_2010_Umbria.csv ../test/tot_addetti_by_sector_intermediate_40769_2010_Emilia-Romagna.csv ../test/tot_addetti_by_sector_intermediate_40797_2012_Friuli-Venezia Giulia.csv ../test/tot_addetti_by_sector_intermediate_40803_2013_Friuli-Venezia Giulia.csv ../test/tot_addetti_by_sector_intermediate_40836_2015_Piemonte.csv
----------------------------------------------

The job was done in 381 seconds

Tue Mar 25 19:01:50 CET 2025
end of job
