start of job
eliminating results slurm older than 10 days
2025-03-25 18:52:43
/mnt/beegfs/lcesarini/2025_p_irio/src
no change     /apps/miniconda3/condabin/conda
no change     /apps/miniconda3/bin/conda
no change     /apps/miniconda3/bin/conda-env
no change     /apps/miniconda3/bin/activate
no change     /apps/miniconda3/bin/deactivate
no change     /apps/miniconda3/etc/profile.d/conda.sh
no change     /apps/miniconda3/etc/fish/conf.d/conda.fish
no change     /apps/miniconda3/shell/condabin/Conda.psm1
no change     /apps/miniconda3/shell/condabin/conda-hook.ps1
no change     /apps/miniconda3/lib/python3.9/site-packages/xontrib/conda.xsh
no change     /apps/miniconda3/etc/profile.d/conda.csh
no change     /home/luigi.cesarini/.bashrc
No action taken.

----------------------------------------------
Calling
conda activate r_symi
Rscript shocks/create_input.R 2011 40771

conda activate my_xclim_env
./shocks/create_input.py -id 40771 -yr 2011

rm ../test/tot_addetti_by_sector_intermediate_40746_2009_Abruzzo.csv ../test/tot_addetti_by_sector_intermediate_40746_2009_Basilicata.csv ../test/tot_addetti_by_sector_intermediate_40757_2010_Abruzzo.csv ../test/tot_addetti_by_sector_intermediate_40757_2010_Basilicata.csv ../test/tot_addetti_by_sector_intermediate_40765_2010_Campania.csv ../test/tot_addetti_by_sector_intermediate_40768_2010_Basilicata.csv ../test/tot_addetti_by_sector_intermediate_40768_2010_Calabria.csv ../test/tot_addetti_by_sector_intermediate_40768_2010_Emilia-Romagna.csv
----------------------------------------------

The job was done in 105 seconds

Tue Mar 25 18:54:28 CET 2025
end of job
