start of job
eliminating results slurm older than 10 days
2025-03-25 18:53:07
/mnt/beegfs/lcesarini/2025_p_irio/src
no change     /apps/miniconda3/condabin/conda
no change     /apps/miniconda3/bin/conda
no change     /apps/miniconda3/bin/conda-env
no change     /apps/miniconda3/bin/activate
no change     /apps/miniconda3/bin/deactivate
no change     /apps/miniconda3/etc/profile.d/conda.sh
no change     /apps/miniconda3/etc/fish/conf.d/conda.fish
no change     /apps/miniconda3/shell/condabin/Conda.psm1
no change     /apps/miniconda3/shell/condabin/conda-hook.ps1
no change     /apps/miniconda3/lib/python3.9/site-packages/xontrib/conda.xsh
no change     /apps/miniconda3/etc/profile.d/conda.csh
no change     /home/luigi.cesarini/.bashrc
No action taken.

----------------------------------------------
Calling
conda activate r_symi
Rscript shocks/create_input.R 2012 40794

conda activate my_xclim_env
./shocks/create_input.py -id 40794 -yr 2012

rm ../test/tot_addetti_by_sector_intermediate_40294_1972_Umbria.csv ../test/tot_addetti_by_sector_intermediate_40522_1990_Toscana.csv ../test/tot_addetti_by_sector_intermediate_40665_2002_Friuli-Venezia Giulia.csv ../test/tot_addetti_by_sector_intermediate_40752_2009_Liguria.csv ../test/tot_addetti_by_sector_intermediate_40752_2009_Marche.csv ../test/tot_addetti_by_sector_intermediate_40752_2009_Molise.csv ../test/tot_addetti_by_sector_intermediate_40769_2010_Calabria.csv ../test/tot_addetti_by_sector_intermediate_40771_2011_Abruzzo.csv ../test/tot_addetti_by_sector_intermediate_40775_2011_Lombardia.csv ../test/tot_addetti_by_sector_intermediate_40775_2011_Piemonte.csv
----------------------------------------------

The job was done in 155 seconds

Tue Mar 25 18:55:42 CET 2025
end of job
