start of job
eliminating results slurm older than 10 days
2025-03-25 18:36:57
/mnt/beegfs/lcesarini/2025_p_irio/src
no change     /apps/miniconda3/condabin/conda
no change     /apps/miniconda3/bin/conda
no change     /apps/miniconda3/bin/conda-env
no change     /apps/miniconda3/bin/activate
no change     /apps/miniconda3/bin/deactivate
no change     /apps/miniconda3/etc/profile.d/conda.sh
no change     /apps/miniconda3/etc/fish/conf.d/conda.fish
no change     /apps/miniconda3/shell/condabin/Conda.psm1
no change     /apps/miniconda3/shell/condabin/conda-hook.ps1
no change     /apps/miniconda3/lib/python3.9/site-packages/xontrib/conda.xsh
no change     /apps/miniconda3/etc/profile.d/conda.csh
no change     /home/luigi.cesarini/.bashrc
No action taken.

----------------------------------------------
Calling
conda activate r_symi
Rscript shocks/create_input.R 1968 40239

conda activate my_xclim_env
./shocks/create_input.py -id 40239 -yr 1968

rm ../test/tot_addetti_by_sector_intermediate_40142_1960_Lombardia.csv ../test/tot_addetti_by_sector_intermediate_40164_1962_Piemonte.csv ../test/tot_addetti_by_sector_intermediate_40164_1962_Sardegna.csv ../test/tot_addetti_by_sector_intermediate_40169_1963_Marche.csv ../test/tot_addetti_by_sector_intermediate_40169_1963_Sardegna.csv ../test/tot_addetti_by_sector_intermediate_40176_1963_Lazio.csv ../test/tot_addetti_by_sector_intermediate_40179_1963_Sicilia.csv ../test/tot_addetti_by_sector_intermediate_40185_1964_Trentino-Alto Adige.csv ../test/tot_addetti_by_sector_intermediate_40193_1964_Marche.csv ../test/tot_addetti_by_sector_intermediate_40194_1965_Sicilia.csv ../test/tot_addetti_by_sector_intermediate_40194_1965_Toscana.csv ../test/tot_addetti_by_sector_intermediate_40196_1965_Basilicata.csv ../test/tot_addetti_by_sector_intermediate_40199_1965_Emilia-Romagna.csv ../test/tot_addetti_by_sector_intermediate_40209_1966_Basilicata.csv ../test/tot_addetti_by_sector_intermediate_40210_1966_Liguria.csv ../test/tot_addetti_by_sector_intermediate_40215_1966_Sicilia.csv ../test/tot_addetti_by_sector_intermediate_40225_1967_Calabria.csv
----------------------------------------------

The job was done in 629 seconds

Tue Mar 25 18:47:26 CET 2025
end of job
