start of job
eliminating results slurm older than 10 days
2025-03-25 18:47:30
/mnt/beegfs/lcesarini/2025_p_irio/src
no change     /apps/miniconda3/condabin/conda
no change     /apps/miniconda3/bin/conda
no change     /apps/miniconda3/bin/conda-env
no change     /apps/miniconda3/bin/activate
no change     /apps/miniconda3/bin/deactivate
no change     /apps/miniconda3/etc/profile.d/conda.sh
no change     /apps/miniconda3/etc/fish/conf.d/conda.fish
no change     /apps/miniconda3/shell/condabin/Conda.psm1
no change     /apps/miniconda3/shell/condabin/conda-hook.ps1
no change     /apps/miniconda3/lib/python3.9/site-packages/xontrib/conda.xsh
no change     /apps/miniconda3/etc/profile.d/conda.csh
no change     /home/luigi.cesarini/.bashrc
No action taken.

----------------------------------------------
Calling
conda activate r_symi
Rscript shocks/create_input.R 1998 40603

conda activate my_xclim_env
./shocks/create_input.py -id 40603 -yr 1998

rm ../test/tot_addetti_by_sector_intermediate_40256_1969_Piemonte.csv ../test/tot_addetti_by_sector_intermediate_40256_1969_Trentino-Alto Adige.csv ../test/tot_addetti_by_sector_intermediate_40522_1990_Lombardia.csv ../test/tot_addetti_by_sector_intermediate_40575_1995_Veneto.csv ../test/tot_addetti_by_sector_intermediate_40581_1995_Emilia-Romagna.csv ../test/tot_addetti_by_sector_intermediate_40581_1995_Friuli-Venezia Giulia.csv
----------------------------------------------

The job was done in 27 seconds

Tue Mar 25 18:47:57 CET 2025
end of job
