start of job
eliminating results slurm older than 10 days
2025-03-25 18:52:47
/mnt/beegfs/lcesarini/2025_p_irio/src
no change     /apps/miniconda3/condabin/conda
no change     /apps/miniconda3/bin/conda
no change     /apps/miniconda3/bin/conda-env
no change     /apps/miniconda3/bin/activate
no change     /apps/miniconda3/bin/deactivate
no change     /apps/miniconda3/etc/profile.d/conda.sh
no change     /apps/miniconda3/etc/fish/conf.d/conda.fish
no change     /apps/miniconda3/shell/condabin/Conda.psm1
no change     /apps/miniconda3/shell/condabin/conda-hook.ps1
no change     /apps/miniconda3/lib/python3.9/site-packages/xontrib/conda.xsh
no change     /apps/miniconda3/etc/profile.d/conda.csh
no change     /home/luigi.cesarini/.bashrc
No action taken.

----------------------------------------------
Calling
conda activate r_symi
Rscript shocks/create_input.R 2011 40783

conda activate my_xclim_env
./shocks/create_input.py -id 40783 -yr 2011

rm ../test/tot_addetti_by_sector_intermediate_40392_1979_Toscana.csv ../test/tot_addetti_by_sector_intermediate_40657_2002_Marche.csv ../test/tot_addetti_by_sector_intermediate_40752_2009_Campania.csv ../test/tot_addetti_by_sector_intermediate_40773_2011_Calabria.csv ../test/tot_addetti_by_sector_intermediate_40773_2011_Piemonte.csv
----------------------------------------------

The job was done in 593 seconds

Tue Mar 25 19:02:40 CET 2025
end of job
