start of job
eliminating results slurm older than 10 days
2025-03-25 18:40:07
/mnt/beegfs/lcesarini/2025_p_irio/src
no change     /apps/miniconda3/condabin/conda
no change     /apps/miniconda3/bin/conda
no change     /apps/miniconda3/bin/conda-env
no change     /apps/miniconda3/bin/activate
no change     /apps/miniconda3/bin/deactivate
no change     /apps/miniconda3/etc/profile.d/conda.sh
no change     /apps/miniconda3/etc/fish/conf.d/conda.fish
no change     /apps/miniconda3/shell/condabin/Conda.psm1
no change     /apps/miniconda3/shell/condabin/conda-hook.ps1
no change     /apps/miniconda3/lib/python3.9/site-packages/xontrib/conda.xsh
no change     /apps/miniconda3/etc/profile.d/conda.csh
no change     /home/luigi.cesarini/.bashrc
No action taken.

----------------------------------------------
Calling
conda activate r_symi
Rscript shocks/create_input.R 1980 40395

conda activate my_xclim_env
./shocks/create_input.py -id 40395 -yr 1980

rm ../test/tot_addetti_by_sector_intermediate_40204_1965_Toscana.csv ../test/tot_addetti_by_sector_intermediate_40252_1968_Marche.csv ../test/tot_addetti_by_sector_intermediate_40252_1968_Molise.csv ../test/tot_addetti_by_sector_intermediate_40252_1968_Piemonte.csv ../test/tot_addetti_by_sector_intermediate_40288_1971_Piemonte.csv ../test/tot_addetti_by_sector_intermediate_40324_1974_Emilia-Romagna.csv ../test/tot_addetti_by_sector_intermediate_40360_1977_Lombardia.csv ../test/tot_addetti_by_sector_intermediate_40371_1978_Campania.csv ../test/tot_addetti_by_sector_intermediate_40374_1978_Piemonte.csv ../test/tot_addetti_by_sector_intermediate_40380_1978_Emilia-Romagna.csv ../test/tot_addetti_by_sector_intermediate_40380_1978_Marche.csv ../test/tot_addetti_by_sector_intermediate_40380_1978_Toscana.csv ../test/tot_addetti_by_sector_intermediate_40382_1979_Calabria.csv ../test/tot_addetti_by_sector_intermediate_40382_1979_Campania.csv
----------------------------------------------

The job was done in 39 seconds

Tue Mar 25 18:40:46 CET 2025
end of job
