start of job
eliminating results slurm older than 10 days
2025-03-25 18:40:15
/mnt/beegfs/lcesarini/2025_p_irio/src
no change     /apps/miniconda3/condabin/conda
no change     /apps/miniconda3/bin/conda
no change     /apps/miniconda3/bin/conda-env
no change     /apps/miniconda3/bin/activate
no change     /apps/miniconda3/bin/deactivate
no change     /apps/miniconda3/etc/profile.d/conda.sh
no change     /apps/miniconda3/etc/fish/conf.d/conda.fish
no change     /apps/miniconda3/shell/condabin/Conda.psm1
no change     /apps/miniconda3/shell/condabin/conda-hook.ps1
no change     /apps/miniconda3/lib/python3.9/site-packages/xontrib/conda.xsh
no change     /apps/miniconda3/etc/profile.d/conda.csh
no change     /home/luigi.cesarini/.bashrc
No action taken.

----------------------------------------------
Calling
conda activate r_symi
Rscript shocks/create_input.R 1980 40402

conda activate my_xclim_env
./shocks/create_input.py -id 40402 -yr 1980

rm ../test/tot_addetti_by_sector_intermediate_40231_1967_Veneto.csv ../test/tot_addetti_by_sector_intermediate_40276_1970_Veneto.csv ../test/tot_addetti_by_sector_intermediate_40288_1971_Puglia.csv ../test/tot_addetti_by_sector_intermediate_40329_1975_Sicilia.csv ../test/tot_addetti_by_sector_intermediate_40369_1978_Lombardia.csv ../test/tot_addetti_by_sector_intermediate_40375_1978_Emilia-Romagna.csv ../test/tot_addetti_by_sector_intermediate_40375_1978_Friuli-Venezia Giulia.csv ../test/tot_addetti_by_sector_intermediate_40386_1979_Basilicata.csv ../test/tot_addetti_by_sector_intermediate_40391_1979_Abruzzo.csv ../test/tot_addetti_by_sector_intermediate_40391_1979_Basilicata.csv ../test/tot_addetti_by_sector_intermediate_40393_1979_Friuli-Venezia Giulia.csv ../test/tot_addetti_by_sector_intermediate_40393_1979_Lazio.csv ../test/tot_addetti_by_sector_intermediate_40393_1979_Lombardia.csv ../test/tot_addetti_by_sector_intermediate_40393_1979_Piemonte.csv
----------------------------------------------

The job was done in 30 seconds

Tue Mar 25 18:40:45 CET 2025
end of job
