start of job
eliminating results slurm older than 10 days
2025-03-25 18:51:00
/mnt/beegfs/lcesarini/2025_p_irio/src
no change     /apps/miniconda3/condabin/conda
no change     /apps/miniconda3/bin/conda
no change     /apps/miniconda3/bin/conda-env
no change     /apps/miniconda3/bin/activate
no change     /apps/miniconda3/bin/deactivate
no change     /apps/miniconda3/etc/profile.d/conda.sh
no change     /apps/miniconda3/etc/fish/conf.d/conda.fish
no change     /apps/miniconda3/shell/condabin/Conda.psm1
no change     /apps/miniconda3/shell/condabin/conda-hook.ps1
no change     /apps/miniconda3/lib/python3.9/site-packages/xontrib/conda.xsh
no change     /apps/miniconda3/etc/profile.d/conda.csh
no change     /home/luigi.cesarini/.bashrc
No action taken.

----------------------------------------------
Calling
conda activate r_symi
Rscript shocks/create_input.R 2007 40729

conda activate my_xclim_env
./shocks/create_input.py -id 40729 -yr 2007

rm ../test/tot_addetti_by_sector_intermediate_40530_1991_Sardegna.csv ../test/tot_addetti_by_sector_intermediate_40530_1991_Toscana.csv ../test/tot_addetti_by_sector_intermediate_40693_2005_Campania.csv ../test/tot_addetti_by_sector_intermediate_40705_2005_Campania.csv ../test/tot_addetti_by_sector_intermediate_40706_2005_Campania.csv ../test/tot_addetti_by_sector_intermediate_40707_2006_Sardegna.csv ../test/tot_addetti_by_sector_intermediate_40708_2006_Calabria.csv
----------------------------------------------

The job was done in 184 seconds

Tue Mar 25 18:54:04 CET 2025
end of job
