start of job
eliminating results slurm older than 10 days
2025-03-25 18:38:55
/mnt/beegfs/lcesarini/2025_p_irio/src
no change     /apps/miniconda3/condabin/conda
no change     /apps/miniconda3/bin/conda
no change     /apps/miniconda3/bin/conda-env
no change     /apps/miniconda3/bin/activate
no change     /apps/miniconda3/bin/deactivate
no change     /apps/miniconda3/etc/profile.d/conda.sh
no change     /apps/miniconda3/etc/fish/conf.d/conda.fish
no change     /apps/miniconda3/shell/condabin/Conda.psm1
no change     /apps/miniconda3/shell/condabin/conda-hook.ps1
no change     /apps/miniconda3/lib/python3.9/site-packages/xontrib/conda.xsh
no change     /apps/miniconda3/etc/profile.d/conda.csh
no change     /home/luigi.cesarini/.bashrc
No action taken.

----------------------------------------------
Calling
conda activate r_symi
Rscript shocks/create_input.R 1975 40333

conda activate my_xclim_env
./shocks/create_input.py -id 40333 -yr 1975

rm ../test/tot_addetti_by_sector_intermediate_40137_1959_Sicilia.csv ../test/tot_addetti_by_sector_intermediate_40244_1968_Puglia.csv ../test/tot_addetti_by_sector_intermediate_40265_1969_Lazio.csv ../test/tot_addetti_by_sector_intermediate_40289_1971_Lazio.csv ../test/tot_addetti_by_sector_intermediate_40289_1971_Molise.csv ../test/tot_addetti_by_sector_intermediate_40307_1973_Marche.csv ../test/tot_addetti_by_sector_intermediate_40308_1973_Trentino-Alto Adige.csv ../test/tot_addetti_by_sector_intermediate_40314_1973_Liguria.csv ../test/tot_addetti_by_sector_intermediate_40316_1974_Friuli-Venezia Giulia.csv
----------------------------------------------

The job was done in 48 seconds

Tue Mar 25 18:39:43 CET 2025
end of job
