start of job
eliminating results slurm older than 10 days
2025-03-25 18:51:26
/mnt/beegfs/lcesarini/2025_p_irio/src
no change     /apps/miniconda3/condabin/conda
no change     /apps/miniconda3/bin/conda
no change     /apps/miniconda3/bin/conda-env
no change     /apps/miniconda3/bin/activate
no change     /apps/miniconda3/bin/deactivate
no change     /apps/miniconda3/etc/profile.d/conda.sh
no change     /apps/miniconda3/etc/fish/conf.d/conda.fish
no change     /apps/miniconda3/shell/condabin/Conda.psm1
no change     /apps/miniconda3/shell/condabin/conda-hook.ps1
no change     /apps/miniconda3/lib/python3.9/site-packages/xontrib/conda.xsh
no change     /apps/miniconda3/etc/profile.d/conda.csh
no change     /home/luigi.cesarini/.bashrc
No action taken.

----------------------------------------------
Calling
conda activate r_symi
Rscript shocks/create_input.R 2009 40747

conda activate my_xclim_env
./shocks/create_input.py -id 40747 -yr 2009

rm ../test/tot_addetti_by_sector_intermediate_40006_1950_Friuli-Venezia Giulia.csv ../test/tot_addetti_by_sector_intermediate_40708_2006_Friuli-Venezia Giulia.csv ../test/tot_addetti_by_sector_intermediate_40708_2006_Molise.csv
----------------------------------------------

The job was done in 61 seconds

Tue Mar 25 18:52:27 CET 2025
end of job
