start of job
eliminating results slurm older than 10 days
2025-03-25 18:36:44
/mnt/beegfs/lcesarini/2025_p_irio/src
no change     /apps/miniconda3/condabin/conda
no change     /apps/miniconda3/bin/conda
no change     /apps/miniconda3/bin/conda-env
no change     /apps/miniconda3/bin/activate
no change     /apps/miniconda3/bin/deactivate
no change     /apps/miniconda3/etc/profile.d/conda.sh
no change     /apps/miniconda3/etc/fish/conf.d/conda.fish
no change     /apps/miniconda3/shell/condabin/Conda.psm1
no change     /apps/miniconda3/shell/condabin/conda-hook.ps1
no change     /apps/miniconda3/lib/python3.9/site-packages/xontrib/conda.xsh
no change     /apps/miniconda3/etc/profile.d/conda.csh
no change     /home/luigi.cesarini/.bashrc
No action taken.

----------------------------------------------
Calling
conda activate r_symi
Rscript shocks/create_input.R 1967 40224

conda activate my_xclim_env
./shocks/create_input.py -id 40224 -yr 1967

rm ../test/tot_addetti_by_sector_intermediate_40103_1957_Trentino-Alto Adige.csv ../test/tot_addetti_by_sector_intermediate_40132_1959_Lazio.csv ../test/tot_addetti_by_sector_intermediate_40158_1961_Friuli-Venezia Giulia.csv ../test/tot_addetti_by_sector_intermediate_40165_1962_Trentino-Alto Adige.csv ../test/tot_addetti_by_sector_intermediate_40165_1962_Valle d'Aosta.csv ../test/tot_addetti_by_sector_intermediate_40167_1962_Liguria.csv ../test/tot_addetti_by_sector_intermediate_40181_1964_Toscana.csv ../test/tot_addetti_by_sector_intermediate_40194_1965_Calabria.csv ../test/tot_addetti_by_sector_intermediate_40195_1965_Basilicata.csv ../test/tot_addetti_by_sector_intermediate_40200_1965_Friuli-Venezia Giulia.csv ../test/tot_addetti_by_sector_intermediate_40201_1965_Friuli-Venezia Giulia.csv ../test/tot_addetti_by_sector_intermediate_40219_1966_Emilia-Romagna.csv
----------------------------------------------

The job was done in 30 seconds

Tue Mar 25 18:37:14 CET 2025
end of job
