start of job
eliminating results slurm older than 10 days
2025-03-25 18:57:09
/mnt/beegfs/lcesarini/2025_p_irio/src
no change     /apps/miniconda3/condabin/conda
no change     /apps/miniconda3/bin/conda
no change     /apps/miniconda3/bin/conda-env
no change     /apps/miniconda3/bin/activate
no change     /apps/miniconda3/bin/deactivate
no change     /apps/miniconda3/etc/profile.d/conda.sh
no change     /apps/miniconda3/etc/fish/conf.d/conda.fish
no change     /apps/miniconda3/shell/condabin/Conda.psm1
no change     /apps/miniconda3/shell/condabin/conda-hook.ps1
no change     /apps/miniconda3/lib/python3.9/site-packages/xontrib/conda.xsh
no change     /apps/miniconda3/etc/profile.d/conda.csh
no change     /home/luigi.cesarini/.bashrc
No action taken.

----------------------------------------------
Calling
conda activate r_symi
Rscript shocks/create_input.R 2019 40883

conda activate my_xclim_env
./shocks/create_input.py -id 40883 -yr 2019

rm ../test/tot_addetti_by_sector_intermediate_40777_2011_Lombardia.csv ../test/tot_addetti_by_sector_intermediate_40777_2011_Marche.csv ../test/tot_addetti_by_sector_intermediate_40777_2011_Piemonte.csv ../test/tot_addetti_by_sector_intermediate_40783_2011_Lombardia.csv ../test/tot_addetti_by_sector_intermediate_40840_2015_Campania.csv ../test/tot_addetti_by_sector_intermediate_40840_2015_Emilia-Romagna.csv ../test/tot_addetti_by_sector_intermediate_40855_2016_Friuli-Venezia Giulia.csv ../test/tot_addetti_by_sector_intermediate_40855_2016_Lazio.csv ../test/tot_addetti_by_sector_intermediate_40870_2018_Calabria.csv ../test/tot_addetti_by_sector_intermediate_40870_2018_Campania.csv ../test/tot_addetti_by_sector_intermediate_40871_2018_Basilicata.csv
----------------------------------------------

The job was done in 57 seconds

Tue Mar 25 18:58:06 CET 2025
end of job
