start of job
eliminating results slurm older than 10 days
2025-03-25 18:38:00
/mnt/beegfs/lcesarini/2025_p_irio/src
no change     /apps/miniconda3/condabin/conda
no change     /apps/miniconda3/bin/conda
no change     /apps/miniconda3/bin/conda-env
no change     /apps/miniconda3/bin/activate
no change     /apps/miniconda3/bin/deactivate
no change     /apps/miniconda3/etc/profile.d/conda.sh
no change     /apps/miniconda3/etc/fish/conf.d/conda.fish
no change     /apps/miniconda3/shell/condabin/Conda.psm1
no change     /apps/miniconda3/shell/condabin/conda-hook.ps1
no change     /apps/miniconda3/lib/python3.9/site-packages/xontrib/conda.xsh
no change     /apps/miniconda3/etc/profile.d/conda.csh
no change     /home/luigi.cesarini/.bashrc
No action taken.

----------------------------------------------
Calling
conda activate r_symi
Rscript shocks/create_input.R 1972 40301

conda activate my_xclim_env
./shocks/create_input.py -id 40301 -yr 1972

rm ../test/tot_addetti_by_sector_intermediate_40167_1962_Umbria.csv ../test/tot_addetti_by_sector_intermediate_40177_1963_Lombardia.csv ../test/tot_addetti_by_sector_intermediate_40177_1963_Molise.csv ../test/tot_addetti_by_sector_intermediate_40177_1963_Piemonte.csv ../test/tot_addetti_by_sector_intermediate_40204_1965_Piemonte.csv ../test/tot_addetti_by_sector_intermediate_40230_1967_Liguria.csv ../test/tot_addetti_by_sector_intermediate_40242_1968_Trentino-Alto Adige.csv ../test/tot_addetti_by_sector_intermediate_40255_1969_Abruzzo.csv ../test/tot_addetti_by_sector_intermediate_40259_1969_Marche.csv ../test/tot_addetti_by_sector_intermediate_40259_1969_Valle d'Aosta.csv ../test/tot_addetti_by_sector_intermediate_40269_1970_Trentino-Alto Adige.csv ../test/tot_addetti_by_sector_intermediate_40287_1971_Calabria.csv ../test/tot_addetti_by_sector_intermediate_40287_1971_Sardegna.csv ../test/tot_addetti_by_sector_intermediate_40287_1971_Sicilia.csv
----------------------------------------------

The job was done in 88 seconds

Tue Mar 25 18:39:28 CET 2025
end of job
