start of job
eliminating results slurm older than 10 days
2025-03-25 18:46:49
/mnt/beegfs/lcesarini/2025_p_irio/src
no change     /apps/miniconda3/condabin/conda
no change     /apps/miniconda3/bin/conda
no change     /apps/miniconda3/bin/conda-env
no change     /apps/miniconda3/bin/activate
no change     /apps/miniconda3/bin/deactivate
no change     /apps/miniconda3/etc/profile.d/conda.sh
no change     /apps/miniconda3/etc/fish/conf.d/conda.fish
no change     /apps/miniconda3/shell/condabin/Conda.psm1
no change     /apps/miniconda3/shell/condabin/conda-hook.ps1
no change     /apps/miniconda3/lib/python3.9/site-packages/xontrib/conda.xsh
no change     /apps/miniconda3/etc/profile.d/conda.csh
no change     /home/luigi.cesarini/.bashrc
No action taken.

----------------------------------------------
Calling
conda activate r_symi
Rscript shocks/create_input.R 1996 40591

conda activate my_xclim_env
./shocks/create_input.py -id 40591 -yr 1996

rm ../test/tot_addetti_by_sector_intermediate_40239_1968_Toscana.csv ../test/tot_addetti_by_sector_intermediate_40353_1976_Lombardia.csv ../test/tot_addetti_by_sector_intermediate_40527_1991_Umbria.csv ../test/tot_addetti_by_sector_intermediate_40536_1992_Marche.csv ../test/tot_addetti_by_sector_intermediate_40543_1992_Liguria.csv ../test/tot_addetti_by_sector_intermediate_40552_1993_Emilia-Romagna.csv ../test/tot_addetti_by_sector_intermediate_40564_1994_Lazio.csv ../test/tot_addetti_by_sector_intermediate_40569_1995_Puglia.csv ../test/tot_addetti_by_sector_intermediate_40578_1995_Basilicata.csv
----------------------------------------------

The job was done in 697 seconds

Tue Mar 25 18:58:26 CET 2025
end of job
