start of job
eliminating results slurm older than 10 days
2025-03-25 18:39:32
/mnt/beegfs/lcesarini/2025_p_irio/src
no change     /apps/miniconda3/condabin/conda
no change     /apps/miniconda3/bin/conda
no change     /apps/miniconda3/bin/conda-env
no change     /apps/miniconda3/bin/activate
no change     /apps/miniconda3/bin/deactivate
no change     /apps/miniconda3/etc/profile.d/conda.sh
no change     /apps/miniconda3/etc/fish/conf.d/conda.fish
no change     /apps/miniconda3/shell/condabin/Conda.psm1
no change     /apps/miniconda3/shell/condabin/conda-hook.ps1
no change     /apps/miniconda3/lib/python3.9/site-packages/xontrib/conda.xsh
no change     /apps/miniconda3/etc/profile.d/conda.csh
no change     /home/luigi.cesarini/.bashrc
No action taken.

----------------------------------------------
Calling
conda activate r_symi
Rscript shocks/create_input.R 1978 40375

conda activate my_xclim_env
./shocks/create_input.py -id 40375 -yr 1978

rm ../test/tot_addetti_by_sector_intermediate_40247_1968_Piemonte.csv ../test/tot_addetti_by_sector_intermediate_40294_1972_Friuli-Venezia Giulia.csv ../test/tot_addetti_by_sector_intermediate_40311_1973_Puglia.csv ../test/tot_addetti_by_sector_intermediate_40332_1975_Sicilia.csv ../test/tot_addetti_by_sector_intermediate_40354_1976_Basilicata.csv ../test/tot_addetti_by_sector_intermediate_40356_1977_Lazio.csv
----------------------------------------------

The job was done in 265 seconds

Tue Mar 25 18:43:58 CET 2025
end of job
