start of job
eliminating results slurm older than 10 days
2025-03-25 18:38:11
/mnt/beegfs/lcesarini/2025_p_irio/src
no change     /apps/miniconda3/condabin/conda
no change     /apps/miniconda3/bin/conda
no change     /apps/miniconda3/bin/conda-env
no change     /apps/miniconda3/bin/activate
no change     /apps/miniconda3/bin/deactivate
no change     /apps/miniconda3/etc/profile.d/conda.sh
no change     /apps/miniconda3/etc/fish/conf.d/conda.fish
no change     /apps/miniconda3/shell/condabin/Conda.psm1
no change     /apps/miniconda3/shell/condabin/conda-hook.ps1
no change     /apps/miniconda3/lib/python3.9/site-packages/xontrib/conda.xsh
no change     /apps/miniconda3/etc/profile.d/conda.csh
no change     /home/luigi.cesarini/.bashrc
No action taken.

----------------------------------------------
Calling
conda activate r_symi
Rscript shocks/create_input.R 1972 40298

conda activate my_xclim_env
./shocks/create_input.py -id 40298 -yr 1972

rm ../test/tot_addetti_by_sector_intermediate_40100_1957_Emilia-Romagna.csv ../test/tot_addetti_by_sector_intermediate_40170_1963_Lazio.csv ../test/tot_addetti_by_sector_intermediate_40173_1963_Liguria.csv ../test/tot_addetti_by_sector_intermediate_40183_1964_Piemonte.csv ../test/tot_addetti_by_sector_intermediate_40183_1964_Sardegna.csv ../test/tot_addetti_by_sector_intermediate_40239_1968_Liguria.csv ../test/tot_addetti_by_sector_intermediate_40253_1969_Campania.csv ../test/tot_addetti_by_sector_intermediate_40273_1970_Emilia-Romagna.csv ../test/tot_addetti_by_sector_intermediate_40276_1970_Campania.csv ../test/tot_addetti_by_sector_intermediate_40288_1971_Emilia-Romagna.csv ../test/tot_addetti_by_sector_intermediate_40288_1971_Friuli-Venezia Giulia.csv ../test/tot_addetti_by_sector_intermediate_40292_1972_Basilicata.csv
----------------------------------------------

The job was done in 714 seconds

Tue Mar 25 18:50:05 CET 2025
end of job
