start of job
eliminating results slurm older than 10 days
2025-03-25 18:40:30
/mnt/beegfs/lcesarini/2025_p_irio/src
no change     /apps/miniconda3/condabin/conda
no change     /apps/miniconda3/bin/conda
no change     /apps/miniconda3/bin/conda-env
no change     /apps/miniconda3/bin/activate
no change     /apps/miniconda3/bin/deactivate
no change     /apps/miniconda3/etc/profile.d/conda.sh
no change     /apps/miniconda3/etc/fish/conf.d/conda.fish
no change     /apps/miniconda3/shell/condabin/Conda.psm1
no change     /apps/miniconda3/shell/condabin/conda-hook.ps1
no change     /apps/miniconda3/lib/python3.9/site-packages/xontrib/conda.xsh
no change     /apps/miniconda3/etc/profile.d/conda.csh
no change     /home/luigi.cesarini/.bashrc
No action taken.

----------------------------------------------
Calling
conda activate r_symi
Rscript shocks/create_input.R 1981 40416

conda activate my_xclim_env
./shocks/create_input.py -id 40416 -yr 1981

rm ../test/tot_addetti_by_sector_intermediate_40255_1969_Piemonte.csv ../test/tot_addetti_by_sector_intermediate_40365_1977_Liguria.csv ../test/tot_addetti_by_sector_intermediate_40371_1978_Lazio.csv ../test/tot_addetti_by_sector_intermediate_40371_1978_Lombardia.csv ../test/tot_addetti_by_sector_intermediate_40378_1978_Marche.csv ../test/tot_addetti_by_sector_intermediate_40386_1979_Puglia.csv ../test/tot_addetti_by_sector_intermediate_40388_1979_Campania.csv ../test/tot_addetti_by_sector_intermediate_40395_1980_Lazio.csv ../test/tot_addetti_by_sector_intermediate_40397_1980_Emilia-Romagna.csv
----------------------------------------------

The job was done in 917 seconds

Tue Mar 25 18:55:47 CET 2025
end of job
