start of job
eliminating results slurm older than 10 days
2025-03-25 18:56:09
/mnt/beegfs/lcesarini/2025_p_irio/src
no change     /apps/miniconda3/condabin/conda
no change     /apps/miniconda3/bin/conda
no change     /apps/miniconda3/bin/conda-env
no change     /apps/miniconda3/bin/activate
no change     /apps/miniconda3/bin/deactivate
no change     /apps/miniconda3/etc/profile.d/conda.sh
no change     /apps/miniconda3/etc/fish/conf.d/conda.fish
no change     /apps/miniconda3/shell/condabin/Conda.psm1
no change     /apps/miniconda3/shell/condabin/conda-hook.ps1
no change     /apps/miniconda3/lib/python3.9/site-packages/xontrib/conda.xsh
no change     /apps/miniconda3/etc/profile.d/conda.csh
no change     /home/luigi.cesarini/.bashrc
No action taken.

----------------------------------------------
Calling
conda activate r_symi
Rscript shocks/create_input.R 2017 40860

conda activate my_xclim_env
./shocks/create_input.py -id 40860 -yr 2017

rm ../test/tot_addetti_by_sector_intermediate_40760_2010_Trentino-Alto Adige.csv ../test/tot_addetti_by_sector_intermediate_40803_2013_Puglia.csv ../test/tot_addetti_by_sector_intermediate_40803_2013_Sardegna.csv ../test/tot_addetti_by_sector_intermediate_40843_2016_Toscana.csv ../test/tot_addetti_by_sector_intermediate_40844_2016_Calabria.csv ../test/tot_addetti_by_sector_intermediate_40845_2016_Calabria.csv ../test/tot_addetti_by_sector_intermediate_40845_2016_Campania.csv ../test/tot_addetti_by_sector_intermediate_40845_2016_Emilia-Romagna.csv ../test/tot_addetti_by_sector_intermediate_40845_2016_Friuli-Venezia Giulia.csv ../test/tot_addetti_by_sector_intermediate_40847_2016_Calabria.csv ../test/tot_addetti_by_sector_intermediate_40850_2016_Abruzzo.csv ../test/tot_addetti_by_sector_intermediate_40850_2016_Basilicata.csv ../test/tot_addetti_by_sector_intermediate_40852_2016_Basilicata.csv ../test/tot_addetti_by_sector_intermediate_40852_2016_Campania.csv
----------------------------------------------

The job was done in 39 seconds

Tue Mar 25 18:56:48 CET 2025
end of job
