start of job
eliminating results slurm older than 10 days
2025-03-25 18:36:31
/mnt/beegfs/lcesarini/2025_p_irio/src
no change     /apps/miniconda3/condabin/conda
no change     /apps/miniconda3/bin/conda
no change     /apps/miniconda3/bin/conda-env
no change     /apps/miniconda3/bin/activate
no change     /apps/miniconda3/bin/deactivate
no change     /apps/miniconda3/etc/profile.d/conda.sh
no change     /apps/miniconda3/etc/fish/conf.d/conda.fish
no change     /apps/miniconda3/shell/condabin/Conda.psm1
no change     /apps/miniconda3/shell/condabin/conda-hook.ps1
no change     /apps/miniconda3/lib/python3.9/site-packages/xontrib/conda.xsh
no change     /apps/miniconda3/etc/profile.d/conda.csh
no change     /home/luigi.cesarini/.bashrc
No action taken.

----------------------------------------------
Calling
conda activate r_symi
Rscript shocks/create_input.R 1966 40210

conda activate my_xclim_env
./shocks/create_input.py -id 40210 -yr 1966

rm ../test/tot_addetti_by_sector_intermediate_40094_1957_Sardegna.csv ../test/tot_addetti_by_sector_intermediate_40118_1958_Lombardia.csv ../test/tot_addetti_by_sector_intermediate_40128_1959_Emilia-Romagna.csv ../test/tot_addetti_by_sector_intermediate_40140_1960_Lazio.csv ../test/tot_addetti_by_sector_intermediate_40150_1960_Calabria.csv ../test/tot_addetti_by_sector_intermediate_40157_1961_Campania.csv ../test/tot_addetti_by_sector_intermediate_40159_1961_Campania.csv ../test/tot_addetti_by_sector_intermediate_40169_1963_Emilia-Romagna.csv ../test/tot_addetti_by_sector_intermediate_40176_1963_Abruzzo.csv ../test/tot_addetti_by_sector_intermediate_40176_1963_Basilicata.csv
----------------------------------------------

The job was done in 145 seconds

Tue Mar 25 18:38:56 CET 2025
end of job
