start of job
eliminating results slurm older than 10 days
2025-03-25 18:52:31
/mnt/beegfs/lcesarini/2025_p_irio/src
no change     /apps/miniconda3/condabin/conda
no change     /apps/miniconda3/bin/conda
no change     /apps/miniconda3/bin/conda-env
no change     /apps/miniconda3/bin/activate
no change     /apps/miniconda3/bin/deactivate
no change     /apps/miniconda3/etc/profile.d/conda.sh
no change     /apps/miniconda3/etc/fish/conf.d/conda.fish
no change     /apps/miniconda3/shell/condabin/Conda.psm1
no change     /apps/miniconda3/shell/condabin/conda-hook.ps1
no change     /apps/miniconda3/lib/python3.9/site-packages/xontrib/conda.xsh
no change     /apps/miniconda3/etc/profile.d/conda.csh
no change     /home/luigi.cesarini/.bashrc
No action taken.

----------------------------------------------
Calling
conda activate r_symi
Rscript shocks/create_input.R 2011 40773

conda activate my_xclim_env
./shocks/create_input.py -id 40773 -yr 2011

rm ../test/tot_addetti_by_sector_intermediate_40034_1952_Friuli-Venezia Giulia.csv ../test/tot_addetti_by_sector_intermediate_40564_1994_Trentino-Alto Adige.csv ../test/tot_addetti_by_sector_intermediate_40564_1994_Umbria.csv ../test/tot_addetti_by_sector_intermediate_40567_1994_Toscana.csv ../test/tot_addetti_by_sector_intermediate_40567_1994_Valle d'Aosta.csv ../test/tot_addetti_by_sector_intermediate_40591_1996_Lombardia.csv ../test/tot_addetti_by_sector_intermediate_40677_2003_Sardegna.csv ../test/tot_addetti_by_sector_intermediate_40677_2003_Sicilia.csv ../test/tot_addetti_by_sector_intermediate_40688_2004_Sardegna.csv ../test/tot_addetti_by_sector_intermediate_40688_2004_Sicilia.csv ../test/tot_addetti_by_sector_intermediate_40689_2004_Sardegna.csv ../test/tot_addetti_by_sector_intermediate_40689_2004_Sicilia.csv ../test/tot_addetti_by_sector_intermediate_40767_2010_Lazio.csv
----------------------------------------------

The job was done in 29 seconds

Tue Mar 25 18:53:00 CET 2025
end of job
