start of job
eliminating results slurm older than 10 days
2025-03-25 18:44:26
/mnt/beegfs/lcesarini/2025_p_irio/src
no change     /apps/miniconda3/condabin/conda
no change     /apps/miniconda3/bin/conda
no change     /apps/miniconda3/bin/conda-env
no change     /apps/miniconda3/bin/activate
no change     /apps/miniconda3/bin/deactivate
no change     /apps/miniconda3/etc/profile.d/conda.sh
no change     /apps/miniconda3/etc/fish/conf.d/conda.fish
no change     /apps/miniconda3/shell/condabin/Conda.psm1
no change     /apps/miniconda3/shell/condabin/conda-hook.ps1
no change     /apps/miniconda3/lib/python3.9/site-packages/xontrib/conda.xsh
no change     /apps/miniconda3/etc/profile.d/conda.csh
no change     /home/luigi.cesarini/.bashrc
No action taken.

----------------------------------------------
Calling
conda activate r_symi
Rscript shocks/create_input.R 1990 40516

conda activate my_xclim_env
./shocks/create_input.py -id 40516 -yr 1990

rm ../test/tot_addetti_by_sector_intermediate_40364_1977_Trentino-Alto Adige.csv ../test/tot_addetti_by_sector_intermediate_40364_1977_Valle d'Aosta.csv ../test/tot_addetti_by_sector_intermediate_40373_1978_Toscana.csv ../test/tot_addetti_by_sector_intermediate_40432_1983_Toscana.csv ../test/tot_addetti_by_sector_intermediate_40515_1989_Sicilia.csv
----------------------------------------------

The job was done in 128 seconds

Tue Mar 25 18:46:33 CET 2025
end of job
