start of job
eliminating results slurm older than 10 days
2025-03-25 18:49:21
/mnt/beegfs/lcesarini/2025_p_irio/src
no change     /apps/miniconda3/condabin/conda
no change     /apps/miniconda3/bin/conda
no change     /apps/miniconda3/bin/conda-env
no change     /apps/miniconda3/bin/activate
no change     /apps/miniconda3/bin/deactivate
no change     /apps/miniconda3/etc/profile.d/conda.sh
no change     /apps/miniconda3/etc/fish/conf.d/conda.fish
no change     /apps/miniconda3/shell/condabin/Conda.psm1
no change     /apps/miniconda3/shell/condabin/conda-hook.ps1
no change     /apps/miniconda3/lib/python3.9/site-packages/xontrib/conda.xsh
no change     /apps/miniconda3/etc/profile.d/conda.csh
no change     /home/luigi.cesarini/.bashrc
No action taken.

----------------------------------------------
Calling
conda activate r_symi
Rscript shocks/create_input.R 2003 40674

conda activate my_xclim_env
./shocks/create_input.py -id 40674 -yr 2003

rm ../test/tot_addetti_by_sector_intermediate_40298_1972_Sicilia.csv ../test/tot_addetti_by_sector_intermediate_40403_1980_Molise.csv ../test/tot_addetti_by_sector_intermediate_40560_1994_Piemonte.csv ../test/tot_addetti_by_sector_intermediate_40655_2002_Emilia-Romagna.csv ../test/tot_addetti_by_sector_intermediate_40659_2002_Piemonte.csv ../test/tot_addetti_by_sector_intermediate_40668_2003_Calabria.csv
----------------------------------------------

The job was done in 76 seconds

Tue Mar 25 18:50:37 CET 2025
end of job
