start of job
eliminating results slurm older than 10 days
2025-03-25 18:48:16
/mnt/beegfs/lcesarini/2025_p_irio/src
no change     /apps/miniconda3/condabin/conda
no change     /apps/miniconda3/bin/conda
no change     /apps/miniconda3/bin/conda-env
no change     /apps/miniconda3/bin/activate
no change     /apps/miniconda3/bin/deactivate
no change     /apps/miniconda3/etc/profile.d/conda.sh
no change     /apps/miniconda3/etc/fish/conf.d/conda.fish
no change     /apps/miniconda3/shell/condabin/Conda.psm1
no change     /apps/miniconda3/shell/condabin/conda-hook.ps1
no change     /apps/miniconda3/lib/python3.9/site-packages/xontrib/conda.xsh
no change     /apps/miniconda3/etc/profile.d/conda.csh
no change     /home/luigi.cesarini/.bashrc
No action taken.

----------------------------------------------
Calling
conda activate r_symi
Rscript shocks/create_input.R 2000 40641

conda activate my_xclim_env
./shocks/create_input.py -id 40641 -yr 2000

rm ../test/tot_addetti_by_sector_intermediate_40256_1969_Veneto.csv ../test/tot_addetti_by_sector_intermediate_40298_1972_Lombardia.csv ../test/tot_addetti_by_sector_intermediate_40453_1984_Toscana.csv ../test/tot_addetti_by_sector_intermediate_40522_1990_Sardegna.csv ../test/tot_addetti_by_sector_intermediate_40522_1990_Sicilia.csv ../test/tot_addetti_by_sector_intermediate_40543_1992_Lombardia.csv ../test/tot_addetti_by_sector_intermediate_40600_1997_Emilia-Romagna.csv ../test/tot_addetti_by_sector_intermediate_40604_1998_Piemonte.csv ../test/tot_addetti_by_sector_intermediate_40615_1999_Lazio.csv ../test/tot_addetti_by_sector_intermediate_40621_1999_Valle d'Aosta.csv ../test/tot_addetti_by_sector_intermediate_40623_1999_Piemonte.csv
----------------------------------------------

The job was done in 687 seconds

Tue Mar 25 18:59:43 CET 2025
end of job
