start of job
eliminating results slurm older than 10 days
2025-03-25 18:37:12
/mnt/beegfs/lcesarini/2025_p_irio/src
no change     /apps/miniconda3/condabin/conda
no change     /apps/miniconda3/bin/conda
no change     /apps/miniconda3/bin/conda-env
no change     /apps/miniconda3/bin/activate
no change     /apps/miniconda3/bin/deactivate
no change     /apps/miniconda3/etc/profile.d/conda.sh
no change     /apps/miniconda3/etc/fish/conf.d/conda.fish
no change     /apps/miniconda3/shell/condabin/Conda.psm1
no change     /apps/miniconda3/shell/condabin/conda-hook.ps1
no change     /apps/miniconda3/lib/python3.9/site-packages/xontrib/conda.xsh
no change     /apps/miniconda3/etc/profile.d/conda.csh
no change     /home/luigi.cesarini/.bashrc
No action taken.

----------------------------------------------
Calling
conda activate r_symi
Rscript shocks/create_input.R 1969 40261

conda activate my_xclim_env
./shocks/create_input.py -id 40261 -yr 1969

rm ../test/tot_addetti_by_sector_intermediate_40150_1960_Marche.csv ../test/tot_addetti_by_sector_intermediate_40184_1964_Lombardia.csv ../test/tot_addetti_by_sector_intermediate_40191_1964_Calabria.csv ../test/tot_addetti_by_sector_intermediate_40203_1965_Campania.csv ../test/tot_addetti_by_sector_intermediate_40213_1966_Sicilia.csv ../test/tot_addetti_by_sector_intermediate_40218_1966_Trentino-Alto Adige.csv ../test/tot_addetti_by_sector_intermediate_40222_1966_Campania.csv
----------------------------------------------

The job was done in 28 seconds

Tue Mar 25 18:37:40 CET 2025
end of job
