start of job
eliminating results slurm older than 10 days
2025-03-25 18:45:25
/mnt/beegfs/lcesarini/2025_p_irio/src
no change     /apps/miniconda3/condabin/conda
no change     /apps/miniconda3/bin/conda
no change     /apps/miniconda3/bin/conda-env
no change     /apps/miniconda3/bin/activate
no change     /apps/miniconda3/bin/deactivate
no change     /apps/miniconda3/etc/profile.d/conda.sh
no change     /apps/miniconda3/etc/fish/conf.d/conda.fish
no change     /apps/miniconda3/shell/condabin/Conda.psm1
no change     /apps/miniconda3/shell/condabin/conda-hook.ps1
no change     /apps/miniconda3/lib/python3.9/site-packages/xontrib/conda.xsh
no change     /apps/miniconda3/etc/profile.d/conda.csh
no change     /home/luigi.cesarini/.bashrc
No action taken.

----------------------------------------------
Calling
conda activate r_symi
Rscript shocks/create_input.R 1992 40533

conda activate my_xclim_env
./shocks/create_input.py -id 40533 -yr 1992

rm ../test/tot_addetti_by_sector_intermediate_40139_1960_Toscana.csv ../test/tot_addetti_by_sector_intermediate_40367_1977_Veneto.csv ../test/tot_addetti_by_sector_intermediate_40500_1988_Sicilia.csv ../test/tot_addetti_by_sector_intermediate_40522_1990_Calabria.csv ../test/tot_addetti_by_sector_intermediate_40522_1990_Campania.csv ../test/tot_addetti_by_sector_intermediate_40526_1991_Basilicata.csv ../test/tot_addetti_by_sector_intermediate_40529_1991_Veneto.csv ../test/tot_addetti_by_sector_intermediate_40532_1991_Abruzzo.csv ../test/tot_addetti_by_sector_intermediate_40532_1991_Calabria.csv
----------------------------------------------

The job was done in 28 seconds

Tue Mar 25 18:45:53 CET 2025
end of job
