start of job
eliminating results slurm older than 10 days
2025-03-25 18:53:12
/mnt/beegfs/lcesarini/2025_p_irio/src
no change     /apps/miniconda3/condabin/conda
no change     /apps/miniconda3/bin/conda
no change     /apps/miniconda3/bin/conda-env
no change     /apps/miniconda3/bin/activate
no change     /apps/miniconda3/bin/deactivate
no change     /apps/miniconda3/etc/profile.d/conda.sh
no change     /apps/miniconda3/etc/fish/conf.d/conda.fish
no change     /apps/miniconda3/shell/condabin/Conda.psm1
no change     /apps/miniconda3/shell/condabin/conda-hook.ps1
no change     /apps/miniconda3/lib/python3.9/site-packages/xontrib/conda.xsh
no change     /apps/miniconda3/etc/profile.d/conda.csh
no change     /home/luigi.cesarini/.bashrc
No action taken.

----------------------------------------------
Calling
conda activate r_symi
Rscript shocks/create_input.R 2012 40792

conda activate my_xclim_env
./shocks/create_input.py -id 40792 -yr 2012

rm ../test/tot_addetti_by_sector_intermediate_40591_1996_Piemonte.csv ../test/tot_addetti_by_sector_intermediate_40600_1997_Toscana.csv ../test/tot_addetti_by_sector_intermediate_40705_2005_Sicilia.csv ../test/tot_addetti_by_sector_intermediate_40771_2011_Calabria.csv ../test/tot_addetti_by_sector_intermediate_40771_2011_Molise.csv ../test/tot_addetti_by_sector_intermediate_40771_2011_Puglia.csv ../test/tot_addetti_by_sector_intermediate_40775_2011_Veneto.csv
----------------------------------------------

The job was done in 202 seconds

Tue Mar 25 18:56:34 CET 2025
end of job
