start of job
eliminating results slurm older than 10 days
2025-03-25 18:46:30
/mnt/beegfs/lcesarini/2025_p_irio/src
no change     /apps/miniconda3/condabin/conda
no change     /apps/miniconda3/bin/conda
no change     /apps/miniconda3/bin/conda-env
no change     /apps/miniconda3/bin/activate
no change     /apps/miniconda3/bin/deactivate
no change     /apps/miniconda3/etc/profile.d/conda.sh
no change     /apps/miniconda3/etc/fish/conf.d/conda.fish
no change     /apps/miniconda3/shell/condabin/Conda.psm1
no change     /apps/miniconda3/shell/condabin/conda-hook.ps1
no change     /apps/miniconda3/lib/python3.9/site-packages/xontrib/conda.xsh
no change     /apps/miniconda3/etc/profile.d/conda.csh
no change     /home/luigi.cesarini/.bashrc
No action taken.

----------------------------------------------
Calling
conda activate r_symi
Rscript shocks/create_input.R 1995 40569

conda activate my_xclim_env
./shocks/create_input.py -id 40569 -yr 1995

rm ../test/tot_addetti_by_sector_intermediate_40265_1969_Veneto.csv ../test/tot_addetti_by_sector_intermediate_40365_1977_Toscana.csv ../test/tot_addetti_by_sector_intermediate_40453_1984_Piemonte.csv ../test/tot_addetti_by_sector_intermediate_40453_1984_Sardegna.csv ../test/tot_addetti_by_sector_intermediate_40459_1985_Sicilia.csv ../test/tot_addetti_by_sector_intermediate_40535_1992_Marche.csv ../test/tot_addetti_by_sector_intermediate_40535_1992_Molise.csv ../test/tot_addetti_by_sector_intermediate_40549_1993_Piemonte.csv ../test/tot_addetti_by_sector_intermediate_40549_1993_Sicilia.csv ../test/tot_addetti_by_sector_intermediate_40557_1993_Toscana.csv ../test/tot_addetti_by_sector_intermediate_40560_1994_Basilicata.csv ../test/tot_addetti_by_sector_intermediate_40566_1994_Emilia-Romagna.csv ../test/tot_addetti_by_sector_intermediate_40566_1994_Toscana.csv
----------------------------------------------

The job was done in 28 seconds

Tue Mar 25 18:46:58 CET 2025
end of job
