start of job
eliminating results slurm older than 10 days
2025-03-25 18:39:57
/mnt/beegfs/lcesarini/2025_p_irio/src
no change     /apps/miniconda3/condabin/conda
no change     /apps/miniconda3/bin/conda
no change     /apps/miniconda3/bin/conda-env
no change     /apps/miniconda3/bin/activate
no change     /apps/miniconda3/bin/deactivate
no change     /apps/miniconda3/etc/profile.d/conda.sh
no change     /apps/miniconda3/etc/fish/conf.d/conda.fish
no change     /apps/miniconda3/shell/condabin/Conda.psm1
no change     /apps/miniconda3/shell/condabin/conda-hook.ps1
no change     /apps/miniconda3/lib/python3.9/site-packages/xontrib/conda.xsh
no change     /apps/miniconda3/etc/profile.d/conda.csh
no change     /home/luigi.cesarini/.bashrc
No action taken.

----------------------------------------------
Calling
conda activate r_symi
Rscript shocks/create_input.R 1979 40391

conda activate my_xclim_env
./shocks/create_input.py -id 40391 -yr 1979

rm ../test/tot_addetti_by_sector_intermediate_40191_1964_Liguria.csv ../test/tot_addetti_by_sector_intermediate_40319_1974_Valle d'Aosta.csv ../test/tot_addetti_by_sector_intermediate_40319_1974_Veneto.csv ../test/tot_addetti_by_sector_intermediate_40357_1977_Lazio.csv ../test/tot_addetti_by_sector_intermediate_40363_1977_Emilia-Romagna.csv ../test/tot_addetti_by_sector_intermediate_40363_1977_Friuli-Venezia Giulia.csv ../test/tot_addetti_by_sector_intermediate_40369_1978_Lazio.csv ../test/tot_addetti_by_sector_intermediate_40374_1978_Lazio.csv ../test/tot_addetti_by_sector_intermediate_40376_1978_Campania.csv ../test/tot_addetti_by_sector_intermediate_40376_1978_Emilia-Romagna.csv
----------------------------------------------

The job was done in 412 seconds

Tue Mar 25 18:46:49 CET 2025
end of job
