start of job
eliminating results slurm older than 10 days
2025-03-25 18:50:10
/mnt/beegfs/lcesarini/2025_p_irio/src
no change     /apps/miniconda3/condabin/conda
no change     /apps/miniconda3/bin/conda
no change     /apps/miniconda3/bin/conda-env
no change     /apps/miniconda3/bin/activate
no change     /apps/miniconda3/bin/deactivate
no change     /apps/miniconda3/etc/profile.d/conda.sh
no change     /apps/miniconda3/etc/fish/conf.d/conda.fish
no change     /apps/miniconda3/shell/condabin/Conda.psm1
no change     /apps/miniconda3/shell/condabin/conda-hook.ps1
no change     /apps/miniconda3/lib/python3.9/site-packages/xontrib/conda.xsh
no change     /apps/miniconda3/etc/profile.d/conda.csh
no change     /home/luigi.cesarini/.bashrc
No action taken.

----------------------------------------------
Calling
conda activate r_symi
Rscript shocks/create_input.R 2005 40706

conda activate my_xclim_env
./shocks/create_input.py -id 40706 -yr 2005

rm ../test/tot_addetti_by_sector_intermediate_40389_1979_Trentino-Alto Adige.csv ../test/tot_addetti_by_sector_intermediate_40592_1996_Lazio.csv ../test/tot_addetti_by_sector_intermediate_40634_2000_Lombardia.csv ../test/tot_addetti_by_sector_intermediate_40640_2000_Lazio.csv ../test/tot_addetti_by_sector_intermediate_40666_2002_Campania.csv ../test/tot_addetti_by_sector_intermediate_40681_2004_Veneto.csv ../test/tot_addetti_by_sector_intermediate_40686_2004_Lazio.csv ../test/tot_addetti_by_sector_intermediate_40686_2004_Sicilia.csv ../test/tot_addetti_by_sector_intermediate_40686_2004_Toscana.csv
----------------------------------------------

The job was done in 134 seconds

Tue Mar 25 18:52:24 CET 2025
end of job
