start of job
eliminating results slurm older than 10 days
2025-03-25 18:36:24
/mnt/beegfs/lcesarini/2025_p_irio/src
no change     /apps/miniconda3/condabin/conda
no change     /apps/miniconda3/bin/conda
no change     /apps/miniconda3/bin/conda-env
no change     /apps/miniconda3/bin/activate
no change     /apps/miniconda3/bin/deactivate
no change     /apps/miniconda3/etc/profile.d/conda.sh
no change     /apps/miniconda3/etc/fish/conf.d/conda.fish
no change     /apps/miniconda3/shell/condabin/Conda.psm1
no change     /apps/miniconda3/shell/condabin/conda-hook.ps1
no change     /apps/miniconda3/lib/python3.9/site-packages/xontrib/conda.xsh
no change     /apps/miniconda3/etc/profile.d/conda.csh
no change     /home/luigi.cesarini/.bashrc
No action taken.

----------------------------------------------
Calling
conda activate r_symi
Rscript shocks/create_input.R 1964 40181

conda activate my_xclim_env
./shocks/create_input.py -id 40181 -yr 1964

rm ../test/tot_addetti_by_sector_intermediate_40094_1957_Molise.csv ../test/tot_addetti_by_sector_intermediate_40122_1959_Sicilia.csv ../test/tot_addetti_by_sector_intermediate_40141_1960_Calabria.csv ../test/tot_addetti_by_sector_intermediate_40153_1961_Lombardia.csv ../test/tot_addetti_by_sector_intermediate_40170_1963_Calabria.csv ../test/tot_addetti_by_sector_intermediate_40171_1963_Marche.csv ../test/tot_addetti_by_sector_intermediate_40174_1963_Abruzzo.csv ../test/tot_addetti_by_sector_intermediate_40178_1963_Lombardia.csv ../test/tot_addetti_by_sector_intermediate_40186_1964_Piemonte.csv
----------------------------------------------

The job was done in 28 seconds

Tue Mar 25 18:36:52 CET 2025
end of job
