start of job
eliminating results slurm older than 10 days
2025-03-25 18:38:59
/mnt/beegfs/lcesarini/2025_p_irio/src
no change     /apps/miniconda3/condabin/conda
no change     /apps/miniconda3/bin/conda
no change     /apps/miniconda3/bin/conda-env
no change     /apps/miniconda3/bin/activate
no change     /apps/miniconda3/bin/deactivate
no change     /apps/miniconda3/etc/profile.d/conda.sh
no change     /apps/miniconda3/etc/fish/conf.d/conda.fish
no change     /apps/miniconda3/shell/condabin/Conda.psm1
no change     /apps/miniconda3/shell/condabin/conda-hook.ps1
no change     /apps/miniconda3/lib/python3.9/site-packages/xontrib/conda.xsh
no change     /apps/miniconda3/etc/profile.d/conda.csh
no change     /home/luigi.cesarini/.bashrc
No action taken.

----------------------------------------------
Calling
conda activate r_symi
Rscript shocks/create_input.R 1976 40354

conda activate my_xclim_env
./shocks/create_input.py -id 40354 -yr 1976

rm ../test/tot_addetti_by_sector_intermediate_40173_1963_Lombardia.csv ../test/tot_addetti_by_sector_intermediate_40202_1965_Trentino-Alto Adige.csv ../test/tot_addetti_by_sector_intermediate_40202_1965_Valle d'Aosta.csv ../test/tot_addetti_by_sector_intermediate_40289_1971_Sicilia.csv ../test/tot_addetti_by_sector_intermediate_40314_1973_Piemonte.csv ../test/tot_addetti_by_sector_intermediate_40327_1975_Piemonte.csv ../test/tot_addetti_by_sector_intermediate_40328_1975_Basilicata.csv ../test/tot_addetti_by_sector_intermediate_40328_1975_Campania.csv
----------------------------------------------

The job was done in 2011 seconds

Tue Mar 25 19:12:30 CET 2025
end of job
