start of job
eliminating results slurm older than 10 days
2025-03-25 18:57:42
/mnt/beegfs/lcesarini/2025_p_irio/src
no change     /apps/miniconda3/condabin/conda
no change     /apps/miniconda3/bin/conda
no change     /apps/miniconda3/bin/conda-env
no change     /apps/miniconda3/bin/activate
no change     /apps/miniconda3/bin/deactivate
no change     /apps/miniconda3/etc/profile.d/conda.sh
no change     /apps/miniconda3/etc/fish/conf.d/conda.fish
no change     /apps/miniconda3/shell/condabin/Conda.psm1
no change     /apps/miniconda3/shell/condabin/conda-hook.ps1
no change     /apps/miniconda3/lib/python3.9/site-packages/xontrib/conda.xsh
no change     /apps/miniconda3/etc/profile.d/conda.csh
no change     /home/luigi.cesarini/.bashrc
No action taken.

----------------------------------------------
Calling
conda activate r_symi
Rscript shocks/create_input.R 2019 40889

conda activate my_xclim_env
./shocks/create_input.py -id 40889 -yr 2019

rm ../test/tot_addetti_by_sector_intermediate_40038_1952_Basilicata.csv ../test/tot_addetti_by_sector_intermediate_40759_2010_Marche.csv ../test/tot_addetti_by_sector_intermediate_40814_2013_Puglia.csv ../test/tot_addetti_by_sector_intermediate_40832_2015_Lombardia.csv ../test/tot_addetti_by_sector_intermediate_40850_2016_Veneto.csv ../test/tot_addetti_by_sector_intermediate_40855_2016_Marche.csv ../test/tot_addetti_by_sector_intermediate_40867_2017_Friuli-Venezia Giulia.csv ../test/tot_addetti_by_sector_intermediate_40880_2018_Abruzzo.csv ../test/tot_addetti_by_sector_intermediate_40880_2018_Calabria.csv ../test/tot_addetti_by_sector_intermediate_40881_2018_Puglia.csv ../test/tot_addetti_by_sector_intermediate_40881_2018_Sardegna.csv ../test/tot_addetti_by_sector_intermediate_40881_2018_Toscana.csv
----------------------------------------------

The job was done in 58 seconds

Tue Mar 25 18:58:40 CET 2025
end of job
