start of job
eliminating results slurm older than 10 days
2025-03-25 18:51:06
/mnt/beegfs/lcesarini/2025_p_irio/src
no change     /apps/miniconda3/condabin/conda
no change     /apps/miniconda3/bin/conda
no change     /apps/miniconda3/bin/conda-env
no change     /apps/miniconda3/bin/activate
no change     /apps/miniconda3/bin/deactivate
no change     /apps/miniconda3/etc/profile.d/conda.sh
no change     /apps/miniconda3/etc/fish/conf.d/conda.fish
no change     /apps/miniconda3/shell/condabin/Conda.psm1
no change     /apps/miniconda3/shell/condabin/conda-hook.ps1
no change     /apps/miniconda3/lib/python3.9/site-packages/xontrib/conda.xsh
no change     /apps/miniconda3/etc/profile.d/conda.csh
no change     /home/luigi.cesarini/.bashrc
No action taken.

----------------------------------------------
Calling
conda activate r_symi
Rscript shocks/create_input.R 2008 40740

conda activate my_xclim_env
./shocks/create_input.py -id 40740 -yr 2008

rm ../test/tot_addetti_by_sector_intermediate_40042_1953_Abruzzo.csv ../test/tot_addetti_by_sector_intermediate_40528_1991_Veneto.csv ../test/tot_addetti_by_sector_intermediate_40610_1998_Lombardia.csv ../test/tot_addetti_by_sector_intermediate_40693_2005_Puglia.csv ../test/tot_addetti_by_sector_intermediate_40723_2007_Basilicata.csv ../test/tot_addetti_by_sector_intermediate_40724_2007_Calabria.csv ../test/tot_addetti_by_sector_intermediate_40725_2007_Friuli-Venezia Giulia.csv ../test/tot_addetti_by_sector_intermediate_40730_2007_Basilicata.csv
----------------------------------------------

The job was done in 451 seconds

Tue Mar 25 18:58:37 CET 2025
end of job
