start of job
eliminating results slurm older than 10 days
2025-03-25 18:49:39
/mnt/beegfs/lcesarini/2025_p_irio/src
no change     /apps/miniconda3/condabin/conda
no change     /apps/miniconda3/bin/conda
no change     /apps/miniconda3/bin/conda-env
no change     /apps/miniconda3/bin/activate
no change     /apps/miniconda3/bin/deactivate
no change     /apps/miniconda3/etc/profile.d/conda.sh
no change     /apps/miniconda3/etc/fish/conf.d/conda.fish
no change     /apps/miniconda3/shell/condabin/Conda.psm1
no change     /apps/miniconda3/shell/condabin/conda-hook.ps1
no change     /apps/miniconda3/lib/python3.9/site-packages/xontrib/conda.xsh
no change     /apps/miniconda3/etc/profile.d/conda.csh
no change     /home/luigi.cesarini/.bashrc
No action taken.

----------------------------------------------
Calling
conda activate r_symi
Rscript shocks/create_input.R 2004 40681

conda activate my_xclim_env
./shocks/create_input.py -id 40681 -yr 2004

rm ../test/tot_addetti_by_sector_intermediate_40543_1992_Sardegna.csv ../test/tot_addetti_by_sector_intermediate_40543_1992_Sicilia.csv ../test/tot_addetti_by_sector_intermediate_40625_1999_Lombardia.csv ../test/tot_addetti_by_sector_intermediate_40670_2003_Piemonte.csv ../test/tot_addetti_by_sector_intermediate_40670_2003_Sicilia.csv ../test/tot_addetti_by_sector_intermediate_40678_2003_Lazio.csv
----------------------------------------------

The job was done in 38 seconds

Tue Mar 25 18:50:17 CET 2025
end of job
