start of job
eliminating results slurm older than 10 days
2025-03-25 18:46:58
/mnt/beegfs/lcesarini/2025_p_irio/src
no change     /apps/miniconda3/condabin/conda
no change     /apps/miniconda3/bin/conda
no change     /apps/miniconda3/bin/conda-env
no change     /apps/miniconda3/bin/activate
no change     /apps/miniconda3/bin/deactivate
no change     /apps/miniconda3/etc/profile.d/conda.sh
no change     /apps/miniconda3/etc/fish/conf.d/conda.fish
no change     /apps/miniconda3/shell/condabin/Conda.psm1
no change     /apps/miniconda3/shell/condabin/conda-hook.ps1
no change     /apps/miniconda3/lib/python3.9/site-packages/xontrib/conda.xsh
no change     /apps/miniconda3/etc/profile.d/conda.csh
no change     /home/luigi.cesarini/.bashrc
No action taken.

----------------------------------------------
Calling
conda activate r_symi
Rscript shocks/create_input.R 1997 40597

conda activate my_xclim_env
./shocks/create_input.py -id 40597 -yr 1997

rm ../test/tot_addetti_by_sector_intermediate_40222_1966_Piemonte.csv ../test/tot_addetti_by_sector_intermediate_40561_1994_Campania.csv ../test/tot_addetti_by_sector_intermediate_40571_1995_Calabria.csv ../test/tot_addetti_by_sector_intermediate_40574_1995_Piemonte.csv ../test/tot_addetti_by_sector_intermediate_40582_1996_Calabria.csv
----------------------------------------------

The job was done in 31 seconds

Tue Mar 25 18:47:29 CET 2025
end of job
