start of job
eliminating results slurm older than 10 days
2025-03-25 18:41:14
/mnt/beegfs/lcesarini/2025_p_irio/src
no change     /apps/miniconda3/condabin/conda
no change     /apps/miniconda3/bin/conda
no change     /apps/miniconda3/bin/conda-env
no change     /apps/miniconda3/bin/activate
no change     /apps/miniconda3/bin/deactivate
no change     /apps/miniconda3/etc/profile.d/conda.sh
no change     /apps/miniconda3/etc/fish/conf.d/conda.fish
no change     /apps/miniconda3/shell/condabin/Conda.psm1
no change     /apps/miniconda3/shell/condabin/conda-hook.ps1
no change     /apps/miniconda3/lib/python3.9/site-packages/xontrib/conda.xsh
no change     /apps/miniconda3/etc/profile.d/conda.csh
no change     /home/luigi.cesarini/.bashrc
No action taken.

----------------------------------------------
Calling
conda activate r_symi
Rscript shocks/create_input.R 1982 40421

conda activate my_xclim_env
./shocks/create_input.py -id 40421 -yr 1982

rm ../test/tot_addetti_by_sector_intermediate_40316_1974_Toscana.csv ../test/tot_addetti_by_sector_intermediate_40324_1974_Lombardia.csv ../test/tot_addetti_by_sector_intermediate_40362_1977_Lombardia.csv ../test/tot_addetti_by_sector_intermediate_40385_1979_Trentino-Alto Adige.csv ../test/tot_addetti_by_sector_intermediate_40400_1980_Lombardia.csv ../test/tot_addetti_by_sector_intermediate_40405_1981_Sicilia.csv ../test/tot_addetti_by_sector_intermediate_40414_1981_Emilia-Romagna.csv ../test/tot_addetti_by_sector_intermediate_40414_1981_Lombardia.csv
----------------------------------------------

The job was done in 37 seconds

Tue Mar 25 18:41:51 CET 2025
end of job
