start of job
eliminating results slurm older than 10 days
2025-03-25 18:37:05
/mnt/beegfs/lcesarini/2025_p_irio/src
no change     /apps/miniconda3/condabin/conda
no change     /apps/miniconda3/bin/conda
no change     /apps/miniconda3/bin/conda-env
no change     /apps/miniconda3/bin/activate
no change     /apps/miniconda3/bin/deactivate
no change     /apps/miniconda3/etc/profile.d/conda.sh
no change     /apps/miniconda3/etc/fish/conf.d/conda.fish
no change     /apps/miniconda3/shell/condabin/Conda.psm1
no change     /apps/miniconda3/shell/condabin/conda-hook.ps1
no change     /apps/miniconda3/lib/python3.9/site-packages/xontrib/conda.xsh
no change     /apps/miniconda3/etc/profile.d/conda.csh
no change     /home/luigi.cesarini/.bashrc
No action taken.

----------------------------------------------
Calling
conda activate r_symi
Rscript shocks/create_input.R 1968 40245

conda activate my_xclim_env
./shocks/create_input.py -id 40245 -yr 1968

rm ../test/tot_addetti_by_sector_intermediate_40150_1960_Lazio.csv ../test/tot_addetti_by_sector_intermediate_40193_1964_Sicilia.csv ../test/tot_addetti_by_sector_intermediate_40201_1965_Trentino-Alto Adige.csv ../test/tot_addetti_by_sector_intermediate_40204_1965_Friuli-Venezia Giulia.csv ../test/tot_addetti_by_sector_intermediate_40223_1967_Calabria.csv ../test/tot_addetti_by_sector_intermediate_40224_1967_Sicilia.csv
----------------------------------------------

The job was done in 174 seconds

Tue Mar 25 18:39:59 CET 2025
end of job
