start of job
eliminating results slurm older than 10 days
2025-03-25 18:56:38
/mnt/beegfs/lcesarini/2025_p_irio/src
no change     /apps/miniconda3/condabin/conda
no change     /apps/miniconda3/bin/conda
no change     /apps/miniconda3/bin/conda-env
no change     /apps/miniconda3/bin/activate
no change     /apps/miniconda3/bin/deactivate
no change     /apps/miniconda3/etc/profile.d/conda.sh
no change     /apps/miniconda3/etc/fish/conf.d/conda.fish
no change     /apps/miniconda3/shell/condabin/Conda.psm1
no change     /apps/miniconda3/shell/condabin/conda-hook.ps1
no change     /apps/miniconda3/lib/python3.9/site-packages/xontrib/conda.xsh
no change     /apps/miniconda3/etc/profile.d/conda.csh
no change     /home/luigi.cesarini/.bashrc
No action taken.

----------------------------------------------
Calling
conda activate r_symi
Rscript shocks/create_input.R 2017 40862

conda activate my_xclim_env
./shocks/create_input.py -id 40862 -yr 2017

rm ../test/tot_addetti_by_sector_intermediate_40556_1993_Piemonte.csv ../test/tot_addetti_by_sector_intermediate_40683_2004_Umbria.csv ../test/tot_addetti_by_sector_intermediate_40797_2012_Toscana.csv ../test/tot_addetti_by_sector_intermediate_40833_2015_Lazio.csv ../test/tot_addetti_by_sector_intermediate_40844_2016_Friuli-Venezia Giulia.csv ../test/tot_addetti_by_sector_intermediate_40855_2016_Campania.csv ../test/tot_addetti_by_sector_intermediate_40858_2017_Abruzzo.csv ../test/tot_addetti_by_sector_intermediate_40861_2017_Friuli-Venezia Giulia.csv
----------------------------------------------

The job was done in 53 seconds

Tue Mar 25 18:57:31 CET 2025
end of job
