start of job
eliminating results slurm older than 10 days
2025-03-25 18:40:37
/mnt/beegfs/lcesarini/2025_p_irio/src
no change     /apps/miniconda3/condabin/conda
no change     /apps/miniconda3/bin/conda
no change     /apps/miniconda3/bin/conda-env
no change     /apps/miniconda3/bin/activate
no change     /apps/miniconda3/bin/deactivate
no change     /apps/miniconda3/etc/profile.d/conda.sh
no change     /apps/miniconda3/etc/fish/conf.d/conda.fish
no change     /apps/miniconda3/shell/condabin/Conda.psm1
no change     /apps/miniconda3/shell/condabin/conda-hook.ps1
no change     /apps/miniconda3/lib/python3.9/site-packages/xontrib/conda.xsh
no change     /apps/miniconda3/etc/profile.d/conda.csh
no change     /home/luigi.cesarini/.bashrc
No action taken.

----------------------------------------------
Calling
conda activate r_symi
Rscript shocks/create_input.R 1981 40411

conda activate my_xclim_env
./shocks/create_input.py -id 40411 -yr 1981

rm ../test/tot_addetti_by_sector_intermediate_40105_1957_Lombardia.csv ../test/tot_addetti_by_sector_intermediate_40204_1965_Trentino-Alto Adige.csv ../test/tot_addetti_by_sector_intermediate_40204_1965_Umbria.csv ../test/tot_addetti_by_sector_intermediate_40204_1965_Valle d'Aosta.csv ../test/tot_addetti_by_sector_intermediate_40250_1968_Puglia.csv ../test/tot_addetti_by_sector_intermediate_40316_1974_Piemonte.csv ../test/tot_addetti_by_sector_intermediate_40370_1978_Campania.csv ../test/tot_addetti_by_sector_intermediate_40371_1978_Marche.csv ../test/tot_addetti_by_sector_intermediate_40374_1978_Veneto.csv ../test/tot_addetti_by_sector_intermediate_40383_1979_Calabria.csv ../test/tot_addetti_by_sector_intermediate_40384_1979_Lombardia.csv ../test/tot_addetti_by_sector_intermediate_40391_1979_Friuli-Venezia Giulia.csv ../test/tot_addetti_by_sector_intermediate_40395_1980_Puglia.csv ../test/tot_addetti_by_sector_intermediate_40402_1980_Piemonte.csv ../test/tot_addetti_by_sector_intermediate_40402_1980_Sardegna.csv
----------------------------------------------

The job was done in 1583 seconds

Tue Mar 25 19:07:00 CET 2025
end of job
