start of job
eliminating results slurm older than 10 days
2025-03-25 18:43:56
/mnt/beegfs/lcesarini/2025_p_irio/src
no change     /apps/miniconda3/condabin/conda
no change     /apps/miniconda3/bin/conda
no change     /apps/miniconda3/bin/conda-env
no change     /apps/miniconda3/bin/activate
no change     /apps/miniconda3/bin/deactivate
no change     /apps/miniconda3/etc/profile.d/conda.sh
no change     /apps/miniconda3/etc/fish/conf.d/conda.fish
no change     /apps/miniconda3/shell/condabin/Conda.psm1
no change     /apps/miniconda3/shell/condabin/conda-hook.ps1
no change     /apps/miniconda3/lib/python3.9/site-packages/xontrib/conda.xsh
no change     /apps/miniconda3/etc/profile.d/conda.csh
no change     /home/luigi.cesarini/.bashrc
No action taken.

----------------------------------------------
Calling
conda activate r_symi
Rscript shocks/create_input.R 1988 40501

conda activate my_xclim_env
./shocks/create_input.py -id 40501 -yr 1988

rm ../test/tot_addetti_by_sector_intermediate_40255_1969_Umbria.csv ../test/tot_addetti_by_sector_intermediate_40294_1972_Sicilia.csv ../test/tot_addetti_by_sector_intermediate_40453_1984_Liguria.csv ../test/tot_addetti_by_sector_intermediate_40476_1987_Umbria.csv ../test/tot_addetti_by_sector_intermediate_40477_1987_Veneto.csv ../test/tot_addetti_by_sector_intermediate_40479_1987_Puglia.csv ../test/tot_addetti_by_sector_intermediate_40487_1987_Trentino-Alto Adige.csv ../test/tot_addetti_by_sector_intermediate_40488_1987_Friuli-Venezia Giulia.csv
----------------------------------------------

The job was done in 214 seconds

Tue Mar 25 18:47:30 CET 2025
end of job
