start of job
eliminating results slurm older than 10 days
2025-04-29 15:09:16
/mnt/beegfs/lcesarini/2025_p_irio/src
no change     /apps/miniconda3/condabin/conda
no change     /apps/miniconda3/bin/conda
no change     /apps/miniconda3/bin/conda-env
no change     /apps/miniconda3/bin/activate
no change     /apps/miniconda3/bin/deactivate
no change     /apps/miniconda3/etc/profile.d/conda.sh
no change     /apps/miniconda3/etc/fish/conf.d/conda.fish
no change     /apps/miniconda3/shell/condabin/Conda.psm1
no change     /apps/miniconda3/shell/condabin/conda-hook.ps1
no change     /apps/miniconda3/lib/python3.9/site-packages/xontrib/conda.xsh
no change     /apps/miniconda3/etc/profile.d/conda.csh
no change     /home/luigi.cesarini/.bashrc
No action taken.

----------------------------------------------
Calling
conda activate r_symi
Rscript shocks/create_input.R 2020 40896

conda activate my_xclim_env
./shocks/create_input.py -id 40896 -yr 2020

rm ../test/tot_addetti_by_sector_intermediate_40863_2017_Abruzzo.csv ../test/tot_addetti_by_sector_intermediate_40863_2017_Basilicata.csv ../test/tot_addetti_by_sector_intermediate_40863_2017_Calabria.csv ../test/tot_addetti_by_sector_intermediate_40863_2017_Campania.csv ../test/tot_addetti_by_sector_intermediate_40863_2017_Emilia-Romagna.csv ../test/tot_addetti_by_sector_intermediate_40863_2017_Friuli-Venezia Giulia.csv ../test/tot_addetti_by_sector_intermediate_40863_2017_Lazio.csv ../test/tot_addetti_by_sector_intermediate_40863_2017_Lombardia.csv ../test/tot_addetti_by_sector_intermediate_40863_2017_Puglia.csv ../test/tot_addetti_by_sector_intermediate_40863_2017_Toscana.csv ../test/tot_addetti_by_sector_intermediate_40863_2017_Trentino-Alto Adige.csv ../test/tot_addetti_by_sector_intermediate_40863_2017_Umbria.csv ../test/tot_addetti_by_sector_intermediate_40863_2017_Veneto.csv
----------------------------------------------

The job was done in 89 seconds

Tue Apr 29 15:10:45 CEST 2025
end of job
