start of job
eliminating results slurm older than 10 days
2025-03-25 18:50:25
/mnt/beegfs/lcesarini/2025_p_irio/src
no change     /apps/miniconda3/condabin/conda
no change     /apps/miniconda3/bin/conda
no change     /apps/miniconda3/bin/conda-env
no change     /apps/miniconda3/bin/activate
no change     /apps/miniconda3/bin/deactivate
no change     /apps/miniconda3/etc/profile.d/conda.sh
no change     /apps/miniconda3/etc/fish/conf.d/conda.fish
no change     /apps/miniconda3/shell/condabin/Conda.psm1
no change     /apps/miniconda3/shell/condabin/conda-hook.ps1
no change     /apps/miniconda3/lib/python3.9/site-packages/xontrib/conda.xsh
no change     /apps/miniconda3/etc/profile.d/conda.csh
no change     /home/luigi.cesarini/.bashrc
No action taken.

----------------------------------------------
Calling
conda activate r_symi
Rscript shocks/create_input.R 2006 40716

conda activate my_xclim_env
./shocks/create_input.py -id 40716 -yr 2006

rm ../test/tot_addetti_by_sector_intermediate_40376_1978_Piemonte.csv ../test/tot_addetti_by_sector_intermediate_40453_1984_Veneto.csv ../test/tot_addetti_by_sector_intermediate_40656_2002_Piemonte.csv ../test/tot_addetti_by_sector_intermediate_40663_2002_Emilia-Romagna.csv ../test/tot_addetti_by_sector_intermediate_40664_2002_Toscana.csv ../test/tot_addetti_by_sector_intermediate_40666_2002_Marche.csv ../test/tot_addetti_by_sector_intermediate_40684_2004_Campania.csv ../test/tot_addetti_by_sector_intermediate_40692_2005_Basilicata.csv ../test/tot_addetti_by_sector_intermediate_40693_2005_Basilicata.csv ../test/tot_addetti_by_sector_intermediate_40701_2005_Calabria.csv ../test/tot_addetti_by_sector_intermediate_40704_2005_Toscana.csv
----------------------------------------------

The job was done in 24 seconds

Tue Mar 25 18:50:49 CET 2025
end of job
