Joining with `by = join_by(ateco_ul_2007)`
Joining with `by = join_by(ateco_ul_2007)`
Joining with `by = join_by(ateco_ul_2007)`
Joining with `by = join_by(ateco_ul_2007)`
Joining with `by = join_by(ateco_ul_2007)`
Joining with `by = join_by(ateco_ul_2007)`
Joining with `by = join_by(ateco_ul_2007)`
Joining with `by = join_by(ateco_ul_2007)`
Joining with `by = join_by(ateco_ul_2007)`
Joining with `by = join_by(ateco_ul_2007)`
Joining with `by = join_by(ateco_ul_2007)`
rm: cannot remove '../test/tot_addetti_by_sector_intermediate_40256_1969_Lombardia.csv': No such file or directory
rm: cannot remove '../test/tot_addetti_by_sector_intermediate_40317_1974_Veneto.csv': No such file or directory
rm: cannot remove '../test/tot_addetti_by_sector_intermediate_40415_1981_Trentino-Alto Adige.csv': No such file or directory
rm: cannot remove '../test/tot_addetti_by_sector_intermediate_40427_1982_Veneto.csv': No such file or directory
rm: cannot remove '../test/tot_addetti_by_sector_intermediate_40445_1984_Toscana.csv': No such file or directory
rm: cannot remove '../test/tot_addetti_by_sector_intermediate_40448_1984_Trentino-Alto Adige.csv': No such file or directory
rm: cannot remove '../test/tot_addetti_by_sector_intermediate_40448_1984_Umbria.csv': No such file or directory
rm: cannot remove "../test/tot_addetti_by_sector_intermediate_40448_1984_Valle d'Aosta.csv": No such file or directory
rm: cannot remove '../test/tot_addetti_by_sector_intermediate_40465_1985_Lazio.csv': No such file or directory
rm: cannot remove '../test/tot_addetti_by_sector_intermediate_40465_1985_Molise.csv': No such file or directory
rm: cannot remove '../test/tot_addetti_by_sector_intermediate_40466_1986_Umbria.csv': No such file or directory
rm: cannot remove '../test/tot_addetti_by_sector_intermediate_40467_1986_Marche.csv': No such file or directory
rm: cannot remove '../test/tot_addetti_by_sector_intermediate_40467_1986_Molise.csv': No such file or directory
rm: cannot remove '../test/tot_addetti_by_sector_intermediate_40469_1986_Emilia-Romagna.csv': No such file or directory
rm: cannot remove '../test/tot_addetti_by_sector_intermediate_40469_1986_Lazio.csv': No such file or directory
rm: cannot remove '../test/tot_addetti_by_sector_intermediate_40469_1986_Marche.csv': No such file or directory
rm: cannot remove '../test/tot_addetti_by_sector_intermediate_40469_1986_Puglia.csv': No such file or directory
rm: cannot remove '../test/tot_addetti_by_sector_intermediate_40469_1986_Umbria.csv': No such file or directory
rm: cannot remove '../test/tot_addetti_by_sector_intermediate_40488_1987_Liguria.csv': No such file or directory
rm: cannot remove '../test/tot_addetti_by_sector_intermediate_40498_1988_Abruzzo.csv': No such file or directory
rm: cannot remove '../test/tot_addetti_by_sector_intermediate_40498_1988_Lazio.csv': No such file or directory
rm: cannot remove '../test/tot_addetti_by_sector_intermediate_40500_1988_Calabria.csv': No such file or directory
rm: cannot remove '../test/tot_addetti_by_sector_intermediate_40501_1988_Emilia-Romagna.csv': No such file or directory
rm: cannot remove '../test/tot_addetti_by_sector_intermediate_40501_1988_Liguria.csv': No such file or directory
