start of job
eliminating results slurm older than 10 days
2025-03-25 18:50:20
/mnt/beegfs/lcesarini/2025_p_irio/src
no change     /apps/miniconda3/condabin/conda
no change     /apps/miniconda3/bin/conda
no change     /apps/miniconda3/bin/conda-env
no change     /apps/miniconda3/bin/activate
no change     /apps/miniconda3/bin/deactivate
no change     /apps/miniconda3/etc/profile.d/conda.sh
no change     /apps/miniconda3/etc/fish/conf.d/conda.fish
no change     /apps/miniconda3/shell/condabin/Conda.psm1
no change     /apps/miniconda3/shell/condabin/conda-hook.ps1
no change     /apps/miniconda3/lib/python3.9/site-packages/xontrib/conda.xsh
no change     /apps/miniconda3/etc/profile.d/conda.csh
no change     /home/luigi.cesarini/.bashrc
No action taken.

----------------------------------------------
Calling
conda activate r_symi
Rscript shocks/create_input.R 2005 40705

conda activate my_xclim_env
./shocks/create_input.py -id 40705 -yr 2005

rm ../test/tot_addetti_by_sector_intermediate_40600_1997_Lombardia.csv ../test/tot_addetti_by_sector_intermediate_40656_2002_Lombardia.csv ../test/tot_addetti_by_sector_intermediate_40662_2002_Umbria.csv
----------------------------------------------

The job was done in 487 seconds

Tue Mar 25 18:58:27 CET 2025
end of job
