start of job
eliminating results slurm older than 10 days
2025-03-25 18:47:39
/mnt/beegfs/lcesarini/2025_p_irio/src
no change     /apps/miniconda3/condabin/conda
no change     /apps/miniconda3/bin/conda
no change     /apps/miniconda3/bin/conda-env
no change     /apps/miniconda3/bin/activate
no change     /apps/miniconda3/bin/deactivate
no change     /apps/miniconda3/etc/profile.d/conda.sh
no change     /apps/miniconda3/etc/fish/conf.d/conda.fish
no change     /apps/miniconda3/shell/condabin/Conda.psm1
no change     /apps/miniconda3/shell/condabin/conda-hook.ps1
no change     /apps/miniconda3/lib/python3.9/site-packages/xontrib/conda.xsh
no change     /apps/miniconda3/etc/profile.d/conda.csh
no change     /home/luigi.cesarini/.bashrc
No action taken.

----------------------------------------------
Calling
conda activate r_symi
Rscript shocks/create_input.R 1998 40605

conda activate my_xclim_env
./shocks/create_input.py -id 40605 -yr 1998

rm ../test/tot_addetti_by_sector_intermediate_40355_1976_Veneto.csv ../test/tot_addetti_by_sector_intermediate_40485_1987_Valle d'Aosta.csv ../test/tot_addetti_by_sector_intermediate_40534_1992_Piemonte.csv ../test/tot_addetti_by_sector_intermediate_40578_1995_Campania.csv ../test/tot_addetti_by_sector_intermediate_40583_1996_Sardegna.csv ../test/tot_addetti_by_sector_intermediate_40595_1997_Friuli-Venezia Giulia.csv ../test/tot_addetti_by_sector_intermediate_40607_1998_Friuli-Venezia Giulia.csv
----------------------------------------------

The job was done in 33 seconds

Tue Mar 25 18:48:12 CET 2025
end of job
