start of job
eliminating results slurm older than 10 days
2025-03-25 18:40:23
/mnt/beegfs/lcesarini/2025_p_irio/src
no change     /apps/miniconda3/condabin/conda
no change     /apps/miniconda3/bin/conda
no change     /apps/miniconda3/bin/conda-env
no change     /apps/miniconda3/bin/activate
no change     /apps/miniconda3/bin/deactivate
no change     /apps/miniconda3/etc/profile.d/conda.sh
no change     /apps/miniconda3/etc/fish/conf.d/conda.fish
no change     /apps/miniconda3/shell/condabin/Conda.psm1
no change     /apps/miniconda3/shell/condabin/conda-hook.ps1
no change     /apps/miniconda3/lib/python3.9/site-packages/xontrib/conda.xsh
no change     /apps/miniconda3/etc/profile.d/conda.csh
no change     /home/luigi.cesarini/.bashrc
No action taken.

----------------------------------------------
Calling
conda activate r_symi
Rscript shocks/create_input.R 1980 40403

conda activate my_xclim_env
./shocks/create_input.py -id 40403 -yr 1980

rm ../test/tot_addetti_by_sector_intermediate_40316_1974_Lombardia.csv ../test/tot_addetti_by_sector_intermediate_40365_1977_Lazio.csv ../test/tot_addetti_by_sector_intermediate_40369_1978_Piemonte.csv ../test/tot_addetti_by_sector_intermediate_40373_1978_Calabria.csv ../test/tot_addetti_by_sector_intermediate_40395_1980_Calabria.csv
----------------------------------------------

The job was done in 979 seconds

Tue Mar 25 18:56:42 CET 2025
end of job
