start of job
eliminating results slurm older than 10 days
2025-03-25 18:55:47
/mnt/beegfs/lcesarini/2025_p_irio/src
no change     /apps/miniconda3/condabin/conda
no change     /apps/miniconda3/bin/conda
no change     /apps/miniconda3/bin/conda-env
no change     /apps/miniconda3/bin/activate
no change     /apps/miniconda3/bin/deactivate
no change     /apps/miniconda3/etc/profile.d/conda.sh
no change     /apps/miniconda3/etc/fish/conf.d/conda.fish
no change     /apps/miniconda3/shell/condabin/Conda.psm1
no change     /apps/miniconda3/shell/condabin/conda-hook.ps1
no change     /apps/miniconda3/lib/python3.9/site-packages/xontrib/conda.xsh
no change     /apps/miniconda3/etc/profile.d/conda.csh
no change     /home/luigi.cesarini/.bashrc
No action taken.

----------------------------------------------
Calling
conda activate r_symi
Rscript shocks/create_input.R 2016 40844

conda activate my_xclim_env
./shocks/create_input.py -id 40844 -yr 2016

rm ../test/tot_addetti_by_sector_intermediate_40488_1987_Veneto.csv ../test/tot_addetti_by_sector_intermediate_40769_2010_Friuli-Venezia Giulia.csv ../test/tot_addetti_by_sector_intermediate_40791_2012_Lombardia.csv ../test/tot_addetti_by_sector_intermediate_40791_2012_Sardegna.csv ../test/tot_addetti_by_sector_intermediate_40791_2012_Veneto.csv ../test/tot_addetti_by_sector_intermediate_40792_2012_Lombardia.csv ../test/tot_addetti_by_sector_intermediate_40792_2012_Piemonte.csv ../test/tot_addetti_by_sector_intermediate_40812_2013_Puglia.csv ../test/tot_addetti_by_sector_intermediate_40814_2013_Calabria.csv ../test/tot_addetti_by_sector_intermediate_40818_2014_Veneto.csv
----------------------------------------------

The job was done in 154 seconds

Tue Mar 25 18:58:21 CET 2025
end of job
