start of job
eliminating results slurm older than 10 days
2025-03-25 18:36:37
/mnt/beegfs/lcesarini/2025_p_irio/src
no change     /apps/miniconda3/condabin/conda
no change     /apps/miniconda3/bin/conda
no change     /apps/miniconda3/bin/conda-env
no change     /apps/miniconda3/bin/activate
no change     /apps/miniconda3/bin/deactivate
no change     /apps/miniconda3/etc/profile.d/conda.sh
no change     /apps/miniconda3/etc/fish/conf.d/conda.fish
no change     /apps/miniconda3/shell/condabin/Conda.psm1
no change     /apps/miniconda3/shell/condabin/conda-hook.ps1
no change     /apps/miniconda3/lib/python3.9/site-packages/xontrib/conda.xsh
no change     /apps/miniconda3/etc/profile.d/conda.csh
no change     /home/luigi.cesarini/.bashrc
No action taken.

----------------------------------------------
Calling
conda activate r_symi
Rscript shocks/create_input.R 1966 40217

conda activate my_xclim_env
./shocks/create_input.py -id 40217 -yr 1966

rm ../test/tot_addetti_by_sector_intermediate_40093_1956_Molise.csv ../test/tot_addetti_by_sector_intermediate_40106_1957_Campania.csv ../test/tot_addetti_by_sector_intermediate_40118_1958_Piemonte.csv ../test/tot_addetti_by_sector_intermediate_40119_1958_Emilia-Romagna.csv ../test/tot_addetti_by_sector_intermediate_40124_1959_Puglia.csv ../test/tot_addetti_by_sector_intermediate_40126_1959_Piemonte.csv ../test/tot_addetti_by_sector_intermediate_40139_1960_Emilia-Romagna.csv ../test/tot_addetti_by_sector_intermediate_40147_1960_Friuli-Venezia Giulia.csv ../test/tot_addetti_by_sector_intermediate_40147_1960_Lazio.csv ../test/tot_addetti_by_sector_intermediate_40158_1961_Campania.csv ../test/tot_addetti_by_sector_intermediate_40159_1961_Emilia-Romagna.csv ../test/tot_addetti_by_sector_intermediate_40167_1962_Lazio.csv ../test/tot_addetti_by_sector_intermediate_40180_1964_Basilicata.csv ../test/tot_addetti_by_sector_intermediate_40185_1964_Piemonte.csv ../test/tot_addetti_by_sector_intermediate_40187_1964_Friuli-Venezia Giulia.csv
----------------------------------------------

The job was done in 144 seconds

Tue Mar 25 18:39:01 CET 2025
end of job
