start of job
eliminating results slurm older than 10 days
2025-03-25 18:54:33
/mnt/beegfs/lcesarini/2025_p_irio/src
no change     /apps/miniconda3/condabin/conda
no change     /apps/miniconda3/bin/conda
no change     /apps/miniconda3/bin/conda-env
no change     /apps/miniconda3/bin/activate
no change     /apps/miniconda3/bin/deactivate
no change     /apps/miniconda3/etc/profile.d/conda.sh
no change     /apps/miniconda3/etc/fish/conf.d/conda.fish
no change     /apps/miniconda3/shell/condabin/Conda.psm1
no change     /apps/miniconda3/shell/condabin/conda-hook.ps1
no change     /apps/miniconda3/lib/python3.9/site-packages/xontrib/conda.xsh
no change     /apps/miniconda3/etc/profile.d/conda.csh
no change     /home/luigi.cesarini/.bashrc
No action taken.

----------------------------------------------
Calling
conda activate r_symi
Rscript shocks/create_input.R 2014 40828

conda activate my_xclim_env
./shocks/create_input.py -id 40828 -yr 2014

rm ../test/tot_addetti_by_sector_intermediate_40655_2002_Lombardia.csv ../test/tot_addetti_by_sector_intermediate_40757_2010_Toscana.csv ../test/tot_addetti_by_sector_intermediate_40794_2012_Friuli-Venezia Giulia.csv ../test/tot_addetti_by_sector_intermediate_40794_2012_Lombardia.csv ../test/tot_addetti_by_sector_intermediate_40803_2013_Calabria.csv ../test/tot_addetti_by_sector_intermediate_40810_2013_Trentino-Alto Adige.csv ../test/tot_addetti_by_sector_intermediate_40823_2014_Friuli-Venezia Giulia.csv ../test/tot_addetti_by_sector_intermediate_40829_2014_Calabria.csv
----------------------------------------------

The job was done in 260 seconds

Tue Mar 25 18:58:53 CET 2025
end of job
