start of job
eliminating results slurm older than 10 days
2025-04-28 15:09:44
/mnt/beegfs/lcesarini/2025_p_irio/src
no change     /apps/miniconda3/condabin/conda
no change     /apps/miniconda3/bin/conda
no change     /apps/miniconda3/bin/conda-env
no change     /apps/miniconda3/bin/activate
no change     /apps/miniconda3/bin/deactivate
no change     /apps/miniconda3/etc/profile.d/conda.sh
no change     /apps/miniconda3/etc/fish/conf.d/conda.fish
no change     /apps/miniconda3/shell/condabin/Conda.psm1
no change     /apps/miniconda3/shell/condabin/conda-hook.ps1
no change     /apps/miniconda3/lib/python3.9/site-packages/xontrib/conda.xsh
no change     /apps/miniconda3/etc/profile.d/conda.csh
no change     /home/luigi.cesarini/.bashrc
No action taken.

----------------------------------------------
Calling
conda activate r_symi
Rscript shocks/create_input.R 2017 40863

conda activate my_xclim_env
./shocks/create_input.py -id 40863 -yr 2017

rm ../test/tot_addetti_by_sector_intermediate_40183_1964_Emilia-Romagna.csv ../test/tot_addetti_by_sector_intermediate_40183_1964_Liguria.csv ../test/tot_addetti_by_sector_intermediate_40183_1964_Lombardia.csv ../test/tot_addetti_by_sector_intermediate_40183_1964_Piemonte.csv ../test/tot_addetti_by_sector_intermediate_40183_1964_Sardegna.csv ../test/tot_addetti_by_sector_intermediate_40183_1964_Veneto.csv
----------------------------------------------
[]

The job was done in 136 seconds

Mon Apr 28 15:12:00 CEST 2025
end of job
