start of job
eliminating results slurm older than 10 days
2025-03-25 18:47:25
/mnt/beegfs/lcesarini/2025_p_irio/src
no change     /apps/miniconda3/condabin/conda
no change     /apps/miniconda3/bin/conda
no change     /apps/miniconda3/bin/conda-env
no change     /apps/miniconda3/bin/activate
no change     /apps/miniconda3/bin/deactivate
no change     /apps/miniconda3/etc/profile.d/conda.sh
no change     /apps/miniconda3/etc/fish/conf.d/conda.fish
no change     /apps/miniconda3/shell/condabin/Conda.psm1
no change     /apps/miniconda3/shell/condabin/conda-hook.ps1
no change     /apps/miniconda3/lib/python3.9/site-packages/xontrib/conda.xsh
no change     /apps/miniconda3/etc/profile.d/conda.csh
no change     /home/luigi.cesarini/.bashrc
No action taken.

----------------------------------------------
Calling
conda activate r_symi
Rscript shocks/create_input.R 1998 40610

conda activate my_xclim_env
./shocks/create_input.py -id 40610 -yr 1998

rm ../test/tot_addetti_by_sector_intermediate_40488_1987_Lombardia.csv ../test/tot_addetti_by_sector_intermediate_40556_1993_Liguria.csv ../test/tot_addetti_by_sector_intermediate_40575_1995_Trentino-Alto Adige.csv
----------------------------------------------

The job was done in 645 seconds

Tue Mar 25 18:58:10 CET 2025
end of job
