start of job
eliminating results slurm older than 10 days
2025-03-25 18:41:19
/mnt/beegfs/lcesarini/2025_p_irio/src
no change     /apps/miniconda3/condabin/conda
no change     /apps/miniconda3/bin/conda
no change     /apps/miniconda3/bin/conda-env
no change     /apps/miniconda3/bin/activate
no change     /apps/miniconda3/bin/deactivate
no change     /apps/miniconda3/etc/profile.d/conda.sh
no change     /apps/miniconda3/etc/fish/conf.d/conda.fish
no change     /apps/miniconda3/shell/condabin/Conda.psm1
no change     /apps/miniconda3/shell/condabin/conda-hook.ps1
no change     /apps/miniconda3/lib/python3.9/site-packages/xontrib/conda.xsh
no change     /apps/miniconda3/etc/profile.d/conda.csh
no change     /home/luigi.cesarini/.bashrc
No action taken.

----------------------------------------------
Calling
conda activate r_symi
Rscript shocks/create_input.R 1982 40424

conda activate my_xclim_env
./shocks/create_input.py -id 40424 -yr 1982

rm ../test/tot_addetti_by_sector_intermediate_40399_1980_Sicilia.csv ../test/tot_addetti_by_sector_intermediate_40400_1980_Piemonte.csv ../test/tot_addetti_by_sector_intermediate_40414_1981_Marche.csv ../test/tot_addetti_by_sector_intermediate_40415_1981_Emilia-Romagna.csv ../test/tot_addetti_by_sector_intermediate_40426_1982_Basilicata.csv
----------------------------------------------

The job was done in 157 seconds

Tue Mar 25 18:43:56 CET 2025
end of job
