start of job
eliminating results slurm older than 10 days
2025-03-25 18:41:36
/mnt/beegfs/lcesarini/2025_p_irio/src
no change     /apps/miniconda3/condabin/conda
no change     /apps/miniconda3/bin/conda
no change     /apps/miniconda3/bin/conda-env
no change     /apps/miniconda3/bin/activate
no change     /apps/miniconda3/bin/deactivate
no change     /apps/miniconda3/etc/profile.d/conda.sh
no change     /apps/miniconda3/etc/fish/conf.d/conda.fish
no change     /apps/miniconda3/shell/condabin/Conda.psm1
no change     /apps/miniconda3/shell/condabin/conda-hook.ps1
no change     /apps/miniconda3/lib/python3.9/site-packages/xontrib/conda.xsh
no change     /apps/miniconda3/etc/profile.d/conda.csh
no change     /home/luigi.cesarini/.bashrc
No action taken.

----------------------------------------------
Calling
conda activate r_symi
Rscript shocks/create_input.R 1983 40430

conda activate my_xclim_env
./shocks/create_input.py -id 40430 -yr 1983

rm ../test/tot_addetti_by_sector_intermediate_40324_1974_Marche.csv ../test/tot_addetti_by_sector_intermediate_40324_1974_Molise.csv ../test/tot_addetti_by_sector_intermediate_40355_1976_Friuli-Venezia Giulia.csv ../test/tot_addetti_by_sector_intermediate_40377_1978_Emilia-Romagna.csv ../test/tot_addetti_by_sector_intermediate_40422_1982_Calabria.csv ../test/tot_addetti_by_sector_intermediate_40423_1982_Piemonte.csv ../test/tot_addetti_by_sector_intermediate_40429_1982_Abruzzo.csv ../test/tot_addetti_by_sector_intermediate_40429_1982_Campania.csv
----------------------------------------------

The job was done in 53 seconds

Tue Mar 25 18:42:29 CET 2025
end of job
