start of job
eliminating results slurm older than 10 days
2025-03-25 18:48:22
/mnt/beegfs/lcesarini/2025_p_irio/src
no change     /apps/miniconda3/condabin/conda
no change     /apps/miniconda3/bin/conda
no change     /apps/miniconda3/bin/conda-env
no change     /apps/miniconda3/bin/activate
no change     /apps/miniconda3/bin/deactivate
no change     /apps/miniconda3/etc/profile.d/conda.sh
no change     /apps/miniconda3/etc/fish/conf.d/conda.fish
no change     /apps/miniconda3/shell/condabin/Conda.psm1
no change     /apps/miniconda3/shell/condabin/conda-hook.ps1
no change     /apps/miniconda3/lib/python3.9/site-packages/xontrib/conda.xsh
no change     /apps/miniconda3/etc/profile.d/conda.csh
no change     /home/luigi.cesarini/.bashrc
No action taken.

----------------------------------------------
Calling
conda activate r_symi
Rscript shocks/create_input.R 2000 40639

conda activate my_xclim_env
./shocks/create_input.py -id 40639 -yr 2000

rm ../test/tot_addetti_by_sector_intermediate_40298_1972_Molise.csv ../test/tot_addetti_by_sector_intermediate_40468_1986_Marche.csv ../test/tot_addetti_by_sector_intermediate_40486_1987_Veneto.csv ../test/tot_addetti_by_sector_intermediate_40488_1987_Piemonte.csv ../test/tot_addetti_by_sector_intermediate_40563_1994_Emilia-Romagna.csv ../test/tot_addetti_by_sector_intermediate_40626_1999_Emilia-Romagna.csv ../test/tot_addetti_by_sector_intermediate_40634_2000_Campania.csv
----------------------------------------------

The job was done in 893 seconds

Tue Mar 25 19:03:15 CET 2025
end of job
